{"total": {"lines":{"total":25520,"covered":12074,"skipped":0,"pct":47.31},"statements":{"total":25520,"covered":12074,"skipped":0,"pct":47.31},"functions":{"total":594,"covered":127,"skipped":0,"pct":21.38},"branches":{"total":923,"covered":481,"skipped":0,"pct":52.11},"branchesTrue":{"total":0,"covered":0,"skipped":0,"pct":100}}
,"/Users/maximilianroell/workspace/plentyshop-pwa/apps/web/app.vue": {"lines":{"total":62,"covered":0,"skipped":0,"pct":0},"functions":{"total":1,"covered":0,"skipped":0,"pct":0},"statements":{"total":62,"covered":0,"skipped":0,"pct":0},"branches":{"total":1,"covered":0,"skipped":0,"pct":0}}
,"/Users/maximilianroell/workspace/plentyshop-pwa/apps/web/cookie-scripts.config.ts": {"lines":{"total":12,"covered":10,"skipped":0,"pct":83.33},"functions":{"total":1,"covered":0,"skipped":0,"pct":0},"statements":{"total":12,"covered":10,"skipped":0,"pct":83.33},"branches":{"total":0,"covered":0,"skipped":0,"pct":100}}
,"/Users/maximilianroell/workspace/plentyshop-pwa/apps/web/nuxt.config.ts": {"lines":{"total":222,"covered":0,"skipped":0,"pct":0},"functions":{"total":1,"covered":0,"skipped":0,"pct":0},"statements":{"total":222,"covered":0,"skipped":0,"pct":0},"branches":{"total":1,"covered":0,"skipped":0,"pct":0}}
,"/Users/maximilianroell/workspace/plentyshop-pwa/apps/web/sdk.client.ts": {"lines":{"total":63,"covered":46,"skipped":0,"pct":73.01},"functions":{"total":3,"covered":2,"skipped":0,"pct":66.66},"statements":{"total":63,"covered":46,"skipped":0,"pct":73.01},"branches":{"total":14,"covered":4,"skipped":0,"pct":28.57}}
,"/Users/maximilianroell/workspace/plentyshop-pwa/apps/web/sdk.config.ts": {"lines":{"total":12,"covered":12,"skipped":0,"pct":100},"functions":{"total":0,"covered":0,"skipped":0,"pct":100},"statements":{"total":12,"covered":12,"skipped":0,"pct":100},"branches":{"total":1,"covered":1,"skipped":0,"pct":100}}
,"/Users/maximilianroell/workspace/plentyshop-pwa/apps/web/components/AccountData/AccountData.vue": {"lines":{"total":20,"covered":20,"skipped":0,"pct":100},"functions":{"total":1,"covered":0,"skipped":0,"pct":0},"statements":{"total":20,"covered":20,"skipped":0,"pct":100},"branches":{"total":0,"covered":0,"skipped":0,"pct":100}}
,"/Users/maximilianroell/workspace/plentyshop-pwa/apps/web/components/AccountData/types.ts": {"lines":{"total":5,"covered":0,"skipped":0,"pct":0},"functions":{"total":1,"covered":0,"skipped":0,"pct":0},"statements":{"total":5,"covered":0,"skipped":0,"pct":0},"branches":{"total":1,"covered":0,"skipped":0,"pct":0}}
,"/Users/maximilianroell/workspace/plentyshop-pwa/apps/web/components/AccountForms/AccountFormsName.vue": {"lines":{"total":33,"covered":33,"skipped":0,"pct":100},"functions":{"total":2,"covered":0,"skipped":0,"pct":0},"statements":{"total":33,"covered":33,"skipped":0,"pct":100},"branches":{"total":4,"covered":4,"skipped":0,"pct":100}}
,"/Users/maximilianroell/workspace/plentyshop-pwa/apps/web/components/AccountForms/AccountFormsPassword.vue": {"lines":{"total":88,"covered":86,"skipped":0,"pct":97.72},"functions":{"total":4,"covered":0,"skipped":0,"pct":0},"statements":{"total":88,"covered":86,"skipped":0,"pct":97.72},"branches":{"total":5,"covered":4,"skipped":0,"pct":80}}
,"/Users/maximilianroell/workspace/plentyshop-pwa/apps/web/components/AccountForms/types.ts": {"lines":{"total":13,"covered":0,"skipped":0,"pct":0},"functions":{"total":1,"covered":0,"skipped":0,"pct":0},"statements":{"total":13,"covered":0,"skipped":0,"pct":0},"branches":{"total":1,"covered":0,"skipped":0,"pct":0}}
,"/Users/maximilianroell/workspace/plentyshop-pwa/apps/web/components/Address/Address.vue": {"lines":{"total":52,"covered":0,"skipped":0,"pct":0},"functions":{"total":1,"covered":0,"skipped":0,"pct":0},"statements":{"total":52,"covered":0,"skipped":0,"pct":0},"branches":{"total":1,"covered":0,"skipped":0,"pct":0}}
,"/Users/maximilianroell/workspace/plentyshop-pwa/apps/web/components/Address/types.ts": {"lines":{"total":8,"covered":0,"skipped":0,"pct":0},"functions":{"total":1,"covered":0,"skipped":0,"pct":0},"statements":{"total":8,"covered":0,"skipped":0,"pct":0},"branches":{"total":1,"covered":0,"skipped":0,"pct":0}}
,"/Users/maximilianroell/workspace/plentyshop-pwa/apps/web/components/AddressContainer/AddressContainer.vue": {"lines":{"total":135,"covered":0,"skipped":0,"pct":0},"functions":{"total":1,"covered":0,"skipped":0,"pct":0},"statements":{"total":135,"covered":0,"skipped":0,"pct":0},"branches":{"total":1,"covered":0,"skipped":0,"pct":0}}
,"/Users/maximilianroell/workspace/plentyshop-pwa/apps/web/components/AddressContainer/types.ts": {"lines":{"total":6,"covered":0,"skipped":0,"pct":0},"functions":{"total":1,"covered":0,"skipped":0,"pct":0},"statements":{"total":6,"covered":0,"skipped":0,"pct":0},"branches":{"total":1,"covered":0,"skipped":0,"pct":0}}
,"/Users/maximilianroell/workspace/plentyshop-pwa/apps/web/components/AddressDisplay/AddressDisplay.vue": {"lines":{"total":30,"covered":0,"skipped":0,"pct":0},"functions":{"total":1,"covered":0,"skipped":0,"pct":0},"statements":{"total":30,"covered":0,"skipped":0,"pct":0},"branches":{"total":1,"covered":0,"skipped":0,"pct":0}}
,"/Users/maximilianroell/workspace/plentyshop-pwa/apps/web/components/AddressDisplay/types.ts": {"lines":{"total":5,"covered":0,"skipped":0,"pct":0},"functions":{"total":1,"covered":0,"skipped":0,"pct":0},"statements":{"total":5,"covered":0,"skipped":0,"pct":0},"branches":{"total":1,"covered":0,"skipped":0,"pct":0}}
,"/Users/maximilianroell/workspace/plentyshop-pwa/apps/web/components/AddressForm/AddressForm.vue": {"lines":{"total":164,"covered":134,"skipped":0,"pct":81.7},"functions":{"total":12,"covered":0,"skipped":0,"pct":0},"statements":{"total":164,"covered":134,"skipped":0,"pct":81.7},"branches":{"total":4,"covered":2,"skipped":0,"pct":50}}
,"/Users/maximilianroell/workspace/plentyshop-pwa/apps/web/components/AddressForm/types.ts": {"lines":{"total":7,"covered":0,"skipped":0,"pct":0},"functions":{"total":1,"covered":0,"skipped":0,"pct":0},"statements":{"total":7,"covered":0,"skipped":0,"pct":0},"branches":{"total":1,"covered":0,"skipped":0,"pct":0}}
,"/Users/maximilianroell/workspace/plentyshop-pwa/apps/web/components/AddressFormBilling/AddressFormBilling.vue": {"lines":{"total":201,"covered":0,"skipped":0,"pct":0},"functions":{"total":1,"covered":0,"skipped":0,"pct":0},"statements":{"total":201,"covered":0,"skipped":0,"pct":0},"branches":{"total":1,"covered":0,"skipped":0,"pct":0}}
,"/Users/maximilianroell/workspace/plentyshop-pwa/apps/web/components/AddressFormBilling/types.ts": {"lines":{"total":6,"covered":0,"skipped":0,"pct":0},"functions":{"total":1,"covered":0,"skipped":0,"pct":0},"statements":{"total":6,"covered":0,"skipped":0,"pct":0},"branches":{"total":1,"covered":0,"skipped":0,"pct":0}}
,"/Users/maximilianroell/workspace/plentyshop-pwa/apps/web/components/AddressFormShipping/AddressFormShipping.vue": {"lines":{"total":253,"covered":0,"skipped":0,"pct":0},"functions":{"total":1,"covered":0,"skipped":0,"pct":0},"statements":{"total":253,"covered":0,"skipped":0,"pct":0},"branches":{"total":1,"covered":0,"skipped":0,"pct":0}}
,"/Users/maximilianroell/workspace/plentyshop-pwa/apps/web/components/AddressFormShipping/types.ts": {"lines":{"total":6,"covered":0,"skipped":0,"pct":0},"functions":{"total":1,"covered":0,"skipped":0,"pct":0},"statements":{"total":6,"covered":0,"skipped":0,"pct":0},"branches":{"total":1,"covered":0,"skipped":0,"pct":0}}
,"/Users/maximilianroell/workspace/plentyshop-pwa/apps/web/components/AddressSelect/AddressSelect.vue": {"lines":{"total":142,"covered":0,"skipped":0,"pct":0},"functions":{"total":1,"covered":0,"skipped":0,"pct":0},"statements":{"total":142,"covered":0,"skipped":0,"pct":0},"branches":{"total":1,"covered":0,"skipped":0,"pct":0}}
,"/Users/maximilianroell/workspace/plentyshop-pwa/apps/web/components/AddressSelect/types.ts": {"lines":{"total":9,"covered":0,"skipped":0,"pct":0},"functions":{"total":1,"covered":0,"skipped":0,"pct":0},"statements":{"total":9,"covered":0,"skipped":0,"pct":0},"branches":{"total":1,"covered":0,"skipped":0,"pct":0}}
,"/Users/maximilianroell/workspace/plentyshop-pwa/apps/web/components/AddressesList/AddressesList.vue": {"lines":{"total":100,"covered":0,"skipped":0,"pct":0},"functions":{"total":1,"covered":0,"skipped":0,"pct":0},"statements":{"total":100,"covered":0,"skipped":0,"pct":0},"branches":{"total":1,"covered":0,"skipped":0,"pct":0}}
,"/Users/maximilianroell/workspace/plentyshop-pwa/apps/web/components/AddressesList/types.ts": {"lines":{"total":7,"covered":0,"skipped":0,"pct":0},"functions":{"total":1,"covered":0,"skipped":0,"pct":0},"statements":{"total":7,"covered":0,"skipped":0,"pct":0},"branches":{"total":1,"covered":0,"skipped":0,"pct":0}}
,"/Users/maximilianroell/workspace/plentyshop-pwa/apps/web/components/BasePrice/BasePrice.vue": {"lines":{"total":10,"covered":10,"skipped":0,"pct":100},"functions":{"total":0,"covered":0,"skipped":0,"pct":100},"statements":{"total":10,"covered":10,"skipped":0,"pct":100},"branches":{"total":0,"covered":0,"skipped":0,"pct":100}}
,"/Users/maximilianroell/workspace/plentyshop-pwa/apps/web/components/BasePrice/types.ts": {"lines":{"total":5,"covered":0,"skipped":0,"pct":0},"functions":{"total":1,"covered":0,"skipped":0,"pct":0},"statements":{"total":5,"covered":0,"skipped":0,"pct":0},"branches":{"total":1,"covered":0,"skipped":0,"pct":0}}
,"/Users/maximilianroell/workspace/plentyshop-pwa/apps/web/components/BasePriceInLine/BasePriceInLine.vue": {"lines":{"total":10,"covered":10,"skipped":0,"pct":100},"functions":{"total":0,"covered":0,"skipped":0,"pct":100},"statements":{"total":10,"covered":10,"skipped":0,"pct":100},"branches":{"total":0,"covered":0,"skipped":0,"pct":100}}
,"/Users/maximilianroell/workspace/plentyshop-pwa/apps/web/components/BasePriceInLine/types.ts": {"lines":{"total":5,"covered":0,"skipped":0,"pct":0},"functions":{"total":1,"covered":0,"skipped":0,"pct":0},"statements":{"total":5,"covered":0,"skipped":0,"pct":0},"branches":{"total":1,"covered":0,"skipped":0,"pct":0}}
,"/Users/maximilianroell/workspace/plentyshop-pwa/apps/web/components/BlocksNavigation/BlocksNavigation.vue": {"lines":{"total":6,"covered":0,"skipped":0,"pct":0},"functions":{"total":1,"covered":0,"skipped":0,"pct":0},"statements":{"total":6,"covered":0,"skipped":0,"pct":0},"branches":{"total":1,"covered":0,"skipped":0,"pct":0}}
,"/Users/maximilianroell/workspace/plentyshop-pwa/apps/web/components/BlocksNavigationHeader/BlocksNavigationHeader.vue": {"lines":{"total":13,"covered":0,"skipped":0,"pct":0},"functions":{"total":1,"covered":0,"skipped":0,"pct":0},"statements":{"total":13,"covered":0,"skipped":0,"pct":0},"branches":{"total":1,"covered":0,"skipped":0,"pct":0}}
,"/Users/maximilianroell/workspace/plentyshop-pwa/apps/web/components/BlocksNavigationList/BlocksNavigationList.vue": {"lines":{"total":28,"covered":0,"skipped":0,"pct":0},"functions":{"total":1,"covered":0,"skipped":0,"pct":0},"statements":{"total":28,"covered":0,"skipped":0,"pct":0},"branches":{"total":1,"covered":0,"skipped":0,"pct":0}}
,"/Users/maximilianroell/workspace/plentyshop-pwa/apps/web/components/BlocksNavigationList/blocksLists.ts": {"lines":{"total":67,"covered":0,"skipped":0,"pct":0},"functions":{"total":1,"covered":0,"skipped":0,"pct":0},"statements":{"total":67,"covered":0,"skipped":0,"pct":0},"branches":{"total":1,"covered":0,"skipped":0,"pct":0}}
,"/Users/maximilianroell/workspace/plentyshop-pwa/apps/web/components/BundleOrderItems/BundleOrderItems.vue": {"lines":{"total":68,"covered":68,"skipped":0,"pct":100},"functions":{"total":0,"covered":0,"skipped":0,"pct":100},"statements":{"total":68,"covered":68,"skipped":0,"pct":100},"branches":{"total":0,"covered":0,"skipped":0,"pct":100}}
,"/Users/maximilianroell/workspace/plentyshop-pwa/apps/web/components/BundleOrderItems/types.ts": {"lines":{"total":5,"covered":0,"skipped":0,"pct":0},"functions":{"total":1,"covered":0,"skipped":0,"pct":0},"statements":{"total":5,"covered":0,"skipped":0,"pct":0},"branches":{"total":1,"covered":0,"skipped":0,"pct":0}}
,"/Users/maximilianroell/workspace/plentyshop-pwa/apps/web/components/CartOrderProperty/CartOrderProperty.vue": {"lines":{"total":51,"covered":0,"skipped":0,"pct":0},"functions":{"total":1,"covered":0,"skipped":0,"pct":0},"statements":{"total":51,"covered":0,"skipped":0,"pct":0},"branches":{"total":1,"covered":0,"skipped":0,"pct":0}}
,"/Users/maximilianroell/workspace/plentyshop-pwa/apps/web/components/CartOrderProperty/types.ts": {"lines":{"total":6,"covered":0,"skipped":0,"pct":0},"functions":{"total":1,"covered":0,"skipped":0,"pct":0},"statements":{"total":6,"covered":0,"skipped":0,"pct":0},"branches":{"total":1,"covered":0,"skipped":0,"pct":0}}
,"/Users/maximilianroell/workspace/plentyshop-pwa/apps/web/components/CategoryEmptyState/CategoryEmptyState.vue": {"lines":{"total":24,"covered":24,"skipped":0,"pct":100},"functions":{"total":0,"covered":0,"skipped":0,"pct":100},"statements":{"total":24,"covered":24,"skipped":0,"pct":100},"branches":{"total":0,"covered":0,"skipped":0,"pct":100}}
,"/Users/maximilianroell/workspace/plentyshop-pwa/apps/web/components/CategoryFilters/CategoryFilters.vue": {"lines":{"total":19,"covered":19,"skipped":0,"pct":100},"functions":{"total":0,"covered":0,"skipped":0,"pct":100},"statements":{"total":19,"covered":19,"skipped":0,"pct":100},"branches":{"total":0,"covered":0,"skipped":0,"pct":100}}
,"/Users/maximilianroell/workspace/plentyshop-pwa/apps/web/components/CategoryFilters/Filter.vue": {"lines":{"total":163,"covered":116,"skipped":0,"pct":71.16},"functions":{"total":7,"covered":1,"skipped":0,"pct":14.28},"statements":{"total":163,"covered":116,"skipped":0,"pct":71.16},"branches":{"total":17,"covered":11,"skipped":0,"pct":64.7}}
,"/Users/maximilianroell/workspace/plentyshop-pwa/apps/web/components/CategoryFilters/types.ts": {"lines":{"total":9,"covered":0,"skipped":0,"pct":0},"functions":{"total":1,"covered":0,"skipped":0,"pct":0},"statements":{"total":9,"covered":0,"skipped":0,"pct":0},"branches":{"total":1,"covered":0,"skipped":0,"pct":0}}
,"/Users/maximilianroell/workspace/plentyshop-pwa/apps/web/components/CategoryItemsPerPage/CategoryItemsPerPage.vue": {"lines":{"total":60,"covered":59,"skipped":0,"pct":98.33},"functions":{"total":2,"covered":0,"skipped":0,"pct":0},"statements":{"total":60,"covered":59,"skipped":0,"pct":98.33},"branches":{"total":7,"covered":5,"skipped":0,"pct":71.42}}
,"/Users/maximilianroell/workspace/plentyshop-pwa/apps/web/components/CategoryItemsPerPage/types.ts": {"lines":{"total":8,"covered":0,"skipped":0,"pct":0},"functions":{"total":1,"covered":0,"skipped":0,"pct":0},"statements":{"total":8,"covered":0,"skipped":0,"pct":0},"branches":{"total":1,"covered":0,"skipped":0,"pct":0}}
,"/Users/maximilianroell/workspace/plentyshop-pwa/apps/web/components/CategoryPageContent/CategoryPageContent.vue": {"lines":{"total":114,"covered":30,"skipped":0,"pct":26.31},"functions":{"total":1,"covered":0,"skipped":0,"pct":0},"statements":{"total":114,"covered":30,"skipped":0,"pct":26.31},"branches":{"total":4,"covered":2,"skipped":0,"pct":50}}
,"/Users/maximilianroell/workspace/plentyshop-pwa/apps/web/components/CategoryPageContent/types.ts": {"lines":{"total":8,"covered":0,"skipped":0,"pct":0},"functions":{"total":1,"covered":0,"skipped":0,"pct":0},"statements":{"total":8,"covered":0,"skipped":0,"pct":0},"branches":{"total":1,"covered":0,"skipped":0,"pct":0}}
,"/Users/maximilianroell/workspace/plentyshop-pwa/apps/web/components/CategorySidebar/CategorySidebar.vue": {"lines":{"total":44,"covered":44,"skipped":0,"pct":100},"functions":{"total":2,"covered":0,"skipped":0,"pct":0},"statements":{"total":44,"covered":44,"skipped":0,"pct":100},"branches":{"total":0,"covered":0,"skipped":0,"pct":100}}
,"/Users/maximilianroell/workspace/plentyshop-pwa/apps/web/components/CategorySidebar/types.ts": {"lines":{"total":5,"covered":0,"skipped":0,"pct":0},"functions":{"total":1,"covered":0,"skipped":0,"pct":0},"statements":{"total":5,"covered":0,"skipped":0,"pct":0},"branches":{"total":1,"covered":0,"skipped":0,"pct":0}}
,"/Users/maximilianroell/workspace/plentyshop-pwa/apps/web/components/CategorySorting/CategorySorting.vue": {"lines":{"total":67,"covered":62,"skipped":0,"pct":92.53},"functions":{"total":3,"covered":1,"skipped":0,"pct":33.33},"statements":{"total":67,"covered":62,"skipped":0,"pct":92.53},"branches":{"total":2,"covered":2,"skipped":0,"pct":100}}
,"/Users/maximilianroell/workspace/plentyshop-pwa/apps/web/components/CategoryTree/CategoryTree.vue": {"lines":{"total":51,"covered":50,"skipped":0,"pct":98.03},"functions":{"total":0,"covered":0,"skipped":0,"pct":100},"statements":{"total":51,"covered":50,"skipped":0,"pct":98.03},"branches":{"total":3,"covered":2,"skipped":0,"pct":66.66}}
,"/Users/maximilianroell/workspace/plentyshop-pwa/apps/web/components/CategoryTree/CategoryTreeItem.vue": {"lines":{"total":30,"covered":30,"skipped":0,"pct":100},"functions":{"total":0,"covered":0,"skipped":0,"pct":100},"statements":{"total":30,"covered":30,"skipped":0,"pct":100},"branches":{"total":0,"covered":0,"skipped":0,"pct":100}}
,"/Users/maximilianroell/workspace/plentyshop-pwa/apps/web/components/CategoryTree/types.ts": {"lines":{"total":12,"covered":0,"skipped":0,"pct":0},"functions":{"total":1,"covered":0,"skipped":0,"pct":0},"statements":{"total":12,"covered":0,"skipped":0,"pct":0},"branches":{"total":1,"covered":0,"skipped":0,"pct":0}}
,"/Users/maximilianroell/workspace/plentyshop-pwa/apps/web/components/CheckoutGeneralTerms/CheckoutGeneralTerms.vue": {"lines":{"total":58,"covered":0,"skipped":0,"pct":0},"functions":{"total":1,"covered":0,"skipped":0,"pct":0},"statements":{"total":58,"covered":0,"skipped":0,"pct":0},"branches":{"total":1,"covered":0,"skipped":0,"pct":0}}
,"/Users/maximilianroell/workspace/plentyshop-pwa/apps/web/components/CheckoutPayment/CheckoutPayment.vue": {"lines":{"total":80,"covered":64,"skipped":0,"pct":80},"functions":{"total":3,"covered":0,"skipped":0,"pct":0},"statements":{"total":80,"covered":64,"skipped":0,"pct":80},"branches":{"total":1,"covered":0,"skipped":0,"pct":0}}
,"/Users/maximilianroell/workspace/plentyshop-pwa/apps/web/components/CheckoutPayment/types.ts": {"lines":{"total":5,"covered":0,"skipped":0,"pct":0},"functions":{"total":1,"covered":0,"skipped":0,"pct":0},"statements":{"total":5,"covered":0,"skipped":0,"pct":0},"branches":{"total":1,"covered":0,"skipped":0,"pct":0}}
,"/Users/maximilianroell/workspace/plentyshop-pwa/apps/web/components/ConfirmationPageContent/ConfirmationPageContent.vue": {"lines":{"total":109,"covered":0,"skipped":0,"pct":0},"functions":{"total":1,"covered":0,"skipped":0,"pct":0},"statements":{"total":109,"covered":0,"skipped":0,"pct":0},"branches":{"total":1,"covered":0,"skipped":0,"pct":0}}
,"/Users/maximilianroell/workspace/plentyshop-pwa/apps/web/components/ConfirmationPageContent/types.ts": {"lines":{"total":5,"covered":0,"skipped":0,"pct":0},"functions":{"total":1,"covered":0,"skipped":0,"pct":0},"statements":{"total":5,"covered":0,"skipped":0,"pct":0},"branches":{"total":1,"covered":0,"skipped":0,"pct":0}}
,"/Users/maximilianroell/workspace/plentyshop-pwa/apps/web/components/ContactInformation/ContactInformation.vue": {"lines":{"total":72,"covered":50,"skipped":0,"pct":69.44},"functions":{"total":3,"covered":1,"skipped":0,"pct":33.33},"statements":{"total":72,"covered":50,"skipped":0,"pct":69.44},"branches":{"total":10,"covered":1,"skipped":0,"pct":10}}
,"/Users/maximilianroell/workspace/plentyshop-pwa/apps/web/components/ContactInformation/ContactInformationForm.vue": {"lines":{"total":61,"covered":60,"skipped":0,"pct":98.36},"functions":{"total":1,"covered":0,"skipped":0,"pct":0},"statements":{"total":61,"covered":60,"skipped":0,"pct":98.36},"branches":{"total":3,"covered":2,"skipped":0,"pct":66.66}}
,"/Users/maximilianroell/workspace/plentyshop-pwa/apps/web/components/ContactInformation/types.ts": {"lines":{"total":3,"covered":0,"skipped":0,"pct":0},"functions":{"total":1,"covered":0,"skipped":0,"pct":0},"statements":{"total":3,"covered":0,"skipped":0,"pct":0},"branches":{"total":1,"covered":0,"skipped":0,"pct":0}}
,"/Users/maximilianroell/workspace/plentyshop-pwa/apps/web/components/Cookiebar/Cookiebar.vue": {"lines":{"total":201,"covered":0,"skipped":0,"pct":0},"functions":{"total":1,"covered":0,"skipped":0,"pct":0},"statements":{"total":201,"covered":0,"skipped":0,"pct":0},"branches":{"total":1,"covered":0,"skipped":0,"pct":0}}
,"/Users/maximilianroell/workspace/plentyshop-pwa/apps/web/components/Coupon/Coupon.vue": {"lines":{"total":76,"covered":0,"skipped":0,"pct":0},"functions":{"total":1,"covered":0,"skipped":0,"pct":0},"statements":{"total":76,"covered":0,"skipped":0,"pct":0},"branches":{"total":1,"covered":0,"skipped":0,"pct":0}}
,"/Users/maximilianroell/workspace/plentyshop-pwa/apps/web/components/Drift/Drift.vue": {"lines":{"total":40,"covered":40,"skipped":0,"pct":100},"functions":{"total":0,"covered":0,"skipped":0,"pct":100},"statements":{"total":40,"covered":40,"skipped":0,"pct":100},"branches":{"total":0,"covered":0,"skipped":0,"pct":100}}
,"/Users/maximilianroell/workspace/plentyshop-pwa/apps/web/components/Drift/types.ts": {"lines":{"total":3,"covered":0,"skipped":0,"pct":0},"functions":{"total":1,"covered":0,"skipped":0,"pct":0},"statements":{"total":3,"covered":0,"skipped":0,"pct":0},"branches":{"total":1,"covered":0,"skipped":0,"pct":0}}
,"/Users/maximilianroell/workspace/plentyshop-pwa/apps/web/components/Editor/Editor.vue": {"lines":{"total":64,"covered":64,"skipped":0,"pct":100},"functions":{"total":0,"covered":0,"skipped":0,"pct":100},"statements":{"total":64,"covered":64,"skipped":0,"pct":100},"branches":{"total":0,"covered":0,"skipped":0,"pct":100}}
,"/Users/maximilianroell/workspace/plentyshop-pwa/apps/web/components/EmptyBlock/EmptyBlock.vue": {"lines":{"total":18,"covered":18,"skipped":0,"pct":100},"functions":{"total":0,"covered":0,"skipped":0,"pct":100},"statements":{"total":18,"covered":18,"skipped":0,"pct":100},"branches":{"total":0,"covered":0,"skipped":0,"pct":100}}
,"/Users/maximilianroell/workspace/plentyshop-pwa/apps/web/components/Gallery/Gallery.vue": {"lines":{"total":173,"covered":166,"skipped":0,"pct":95.95},"functions":{"total":5,"covered":4,"skipped":0,"pct":80},"statements":{"total":173,"covered":166,"skipped":0,"pct":95.95},"branches":{"total":14,"covered":8,"skipped":0,"pct":57.14}}
,"/Users/maximilianroell/workspace/plentyshop-pwa/apps/web/components/GraduatedPriceList/GraduatedPriceList.vue": {"lines":{"total":42,"covered":41,"skipped":0,"pct":97.61},"functions":{"total":0,"covered":0,"skipped":0,"pct":100},"statements":{"total":42,"covered":41,"skipped":0,"pct":97.61},"branches":{"total":2,"covered":1,"skipped":0,"pct":50}}
,"/Users/maximilianroell/workspace/plentyshop-pwa/apps/web/components/GraduatedPriceList/types.ts": {"lines":{"total":6,"covered":0,"skipped":0,"pct":0},"functions":{"total":1,"covered":0,"skipped":0,"pct":0},"statements":{"total":6,"covered":0,"skipped":0,"pct":0},"branches":{"total":1,"covered":0,"skipped":0,"pct":0}}
,"/Users/maximilianroell/workspace/plentyshop-pwa/apps/web/components/GuestLogin/GuestLogin.vue": {"lines":{"total":81,"covered":0,"skipped":0,"pct":0},"functions":{"total":1,"covered":0,"skipped":0,"pct":0},"statements":{"total":81,"covered":0,"skipped":0,"pct":0},"branches":{"total":1,"covered":0,"skipped":0,"pct":0}}
,"/Users/maximilianroell/workspace/plentyshop-pwa/apps/web/components/HeaderWithLink/HeaderWithLink.vue": {"lines":{"total":31,"covered":0,"skipped":0,"pct":0},"functions":{"total":1,"covered":0,"skipped":0,"pct":0},"statements":{"total":31,"covered":0,"skipped":0,"pct":0},"branches":{"total":1,"covered":0,"skipped":0,"pct":0}}
,"/Users/maximilianroell/workspace/plentyshop-pwa/apps/web/components/HeaderWithLink/types.ts": {"lines":{"total":6,"covered":0,"skipped":0,"pct":0},"functions":{"total":1,"covered":0,"skipped":0,"pct":0},"statements":{"total":6,"covered":0,"skipped":0,"pct":0},"branches":{"total":1,"covered":0,"skipped":0,"pct":0}}
,"/Users/maximilianroell/workspace/plentyshop-pwa/apps/web/components/Heading/Heading.vue": {"lines":{"total":12,"covered":12,"skipped":0,"pct":100},"functions":{"total":0,"covered":0,"skipped":0,"pct":100},"statements":{"total":12,"covered":12,"skipped":0,"pct":100},"branches":{"total":1,"covered":1,"skipped":0,"pct":100}}
,"/Users/maximilianroell/workspace/plentyshop-pwa/apps/web/components/Heading/types.ts": {"lines":{"total":5,"covered":0,"skipped":0,"pct":0},"functions":{"total":1,"covered":0,"skipped":0,"pct":0},"statements":{"total":5,"covered":0,"skipped":0,"pct":0},"branches":{"total":1,"covered":0,"skipped":0,"pct":0}}
,"/Users/maximilianroell/workspace/plentyshop-pwa/apps/web/components/LanguageButton/LanguageButton.vue": {"lines":{"total":16,"covered":0,"skipped":0,"pct":0},"functions":{"total":1,"covered":0,"skipped":0,"pct":0},"statements":{"total":16,"covered":0,"skipped":0,"pct":0},"branches":{"total":1,"covered":0,"skipped":0,"pct":0}}
,"/Users/maximilianroell/workspace/plentyshop-pwa/apps/web/components/LanguageSelector/LanguageSelector.vue": {"lines":{"total":50,"covered":0,"skipped":0,"pct":0},"functions":{"total":1,"covered":0,"skipped":0,"pct":0},"statements":{"total":50,"covered":0,"skipped":0,"pct":0},"branches":{"total":1,"covered":0,"skipped":0,"pct":0}}
,"/Users/maximilianroell/workspace/plentyshop-pwa/apps/web/components/LanguageSelector/flags.ts": {"lines":{"total":61,"covered":0,"skipped":0,"pct":0},"functions":{"total":1,"covered":0,"skipped":0,"pct":0},"statements":{"total":61,"covered":0,"skipped":0,"pct":0},"branches":{"total":1,"covered":0,"skipped":0,"pct":0}}
,"/Users/maximilianroell/workspace/plentyshop-pwa/apps/web/components/LoginComponent/LoginComponent.vue": {"lines":{"total":52,"covered":0,"skipped":0,"pct":0},"functions":{"total":1,"covered":0,"skipped":0,"pct":0},"statements":{"total":52,"covered":0,"skipped":0,"pct":0},"branches":{"total":1,"covered":0,"skipped":0,"pct":0}}
,"/Users/maximilianroell/workspace/plentyshop-pwa/apps/web/components/LoginComponent/types.ts": {"lines":{"total":5,"covered":0,"skipped":0,"pct":0},"functions":{"total":1,"covered":0,"skipped":0,"pct":0},"statements":{"total":5,"covered":0,"skipped":0,"pct":0},"branches":{"total":1,"covered":0,"skipped":0,"pct":0}}
,"/Users/maximilianroell/workspace/plentyshop-pwa/apps/web/components/LowestPrice/LowestPrice.vue": {"lines":{"total":19,"covered":18,"skipped":0,"pct":94.73},"functions":{"total":0,"covered":0,"skipped":0,"pct":100},"statements":{"total":19,"covered":18,"skipped":0,"pct":94.73},"branches":{"total":5,"covered":2,"skipped":0,"pct":40}}
,"/Users/maximilianroell/workspace/plentyshop-pwa/apps/web/components/LowestPrice/types.ts": {"lines":{"total":5,"covered":0,"skipped":0,"pct":0},"functions":{"total":1,"covered":0,"skipped":0,"pct":0},"statements":{"total":5,"covered":0,"skipped":0,"pct":0},"branches":{"total":1,"covered":0,"skipped":0,"pct":0}}
,"/Users/maximilianroell/workspace/plentyshop-pwa/apps/web/components/ManufacturerInformation/ManufacturerInformation.vue": {"lines":{"total":70,"covered":0,"skipped":0,"pct":0},"functions":{"total":1,"covered":0,"skipped":0,"pct":0},"statements":{"total":70,"covered":0,"skipped":0,"pct":0},"branches":{"total":1,"covered":0,"skipped":0,"pct":0}}
,"/Users/maximilianroell/workspace/plentyshop-pwa/apps/web/components/ManufacturerInformation/types.ts": {"lines":{"total":5,"covered":0,"skipped":0,"pct":0},"functions":{"total":1,"covered":0,"skipped":0,"pct":0},"statements":{"total":5,"covered":0,"skipped":0,"pct":0},"branches":{"total":1,"covered":0,"skipped":0,"pct":0}}
,"/Users/maximilianroell/workspace/plentyshop-pwa/apps/web/components/ManufacturerResponsibleInfo/ManufacturerResponsibleInfo.vue": {"lines":{"total":73,"covered":0,"skipped":0,"pct":0},"functions":{"total":1,"covered":0,"skipped":0,"pct":0},"statements":{"total":73,"covered":0,"skipped":0,"pct":0},"branches":{"total":1,"covered":0,"skipped":0,"pct":0}}
,"/Users/maximilianroell/workspace/plentyshop-pwa/apps/web/components/ManufacturerResponsibleInfo/types.ts": {"lines":{"total":5,"covered":0,"skipped":0,"pct":0},"functions":{"total":1,"covered":0,"skipped":0,"pct":0},"statements":{"total":5,"covered":0,"skipped":0,"pct":0},"branches":{"total":1,"covered":0,"skipped":0,"pct":0}}
,"/Users/maximilianroell/workspace/plentyshop-pwa/apps/web/components/MegaMenu/MegaMenu.vue": {"lines":{"total":276,"covered":0,"skipped":0,"pct":0},"functions":{"total":1,"covered":0,"skipped":0,"pct":0},"statements":{"total":276,"covered":0,"skipped":0,"pct":0},"branches":{"total":1,"covered":0,"skipped":0,"pct":0}}
,"/Users/maximilianroell/workspace/plentyshop-pwa/apps/web/components/MegaMenu/types.ts": {"lines":{"total":5,"covered":0,"skipped":0,"pct":0},"functions":{"total":1,"covered":0,"skipped":0,"pct":0},"statements":{"total":5,"covered":0,"skipped":0,"pct":0},"branches":{"total":1,"covered":0,"skipped":0,"pct":0}}
,"/Users/maximilianroell/workspace/plentyshop-pwa/apps/web/components/ModuleComponentRendering/ModuleComponentRendering.vue": {"lines":{"total":10,"covered":0,"skipped":0,"pct":0},"functions":{"total":1,"covered":0,"skipped":0,"pct":0},"statements":{"total":10,"covered":0,"skipped":0,"pct":0},"branches":{"total":1,"covered":0,"skipped":0,"pct":0}}
,"/Users/maximilianroell/workspace/plentyshop-pwa/apps/web/components/ModuleComponentRendering/types.ts": {"lines":{"total":3,"covered":0,"skipped":0,"pct":0},"functions":{"total":1,"covered":0,"skipped":0,"pct":0},"statements":{"total":3,"covered":0,"skipped":0,"pct":0},"branches":{"total":1,"covered":0,"skipped":0,"pct":0}}
,"/Users/maximilianroell/workspace/plentyshop-pwa/apps/web/components/NarrowContainer/NarrowContainer.vue": {"lines":{"total":5,"covered":5,"skipped":0,"pct":100},"functions":{"total":0,"covered":0,"skipped":0,"pct":100},"statements":{"total":5,"covered":5,"skipped":0,"pct":100},"branches":{"total":0,"covered":0,"skipped":0,"pct":100}}
,"/Users/maximilianroell/workspace/plentyshop-pwa/apps/web/components/NewsletterSubscribe/NewsletterSubscribe.vue": {"lines":{"total":197,"covered":197,"skipped":0,"pct":100},"functions":{"total":0,"covered":0,"skipped":0,"pct":100},"statements":{"total":197,"covered":197,"skipped":0,"pct":100},"branches":{"total":0,"covered":0,"skipped":0,"pct":100}}
,"/Users/maximilianroell/workspace/plentyshop-pwa/apps/web/components/NewsletterSubscribe/types.ts": {"lines":{"total":14,"covered":0,"skipped":0,"pct":0},"functions":{"total":1,"covered":0,"skipped":0,"pct":0},"statements":{"total":14,"covered":0,"skipped":0,"pct":0},"branches":{"total":1,"covered":0,"skipped":0,"pct":0}}
,"/Users/maximilianroell/workspace/plentyshop-pwa/apps/web/components/OfferPageContent/OfferPageContent.vue": {"lines":{"total":242,"covered":0,"skipped":0,"pct":0},"functions":{"total":1,"covered":0,"skipped":0,"pct":0},"statements":{"total":242,"covered":0,"skipped":0,"pct":0},"branches":{"total":1,"covered":0,"skipped":0,"pct":0}}
,"/Users/maximilianroell/workspace/plentyshop-pwa/apps/web/components/OfferPageContent/types.ts": {"lines":{"total":5,"covered":0,"skipped":0,"pct":0},"functions":{"total":1,"covered":0,"skipped":0,"pct":0},"statements":{"total":5,"covered":0,"skipped":0,"pct":0},"branches":{"total":1,"covered":0,"skipped":0,"pct":0}}
,"/Users/maximilianroell/workspace/plentyshop-pwa/apps/web/components/OrDivider/OrDivider.vue": {"lines":{"total":17,"covered":0,"skipped":0,"pct":0},"functions":{"total":1,"covered":0,"skipped":0,"pct":0},"statements":{"total":17,"covered":0,"skipped":0,"pct":0},"branches":{"total":1,"covered":0,"skipped":0,"pct":0}}
,"/Users/maximilianroell/workspace/plentyshop-pwa/apps/web/components/OrderAddressData/OrderAddressData.vue": {"lines":{"total":24,"covered":0,"skipped":0,"pct":0},"functions":{"total":1,"covered":0,"skipped":0,"pct":0},"statements":{"total":24,"covered":0,"skipped":0,"pct":0},"branches":{"total":1,"covered":0,"skipped":0,"pct":0}}
,"/Users/maximilianroell/workspace/plentyshop-pwa/apps/web/components/OrderAddressData/types.ts": {"lines":{"total":5,"covered":0,"skipped":0,"pct":0},"functions":{"total":1,"covered":0,"skipped":0,"pct":0},"statements":{"total":5,"covered":0,"skipped":0,"pct":0},"branches":{"total":1,"covered":0,"skipped":0,"pct":0}}
,"/Users/maximilianroell/workspace/plentyshop-pwa/apps/web/components/OrderAgain/OrderAgain.vue": {"lines":{"total":278,"covered":0,"skipped":0,"pct":0},"functions":{"total":1,"covered":0,"skipped":0,"pct":0},"statements":{"total":278,"covered":0,"skipped":0,"pct":0},"branches":{"total":1,"covered":0,"skipped":0,"pct":0}}
,"/Users/maximilianroell/workspace/plentyshop-pwa/apps/web/components/OrderAgain/types.ts": {"lines":{"total":5,"covered":0,"skipped":0,"pct":0},"functions":{"total":1,"covered":0,"skipped":0,"pct":0},"statements":{"total":5,"covered":0,"skipped":0,"pct":0},"branches":{"total":1,"covered":0,"skipped":0,"pct":0}}
,"/Users/maximilianroell/workspace/plentyshop-pwa/apps/web/components/OrderAgainButton/OrderAgainButton.vue": {"lines":{"total":14,"covered":0,"skipped":0,"pct":0},"functions":{"total":1,"covered":0,"skipped":0,"pct":0},"statements":{"total":14,"covered":0,"skipped":0,"pct":0},"branches":{"total":1,"covered":0,"skipped":0,"pct":0}}
,"/Users/maximilianroell/workspace/plentyshop-pwa/apps/web/components/OrderAgainButton/types.ts": {"lines":{"total":5,"covered":0,"skipped":0,"pct":0},"functions":{"total":1,"covered":0,"skipped":0,"pct":0},"statements":{"total":5,"covered":0,"skipped":0,"pct":0},"branches":{"total":1,"covered":0,"skipped":0,"pct":0}}
,"/Users/maximilianroell/workspace/plentyshop-pwa/apps/web/components/OrderBankDetails/OrderBankDetails.vue": {"lines":{"total":23,"covered":0,"skipped":0,"pct":0},"functions":{"total":1,"covered":0,"skipped":0,"pct":0},"statements":{"total":23,"covered":0,"skipped":0,"pct":0},"branches":{"total":1,"covered":0,"skipped":0,"pct":0}}
,"/Users/maximilianroell/workspace/plentyshop-pwa/apps/web/components/OrderBankDetails/types.ts": {"lines":{"total":5,"covered":0,"skipped":0,"pct":0},"functions":{"total":1,"covered":0,"skipped":0,"pct":0},"statements":{"total":5,"covered":0,"skipped":0,"pct":0},"branches":{"total":1,"covered":0,"skipped":0,"pct":0}}
,"/Users/maximilianroell/workspace/plentyshop-pwa/apps/web/components/OrderDetails/OrderDetails.vue": {"lines":{"total":50,"covered":0,"skipped":0,"pct":0},"functions":{"total":1,"covered":0,"skipped":0,"pct":0},"statements":{"total":50,"covered":0,"skipped":0,"pct":0},"branches":{"total":1,"covered":0,"skipped":0,"pct":0}}
,"/Users/maximilianroell/workspace/plentyshop-pwa/apps/web/components/OrderDetails/types.ts": {"lines":{"total":5,"covered":0,"skipped":0,"pct":0},"functions":{"total":1,"covered":0,"skipped":0,"pct":0},"statements":{"total":5,"covered":0,"skipped":0,"pct":0},"branches":{"total":1,"covered":0,"skipped":0,"pct":0}}
,"/Users/maximilianroell/workspace/plentyshop-pwa/apps/web/components/OrderDocumentsList/OrderDocumentsList.vue": {"lines":{"total":60,"covered":0,"skipped":0,"pct":0},"functions":{"total":1,"covered":0,"skipped":0,"pct":0},"statements":{"total":60,"covered":0,"skipped":0,"pct":0},"branches":{"total":1,"covered":0,"skipped":0,"pct":0}}
,"/Users/maximilianroell/workspace/plentyshop-pwa/apps/web/components/OrderDocumentsList/types.ts": {"lines":{"total":5,"covered":0,"skipped":0,"pct":0},"functions":{"total":1,"covered":0,"skipped":0,"pct":0},"statements":{"total":5,"covered":0,"skipped":0,"pct":0},"branches":{"total":1,"covered":0,"skipped":0,"pct":0}}
,"/Users/maximilianroell/workspace/plentyshop-pwa/apps/web/components/OrderPaymentSummary/OrderPaymentSummary.vue": {"lines":{"total":25,"covered":0,"skipped":0,"pct":0},"functions":{"total":1,"covered":0,"skipped":0,"pct":0},"statements":{"total":25,"covered":0,"skipped":0,"pct":0},"branches":{"total":1,"covered":0,"skipped":0,"pct":0}}
,"/Users/maximilianroell/workspace/plentyshop-pwa/apps/web/components/OrderPaymentSummary/types.ts": {"lines":{"total":5,"covered":0,"skipped":0,"pct":0},"functions":{"total":1,"covered":0,"skipped":0,"pct":0},"statements":{"total":5,"covered":0,"skipped":0,"pct":0},"branches":{"total":1,"covered":0,"skipped":0,"pct":0}}
,"/Users/maximilianroell/workspace/plentyshop-pwa/apps/web/components/OrderProperties/OrderProperties.vue": {"lines":{"total":61,"covered":61,"skipped":0,"pct":100},"functions":{"total":0,"covered":0,"skipped":0,"pct":100},"statements":{"total":61,"covered":61,"skipped":0,"pct":100},"branches":{"total":0,"covered":0,"skipped":0,"pct":100}}
,"/Users/maximilianroell/workspace/plentyshop-pwa/apps/web/components/OrderProperties/types.ts": {"lines":{"total":9,"covered":0,"skipped":0,"pct":0},"functions":{"total":1,"covered":0,"skipped":0,"pct":0},"statements":{"total":9,"covered":0,"skipped":0,"pct":0},"branches":{"total":1,"covered":0,"skipped":0,"pct":0}}
,"/Users/maximilianroell/workspace/plentyshop-pwa/apps/web/components/OrderPropertyCheckbox/OrderPropertyCheckbox.vue": {"lines":{"total":94,"covered":94,"skipped":0,"pct":100},"functions":{"total":0,"covered":0,"skipped":0,"pct":100},"statements":{"total":94,"covered":94,"skipped":0,"pct":100},"branches":{"total":0,"covered":0,"skipped":0,"pct":100}}
,"/Users/maximilianroell/workspace/plentyshop-pwa/apps/web/components/OrderPropertyCheckbox/types.ts": {"lines":{"total":6,"covered":0,"skipped":0,"pct":0},"functions":{"total":1,"covered":0,"skipped":0,"pct":0},"statements":{"total":6,"covered":0,"skipped":0,"pct":0},"branches":{"total":1,"covered":0,"skipped":0,"pct":0}}
,"/Users/maximilianroell/workspace/plentyshop-pwa/apps/web/components/OrderPropertyFileUpload/OrderPropertyFileUpload.vue": {"lines":{"total":221,"covered":221,"skipped":0,"pct":100},"functions":{"total":0,"covered":0,"skipped":0,"pct":100},"statements":{"total":221,"covered":221,"skipped":0,"pct":100},"branches":{"total":0,"covered":0,"skipped":0,"pct":100}}
,"/Users/maximilianroell/workspace/plentyshop-pwa/apps/web/components/OrderPropertyFileUpload/types.ts": {"lines":{"total":6,"covered":0,"skipped":0,"pct":0},"functions":{"total":1,"covered":0,"skipped":0,"pct":0},"statements":{"total":6,"covered":0,"skipped":0,"pct":0},"branches":{"total":1,"covered":0,"skipped":0,"pct":0}}
,"/Users/maximilianroell/workspace/plentyshop-pwa/apps/web/components/OrderPropertyInput/OrderPropertyInput.vue": {"lines":{"total":113,"covered":113,"skipped":0,"pct":100},"functions":{"total":0,"covered":0,"skipped":0,"pct":100},"statements":{"total":113,"covered":113,"skipped":0,"pct":100},"branches":{"total":0,"covered":0,"skipped":0,"pct":100}}
,"/Users/maximilianroell/workspace/plentyshop-pwa/apps/web/components/OrderPropertyInput/types.ts": {"lines":{"total":6,"covered":0,"skipped":0,"pct":0},"functions":{"total":1,"covered":0,"skipped":0,"pct":0},"statements":{"total":6,"covered":0,"skipped":0,"pct":0},"branches":{"total":1,"covered":0,"skipped":0,"pct":0}}
,"/Users/maximilianroell/workspace/plentyshop-pwa/apps/web/components/OrderPropertySelect/OrderPropertySelect.vue": {"lines":{"total":110,"covered":110,"skipped":0,"pct":100},"functions":{"total":0,"covered":0,"skipped":0,"pct":100},"statements":{"total":110,"covered":110,"skipped":0,"pct":100},"branches":{"total":0,"covered":0,"skipped":0,"pct":100}}
,"/Users/maximilianroell/workspace/plentyshop-pwa/apps/web/components/OrderPropertySelect/types.ts": {"lines":{"total":6,"covered":0,"skipped":0,"pct":0},"functions":{"total":1,"covered":0,"skipped":0,"pct":0},"statements":{"total":6,"covered":0,"skipped":0,"pct":0},"branches":{"total":1,"covered":0,"skipped":0,"pct":0}}
,"/Users/maximilianroell/workspace/plentyshop-pwa/apps/web/components/OrderReturnForm/OrderReturnForm.vue": {"lines":{"total":107,"covered":0,"skipped":0,"pct":0},"functions":{"total":1,"covered":0,"skipped":0,"pct":0},"statements":{"total":107,"covered":0,"skipped":0,"pct":0},"branches":{"total":1,"covered":0,"skipped":0,"pct":0}}
,"/Users/maximilianroell/workspace/plentyshop-pwa/apps/web/components/OrderReturnForm/types.ts": {"lines":{"total":3,"covered":0,"skipped":0,"pct":0},"functions":{"total":1,"covered":0,"skipped":0,"pct":0},"statements":{"total":3,"covered":0,"skipped":0,"pct":0},"branches":{"total":1,"covered":0,"skipped":0,"pct":0}}
,"/Users/maximilianroell/workspace/plentyshop-pwa/apps/web/components/OrderReturnFormConfirmation/OrderReturnFormConfirmation.vue": {"lines":{"total":70,"covered":0,"skipped":0,"pct":0},"functions":{"total":1,"covered":0,"skipped":0,"pct":0},"statements":{"total":70,"covered":0,"skipped":0,"pct":0},"branches":{"total":1,"covered":0,"skipped":0,"pct":0}}
,"/Users/maximilianroell/workspace/plentyshop-pwa/apps/web/components/OrderReturnItems/OrderReturnItems.vue": {"lines":{"total":23,"covered":0,"skipped":0,"pct":0},"functions":{"total":1,"covered":0,"skipped":0,"pct":0},"statements":{"total":23,"covered":0,"skipped":0,"pct":0},"branches":{"total":1,"covered":0,"skipped":0,"pct":0}}
,"/Users/maximilianroell/workspace/plentyshop-pwa/apps/web/components/OrderReturnItems/types.ts": {"lines":{"total":5,"covered":0,"skipped":0,"pct":0},"functions":{"total":1,"covered":0,"skipped":0,"pct":0},"statements":{"total":5,"covered":0,"skipped":0,"pct":0},"branches":{"total":1,"covered":0,"skipped":0,"pct":0}}
,"/Users/maximilianroell/workspace/plentyshop-pwa/apps/web/components/OrderReturnProductCard/OrderReturnProductCard.vue": {"lines":{"total":180,"covered":0,"skipped":0,"pct":0},"functions":{"total":1,"covered":0,"skipped":0,"pct":0},"statements":{"total":180,"covered":0,"skipped":0,"pct":0},"branches":{"total":1,"covered":0,"skipped":0,"pct":0}}
,"/Users/maximilianroell/workspace/plentyshop-pwa/apps/web/components/OrderReturnProductCard/types.ts": {"lines":{"total":6,"covered":0,"skipped":0,"pct":0},"functions":{"total":1,"covered":0,"skipped":0,"pct":0},"statements":{"total":6,"covered":0,"skipped":0,"pct":0},"branches":{"total":1,"covered":0,"skipped":0,"pct":0}}
,"/Users/maximilianroell/workspace/plentyshop-pwa/apps/web/components/OrderShippingSummary/OrderShippingSummary.vue": {"lines":{"total":24,"covered":0,"skipped":0,"pct":0},"functions":{"total":1,"covered":0,"skipped":0,"pct":0},"statements":{"total":24,"covered":0,"skipped":0,"pct":0},"branches":{"total":1,"covered":0,"skipped":0,"pct":0}}
,"/Users/maximilianroell/workspace/plentyshop-pwa/apps/web/components/OrderShippingSummary/types.ts": {"lines":{"total":5,"covered":0,"skipped":0,"pct":0},"functions":{"total":1,"covered":0,"skipped":0,"pct":0},"statements":{"total":5,"covered":0,"skipped":0,"pct":0},"branches":{"total":1,"covered":0,"skipped":0,"pct":0}}
,"/Users/maximilianroell/workspace/plentyshop-pwa/apps/web/components/OrderSummary/OrderSummary.vue": {"lines":{"total":99,"covered":96,"skipped":0,"pct":96.96},"functions":{"total":1,"covered":1,"skipped":0,"pct":100},"statements":{"total":99,"covered":96,"skipped":0,"pct":96.96},"branches":{"total":10,"covered":6,"skipped":0,"pct":60}}
,"/Users/maximilianroell/workspace/plentyshop-pwa/apps/web/components/OrderSummary/types.ts": {"lines":{"total":5,"covered":0,"skipped":0,"pct":0},"functions":{"total":1,"covered":0,"skipped":0,"pct":0},"statements":{"total":5,"covered":0,"skipped":0,"pct":0},"branches":{"total":1,"covered":0,"skipped":0,"pct":0}}
,"/Users/maximilianroell/workspace/plentyshop-pwa/apps/web/components/OrderSummaryProductCard/OrderSummaryProductCard.vue": {"lines":{"total":138,"covered":0,"skipped":0,"pct":0},"functions":{"total":1,"covered":0,"skipped":0,"pct":0},"statements":{"total":138,"covered":0,"skipped":0,"pct":0},"branches":{"total":1,"covered":0,"skipped":0,"pct":0}}
,"/Users/maximilianroell/workspace/plentyshop-pwa/apps/web/components/OrderSummaryProductCard/types.ts": {"lines":{"total":6,"covered":0,"skipped":0,"pct":0},"functions":{"total":1,"covered":0,"skipped":0,"pct":0},"statements":{"total":6,"covered":0,"skipped":0,"pct":0},"branches":{"total":1,"covered":0,"skipped":0,"pct":0}}
,"/Users/maximilianroell/workspace/plentyshop-pwa/apps/web/components/OrderTotals/OrderTotals.vue": {"lines":{"total":53,"covered":0,"skipped":0,"pct":0},"functions":{"total":1,"covered":0,"skipped":0,"pct":0},"statements":{"total":53,"covered":0,"skipped":0,"pct":0},"branches":{"total":1,"covered":0,"skipped":0,"pct":0}}
,"/Users/maximilianroell/workspace/plentyshop-pwa/apps/web/components/OrderTotals/types.ts": {"lines":{"total":5,"covered":0,"skipped":0,"pct":0},"functions":{"total":1,"covered":0,"skipped":0,"pct":0},"statements":{"total":5,"covered":0,"skipped":0,"pct":0},"branches":{"total":1,"covered":0,"skipped":0,"pct":0}}
,"/Users/maximilianroell/workspace/plentyshop-pwa/apps/web/components/PageBlock/PageBlock.vue": {"lines":{"total":85,"covered":85,"skipped":0,"pct":100},"functions":{"total":0,"covered":0,"skipped":0,"pct":100},"statements":{"total":85,"covered":85,"skipped":0,"pct":100},"branches":{"total":0,"covered":0,"skipped":0,"pct":100}}
,"/Users/maximilianroell/workspace/plentyshop-pwa/apps/web/components/PayPal/ApplePayButton.vue": {"lines":{"total":37,"covered":0,"skipped":0,"pct":0},"functions":{"total":1,"covered":0,"skipped":0,"pct":0},"statements":{"total":37,"covered":0,"skipped":0,"pct":0},"branches":{"total":1,"covered":0,"skipped":0,"pct":0}}
,"/Users/maximilianroell/workspace/plentyshop-pwa/apps/web/components/PayPal/GooglePayButton.vue": {"lines":{"total":91,"covered":0,"skipped":0,"pct":0},"functions":{"total":1,"covered":0,"skipped":0,"pct":0},"statements":{"total":91,"covered":0,"skipped":0,"pct":0},"branches":{"total":1,"covered":0,"skipped":0,"pct":0}}
,"/Users/maximilianroell/workspace/plentyshop-pwa/apps/web/components/PayPal/PayPalCreditCardBuyButton.vue": {"lines":{"total":16,"covered":0,"skipped":0,"pct":0},"functions":{"total":1,"covered":0,"skipped":0,"pct":0},"statements":{"total":16,"covered":0,"skipped":0,"pct":0},"branches":{"total":1,"covered":0,"skipped":0,"pct":0}}
,"/Users/maximilianroell/workspace/plentyshop-pwa/apps/web/components/PayPal/PayPalCreditCardForm.vue": {"lines":{"total":161,"covered":0,"skipped":0,"pct":0},"functions":{"total":1,"covered":0,"skipped":0,"pct":0},"statements":{"total":161,"covered":0,"skipped":0,"pct":0},"branches":{"total":1,"covered":0,"skipped":0,"pct":0}}
,"/Users/maximilianroell/workspace/plentyshop-pwa/apps/web/components/PayPal/PayPalExpressButton.vue": {"lines":{"total":153,"covered":153,"skipped":0,"pct":100},"functions":{"total":0,"covered":0,"skipped":0,"pct":100},"statements":{"total":153,"covered":153,"skipped":0,"pct":100},"branches":{"total":0,"covered":0,"skipped":0,"pct":100}}
,"/Users/maximilianroell/workspace/plentyshop-pwa/apps/web/components/PayPal/PayPalPayLaterBanner.vue": {"lines":{"total":57,"covered":57,"skipped":0,"pct":100},"functions":{"total":0,"covered":0,"skipped":0,"pct":100},"statements":{"total":57,"covered":57,"skipped":0,"pct":100},"branches":{"total":0,"covered":0,"skipped":0,"pct":100}}
,"/Users/maximilianroell/workspace/plentyshop-pwa/apps/web/components/PayPal/types.ts": {"lines":{"total":146,"covered":0,"skipped":0,"pct":0},"functions":{"total":1,"covered":0,"skipped":0,"pct":0},"statements":{"total":146,"covered":0,"skipped":0,"pct":0},"branches":{"total":1,"covered":0,"skipped":0,"pct":0}}
,"/Users/maximilianroell/workspace/plentyshop-pwa/apps/web/components/PreviewMode/PreviewMode.vue": {"lines":{"total":51,"covered":0,"skipped":0,"pct":0},"functions":{"total":1,"covered":0,"skipped":0,"pct":0},"statements":{"total":51,"covered":0,"skipped":0,"pct":0},"branches":{"total":1,"covered":0,"skipped":0,"pct":0}}
,"/Users/maximilianroell/workspace/plentyshop-pwa/apps/web/components/PreviewMode/types.ts": {"lines":{"total":1,"covered":0,"skipped":0,"pct":0},"functions":{"total":1,"covered":0,"skipped":0,"pct":0},"statements":{"total":1,"covered":0,"skipped":0,"pct":0},"branches":{"total":1,"covered":0,"skipped":0,"pct":0}}
,"/Users/maximilianroell/workspace/plentyshop-pwa/apps/web/components/Price/Price.vue": {"lines":{"total":19,"covered":19,"skipped":0,"pct":100},"functions":{"total":0,"covered":0,"skipped":0,"pct":100},"statements":{"total":19,"covered":19,"skipped":0,"pct":100},"branches":{"total":1,"covered":0,"skipped":0,"pct":0}}
,"/Users/maximilianroell/workspace/plentyshop-pwa/apps/web/components/Price/types.ts": {"lines":{"total":4,"covered":0,"skipped":0,"pct":0},"functions":{"total":1,"covered":0,"skipped":0,"pct":0},"statements":{"total":4,"covered":0,"skipped":0,"pct":0},"branches":{"total":1,"covered":0,"skipped":0,"pct":0}}
,"/Users/maximilianroell/workspace/plentyshop-pwa/apps/web/components/ProductAccordion/ProductAccordion.vue": {"lines":{"total":42,"covered":19,"skipped":0,"pct":45.23},"functions":{"total":2,"covered":0,"skipped":0,"pct":0},"statements":{"total":42,"covered":19,"skipped":0,"pct":45.23},"branches":{"total":4,"covered":0,"skipped":0,"pct":0}}
,"/Users/maximilianroell/workspace/plentyshop-pwa/apps/web/components/ProductAccordion/types.ts": {"lines":{"total":5,"covered":0,"skipped":0,"pct":0},"functions":{"total":1,"covered":0,"skipped":0,"pct":0},"statements":{"total":5,"covered":0,"skipped":0,"pct":0},"branches":{"total":1,"covered":0,"skipped":0,"pct":0}}
,"/Users/maximilianroell/workspace/plentyshop-pwa/apps/web/components/ProductAttributes/ProductAttributes.vue": {"lines":{"total":36,"covered":36,"skipped":0,"pct":100},"functions":{"total":0,"covered":0,"skipped":0,"pct":100},"statements":{"total":36,"covered":36,"skipped":0,"pct":100},"branches":{"total":1,"covered":0,"skipped":0,"pct":0}}
,"/Users/maximilianroell/workspace/plentyshop-pwa/apps/web/components/ProductAttributes/types.ts": {"lines":{"total":13,"covered":0,"skipped":0,"pct":0},"functions":{"total":1,"covered":0,"skipped":0,"pct":0},"statements":{"total":13,"covered":0,"skipped":0,"pct":0},"branches":{"total":1,"covered":0,"skipped":0,"pct":0}}
,"/Users/maximilianroell/workspace/plentyshop-pwa/apps/web/components/ProductAttributes/AttributeBox/AttributeBox.vue": {"lines":{"total":91,"covered":91,"skipped":0,"pct":100},"functions":{"total":0,"covered":0,"skipped":0,"pct":100},"statements":{"total":91,"covered":91,"skipped":0,"pct":100},"branches":{"total":0,"covered":0,"skipped":0,"pct":100}}
,"/Users/maximilianroell/workspace/plentyshop-pwa/apps/web/components/ProductAttributes/AttributeDropdown/AttributeDropdown.vue": {"lines":{"total":96,"covered":96,"skipped":0,"pct":100},"functions":{"total":0,"covered":0,"skipped":0,"pct":100},"statements":{"total":96,"covered":96,"skipped":0,"pct":100},"branches":{"total":0,"covered":0,"skipped":0,"pct":100}}
,"/Users/maximilianroell/workspace/plentyshop-pwa/apps/web/components/ProductAttributes/AttributeImage/AttributeImage.vue": {"lines":{"total":121,"covered":121,"skipped":0,"pct":100},"functions":{"total":0,"covered":0,"skipped":0,"pct":100},"statements":{"total":121,"covered":121,"skipped":0,"pct":100},"branches":{"total":0,"covered":0,"skipped":0,"pct":100}}
,"/Users/maximilianroell/workspace/plentyshop-pwa/apps/web/components/ProductLegalDetailsDrawer/ProductLegalDetailsDrawer.vue": {"lines":{"total":94,"covered":0,"skipped":0,"pct":0},"functions":{"total":1,"covered":0,"skipped":0,"pct":0},"statements":{"total":94,"covered":0,"skipped":0,"pct":0},"branches":{"total":1,"covered":0,"skipped":0,"pct":0}}
,"/Users/maximilianroell/workspace/plentyshop-pwa/apps/web/components/ProductLegalDetailsDrawer/types.ts": {"lines":{"total":5,"covered":0,"skipped":0,"pct":0},"functions":{"total":1,"covered":0,"skipped":0,"pct":0},"statements":{"total":5,"covered":0,"skipped":0,"pct":0},"branches":{"total":1,"covered":0,"skipped":0,"pct":0}}
,"/Users/maximilianroell/workspace/plentyshop-pwa/apps/web/components/ProductPrice/ProductPrice.vue": {"lines":{"total":42,"covered":0,"skipped":0,"pct":0},"functions":{"total":1,"covered":0,"skipped":0,"pct":0},"statements":{"total":42,"covered":0,"skipped":0,"pct":0},"branches":{"total":1,"covered":0,"skipped":0,"pct":0}}
,"/Users/maximilianroell/workspace/plentyshop-pwa/apps/web/components/ProductPrice/types.ts": {"lines":{"total":5,"covered":0,"skipped":0,"pct":0},"functions":{"total":1,"covered":0,"skipped":0,"pct":0},"statements":{"total":5,"covered":0,"skipped":0,"pct":0},"branches":{"total":1,"covered":0,"skipped":0,"pct":0}}
,"/Users/maximilianroell/workspace/plentyshop-pwa/apps/web/components/ProductRecommendedProducts/ProductRecommendedProducts.vue": {"lines":{"total":14,"covered":14,"skipped":0,"pct":100},"functions":{"total":0,"covered":0,"skipped":0,"pct":100},"statements":{"total":14,"covered":14,"skipped":0,"pct":100},"branches":{"total":0,"covered":0,"skipped":0,"pct":100}}
,"/Users/maximilianroell/workspace/plentyshop-pwa/apps/web/components/ProductRecommendedProducts/types.ts": {"lines":{"total":10,"covered":0,"skipped":0,"pct":0},"functions":{"total":1,"covered":0,"skipped":0,"pct":0},"statements":{"total":10,"covered":0,"skipped":0,"pct":0},"branches":{"total":1,"covered":0,"skipped":0,"pct":0}}
,"/Users/maximilianroell/workspace/plentyshop-pwa/apps/web/components/ProductSlider/ProductSlider.vue": {"lines":{"total":62,"covered":62,"skipped":0,"pct":100},"functions":{"total":0,"covered":0,"skipped":0,"pct":100},"statements":{"total":62,"covered":62,"skipped":0,"pct":100},"branches":{"total":1,"covered":0,"skipped":0,"pct":0}}
,"/Users/maximilianroell/workspace/plentyshop-pwa/apps/web/components/ProductSlider/types.ts": {"lines":{"total":7,"covered":0,"skipped":0,"pct":0},"functions":{"total":1,"covered":0,"skipped":0,"pct":0},"statements":{"total":7,"covered":0,"skipped":0,"pct":0},"branches":{"total":1,"covered":0,"skipped":0,"pct":0}}
,"/Users/maximilianroell/workspace/plentyshop-pwa/apps/web/components/QuickCheckout/QuickCheckout.vue": {"lines":{"total":155,"covered":0,"skipped":0,"pct":0},"functions":{"total":1,"covered":0,"skipped":0,"pct":0},"statements":{"total":155,"covered":0,"skipped":0,"pct":0},"branches":{"total":1,"covered":0,"skipped":0,"pct":0}}
,"/Users/maximilianroell/workspace/plentyshop-pwa/apps/web/components/QuickCheckout/types.ts": {"lines":{"total":5,"covered":0,"skipped":0,"pct":0},"functions":{"total":1,"covered":0,"skipped":0,"pct":0},"statements":{"total":5,"covered":0,"skipped":0,"pct":0},"branches":{"total":1,"covered":0,"skipped":0,"pct":0}}
,"/Users/maximilianroell/workspace/plentyshop-pwa/apps/web/components/Register/Register.vue": {"lines":{"total":269,"covered":0,"skipped":0,"pct":0},"functions":{"total":1,"covered":0,"skipped":0,"pct":0},"statements":{"total":269,"covered":0,"skipped":0,"pct":0},"branches":{"total":1,"covered":0,"skipped":0,"pct":0}}
,"/Users/maximilianroell/workspace/plentyshop-pwa/apps/web/components/Register/types.ts": {"lines":{"total":8,"covered":0,"skipped":0,"pct":0},"functions":{"total":1,"covered":0,"skipped":0,"pct":0},"statements":{"total":8,"covered":0,"skipped":0,"pct":0},"branches":{"total":1,"covered":0,"skipped":0,"pct":0}}
,"/Users/maximilianroell/workspace/plentyshop-pwa/apps/web/components/RenderContentProductSlider/RenderContentProductSlider.vue": {"lines":{"total":11,"covered":0,"skipped":0,"pct":0},"functions":{"total":1,"covered":0,"skipped":0,"pct":0},"statements":{"total":11,"covered":0,"skipped":0,"pct":0},"branches":{"total":1,"covered":0,"skipped":0,"pct":0}}
,"/Users/maximilianroell/workspace/plentyshop-pwa/apps/web/components/ReplyForm/ReplyForm.vue": {"lines":{"total":97,"covered":97,"skipped":0,"pct":100},"functions":{"total":0,"covered":0,"skipped":0,"pct":100},"statements":{"total":97,"covered":97,"skipped":0,"pct":100},"branches":{"total":0,"covered":0,"skipped":0,"pct":100}}
,"/Users/maximilianroell/workspace/plentyshop-pwa/apps/web/components/ReplyForm/types.ts": {"lines":{"total":5,"covered":0,"skipped":0,"pct":0},"functions":{"total":1,"covered":0,"skipped":0,"pct":0},"statements":{"total":5,"covered":0,"skipped":0,"pct":0},"branches":{"total":1,"covered":0,"skipped":0,"pct":0}}
,"/Users/maximilianroell/workspace/plentyshop-pwa/apps/web/components/ReviewForm/ReviewForm.vue": {"lines":{"total":184,"covered":0,"skipped":0,"pct":0},"functions":{"total":1,"covered":0,"skipped":0,"pct":0},"statements":{"total":184,"covered":0,"skipped":0,"pct":0},"branches":{"total":1,"covered":0,"skipped":0,"pct":0}}
,"/Users/maximilianroell/workspace/plentyshop-pwa/apps/web/components/ReviewForm/types.ts": {"lines":{"total":5,"covered":0,"skipped":0,"pct":0},"functions":{"total":1,"covered":0,"skipped":0,"pct":0},"statements":{"total":5,"covered":0,"skipped":0,"pct":0},"branches":{"total":1,"covered":0,"skipped":0,"pct":0}}
,"/Users/maximilianroell/workspace/plentyshop-pwa/apps/web/components/ReviewsAccordion/ReviewsAccordion.vue": {"lines":{"total":89,"covered":0,"skipped":0,"pct":0},"functions":{"total":1,"covered":0,"skipped":0,"pct":0},"statements":{"total":89,"covered":0,"skipped":0,"pct":0},"branches":{"total":1,"covered":0,"skipped":0,"pct":0}}
,"/Users/maximilianroell/workspace/plentyshop-pwa/apps/web/components/ReviewsAccordion/types.ts": {"lines":{"total":5,"covered":0,"skipped":0,"pct":0},"functions":{"total":1,"covered":0,"skipped":0,"pct":0},"statements":{"total":5,"covered":0,"skipped":0,"pct":0},"branches":{"total":1,"covered":0,"skipped":0,"pct":0}}
,"/Users/maximilianroell/workspace/plentyshop-pwa/apps/web/components/ShippingMethod/ShippingMethod.vue": {"lines":{"total":99,"covered":77,"skipped":0,"pct":77.77},"functions":{"total":2,"covered":0,"skipped":0,"pct":0},"statements":{"total":99,"covered":77,"skipped":0,"pct":77.77},"branches":{"total":6,"covered":1,"skipped":0,"pct":16.66}}
,"/Users/maximilianroell/workspace/plentyshop-pwa/apps/web/components/ShippingMethod/types.ts": {"lines":{"total":5,"covered":0,"skipped":0,"pct":0},"functions":{"total":1,"covered":0,"skipped":0,"pct":0},"statements":{"total":5,"covered":0,"skipped":0,"pct":0},"branches":{"total":1,"covered":0,"skipped":0,"pct":0}}
,"/Users/maximilianroell/workspace/plentyshop-pwa/apps/web/components/ShippingPrivacy/ShippingPrivacy.vue": {"lines":{"total":29,"covered":29,"skipped":0,"pct":100},"functions":{"total":0,"covered":0,"skipped":0,"pct":100},"statements":{"total":29,"covered":29,"skipped":0,"pct":100},"branches":{"total":0,"covered":0,"skipped":0,"pct":100}}
,"/Users/maximilianroell/workspace/plentyshop-pwa/apps/web/components/SiteConfigurationDrawer/SiteConfigurationDrawer.vue": {"lines":{"total":31,"covered":0,"skipped":0,"pct":0},"functions":{"total":1,"covered":0,"skipped":0,"pct":0},"statements":{"total":31,"covered":0,"skipped":0,"pct":0},"branches":{"total":1,"covered":0,"skipped":0,"pct":0}}
,"/Users/maximilianroell/workspace/plentyshop-pwa/apps/web/components/SiteSettingsView/SiteSettingsView.vue": {"lines":{"total":162,"covered":0,"skipped":0,"pct":0},"functions":{"total":1,"covered":0,"skipped":0,"pct":0},"statements":{"total":162,"covered":0,"skipped":0,"pct":0},"branches":{"total":1,"covered":0,"skipped":0,"pct":0}}
,"/Users/maximilianroell/workspace/plentyshop-pwa/apps/web/components/Skeletons/OrderAgainItem/OrderAgainItem.vue": {"lines":{"total":24,"covered":0,"skipped":0,"pct":0},"functions":{"total":1,"covered":0,"skipped":0,"pct":0},"statements":{"total":24,"covered":0,"skipped":0,"pct":0},"branches":{"total":1,"covered":0,"skipped":0,"pct":0}}
,"/Users/maximilianroell/workspace/plentyshop-pwa/apps/web/components/SoftLogin/SoftLogin.vue": {"lines":{"total":40,"covered":0,"skipped":0,"pct":0},"functions":{"total":1,"covered":0,"skipped":0,"pct":0},"statements":{"total":40,"covered":0,"skipped":0,"pct":0},"branches":{"total":1,"covered":0,"skipped":0,"pct":0}}
,"/Users/maximilianroell/workspace/plentyshop-pwa/apps/web/components/SoftLogin/types.ts": {"lines":{"total":10,"covered":0,"skipped":0,"pct":0},"functions":{"total":1,"covered":0,"skipped":0,"pct":0},"statements":{"total":10,"covered":0,"skipped":0,"pct":0},"branches":{"total":1,"covered":0,"skipped":0,"pct":0}}
,"/Users/maximilianroell/workspace/plentyshop-pwa/apps/web/components/SoftLoginInput/SoftLoginInput.vue": {"lines":{"total":29,"covered":0,"skipped":0,"pct":0},"functions":{"total":1,"covered":0,"skipped":0,"pct":0},"statements":{"total":29,"covered":0,"skipped":0,"pct":0},"branches":{"total":1,"covered":0,"skipped":0,"pct":0}}
,"/Users/maximilianroell/workspace/plentyshop-pwa/apps/web/components/SoftLoginInput/types.ts": {"lines":{"total":4,"covered":0,"skipped":0,"pct":0},"functions":{"total":1,"covered":0,"skipped":0,"pct":0},"statements":{"total":4,"covered":0,"skipped":0,"pct":0},"branches":{"total":1,"covered":0,"skipped":0,"pct":0}}
,"/Users/maximilianroell/workspace/plentyshop-pwa/apps/web/components/TextContent/TextContent.vue": {"lines":{"total":37,"covered":37,"skipped":0,"pct":100},"functions":{"total":0,"covered":0,"skipped":0,"pct":100},"statements":{"total":37,"covered":37,"skipped":0,"pct":100},"branches":{"total":0,"covered":0,"skipped":0,"pct":100}}
,"/Users/maximilianroell/workspace/plentyshop-pwa/apps/web/components/TextContent/types.ts": {"lines":{"total":14,"covered":0,"skipped":0,"pct":0},"functions":{"total":1,"covered":0,"skipped":0,"pct":0},"statements":{"total":14,"covered":0,"skipped":0,"pct":0},"branches":{"total":1,"covered":0,"skipped":0,"pct":0}}
,"/Users/maximilianroell/workspace/plentyshop-pwa/apps/web/components/VariationProperties/VariationProperties.vue": {"lines":{"total":45,"covered":40,"skipped":0,"pct":88.88},"functions":{"total":1,"covered":0,"skipped":0,"pct":0},"statements":{"total":45,"covered":40,"skipped":0,"pct":88.88},"branches":{"total":1,"covered":0,"skipped":0,"pct":0}}
,"/Users/maximilianroell/workspace/plentyshop-pwa/apps/web/components/VariationProperties/types.ts": {"lines":{"total":9,"covered":0,"skipped":0,"pct":0},"functions":{"total":1,"covered":0,"skipped":0,"pct":0},"statements":{"total":9,"covered":0,"skipped":0,"pct":0},"branches":{"total":1,"covered":0,"skipped":0,"pct":0}}
,"/Users/maximilianroell/workspace/plentyshop-pwa/apps/web/components/VariationPropertyDate/VariationPropertyDate.vue": {"lines":{"total":18,"covered":18,"skipped":0,"pct":100},"functions":{"total":0,"covered":0,"skipped":0,"pct":100},"statements":{"total":18,"covered":18,"skipped":0,"pct":100},"branches":{"total":0,"covered":0,"skipped":0,"pct":100}}
,"/Users/maximilianroell/workspace/plentyshop-pwa/apps/web/components/VariationPropertyDate/types.ts": {"lines":{"total":5,"covered":0,"skipped":0,"pct":0},"functions":{"total":1,"covered":0,"skipped":0,"pct":0},"statements":{"total":5,"covered":0,"skipped":0,"pct":0},"branches":{"total":1,"covered":0,"skipped":0,"pct":0}}
,"/Users/maximilianroell/workspace/plentyshop-pwa/apps/web/components/VariationPropertyFile/VariationPropertyFile.vue": {"lines":{"total":16,"covered":16,"skipped":0,"pct":100},"functions":{"total":0,"covered":0,"skipped":0,"pct":100},"statements":{"total":16,"covered":16,"skipped":0,"pct":100},"branches":{"total":0,"covered":0,"skipped":0,"pct":100}}
,"/Users/maximilianroell/workspace/plentyshop-pwa/apps/web/components/VariationPropertyFile/types.ts": {"lines":{"total":5,"covered":0,"skipped":0,"pct":0},"functions":{"total":1,"covered":0,"skipped":0,"pct":0},"statements":{"total":5,"covered":0,"skipped":0,"pct":0},"branches":{"total":1,"covered":0,"skipped":0,"pct":0}}
,"/Users/maximilianroell/workspace/plentyshop-pwa/apps/web/components/VariationPropertyHtml/VariationPropertyHtml.vue": {"lines":{"total":23,"covered":23,"skipped":0,"pct":100},"functions":{"total":0,"covered":0,"skipped":0,"pct":100},"statements":{"total":23,"covered":23,"skipped":0,"pct":100},"branches":{"total":0,"covered":0,"skipped":0,"pct":100}}
,"/Users/maximilianroell/workspace/plentyshop-pwa/apps/web/components/VariationPropertyHtml/types.ts": {"lines":{"total":5,"covered":0,"skipped":0,"pct":0},"functions":{"total":1,"covered":0,"skipped":0,"pct":0},"statements":{"total":5,"covered":0,"skipped":0,"pct":0},"branches":{"total":1,"covered":0,"skipped":0,"pct":0}}
,"/Users/maximilianroell/workspace/plentyshop-pwa/apps/web/components/VariationPropertyText/VariationPropertyText.vue": {"lines":{"total":24,"covered":24,"skipped":0,"pct":100},"functions":{"total":0,"covered":0,"skipped":0,"pct":100},"statements":{"total":24,"covered":24,"skipped":0,"pct":100},"branches":{"total":0,"covered":0,"skipped":0,"pct":100}}
,"/Users/maximilianroell/workspace/plentyshop-pwa/apps/web/components/VariationPropertyText/types.ts": {"lines":{"total":5,"covered":0,"skipped":0,"pct":0},"functions":{"total":1,"covered":0,"skipped":0,"pct":0},"statements":{"total":5,"covered":0,"skipped":0,"pct":0},"branches":{"total":1,"covered":0,"skipped":0,"pct":0}}
,"/Users/maximilianroell/workspace/plentyshop-pwa/apps/web/components/WishlistButton/WishlistButton.vue": {"lines":{"total":44,"covered":37,"skipped":0,"pct":84.09},"functions":{"total":0,"covered":0,"skipped":0,"pct":100},"statements":{"total":44,"covered":37,"skipped":0,"pct":84.09},"branches":{"total":8,"covered":3,"skipped":0,"pct":37.5}}
,"/Users/maximilianroell/workspace/plentyshop-pwa/apps/web/components/WishlistButton/types.ts": {"lines":{"total":7,"covered":0,"skipped":0,"pct":0},"functions":{"total":1,"covered":0,"skipped":0,"pct":0},"statements":{"total":7,"covered":0,"skipped":0,"pct":0},"branches":{"total":1,"covered":0,"skipped":0,"pct":0}}
,"/Users/maximilianroell/workspace/plentyshop-pwa/apps/web/components/WishlistPageContent/WishlistPageContent.vue": {"lines":{"total":100,"covered":0,"skipped":0,"pct":0},"functions":{"total":1,"covered":0,"skipped":0,"pct":0},"statements":{"total":100,"covered":0,"skipped":0,"pct":0},"branches":{"total":1,"covered":0,"skipped":0,"pct":0}}
,"/Users/maximilianroell/workspace/plentyshop-pwa/apps/web/components/WishlistPageContent/types.ts": {"lines":{"total":4,"covered":0,"skipped":0,"pct":0},"functions":{"total":1,"covered":0,"skipped":0,"pct":0},"statements":{"total":4,"covered":0,"skipped":0,"pct":0},"branches":{"total":1,"covered":0,"skipped":0,"pct":0}}
,"/Users/maximilianroell/workspace/plentyshop-pwa/apps/web/components/ZoomableImage/ZoomableImage.vue": {"lines":{"total":129,"covered":107,"skipped":0,"pct":82.94},"functions":{"total":3,"covered":1,"skipped":0,"pct":33.33},"statements":{"total":129,"covered":107,"skipped":0,"pct":82.94},"branches":{"total":18,"covered":6,"skipped":0,"pct":33.33}}
,"/Users/maximilianroell/workspace/plentyshop-pwa/apps/web/components/ZoomableImage/types.ts": {"lines":{"total":9,"covered":0,"skipped":0,"pct":0},"functions":{"total":1,"covered":0,"skipped":0,"pct":0},"statements":{"total":9,"covered":0,"skipped":0,"pct":0},"branches":{"total":1,"covered":0,"skipped":0,"pct":0}}
,"/Users/maximilianroell/workspace/plentyshop-pwa/apps/web/components/ui/Header.vue": {"lines":{"total":270,"covered":0,"skipped":0,"pct":0},"functions":{"total":1,"covered":0,"skipped":0,"pct":0},"statements":{"total":270,"covered":0,"skipped":0,"pct":0},"branches":{"total":1,"covered":0,"skipped":0,"pct":0}}
,"/Users/maximilianroell/workspace/plentyshop-pwa/apps/web/components/ui/NavbarBottom.vue": {"lines":{"total":81,"covered":0,"skipped":0,"pct":0},"functions":{"total":1,"covered":0,"skipped":0,"pct":0},"statements":{"total":81,"covered":0,"skipped":0,"pct":0},"branches":{"total":1,"covered":0,"skipped":0,"pct":0}}
,"/Users/maximilianroell/workspace/plentyshop-pwa/apps/web/components/ui/NavbarTop.vue": {"lines":{"total":29,"covered":0,"skipped":0,"pct":0},"functions":{"total":1,"covered":0,"skipped":0,"pct":0},"statements":{"total":29,"covered":0,"skipped":0,"pct":0},"branches":{"total":1,"covered":0,"skipped":0,"pct":0}}
,"/Users/maximilianroell/workspace/plentyshop-pwa/apps/web/components/ui/Search.vue": {"lines":{"total":67,"covered":0,"skipped":0,"pct":0},"functions":{"total":1,"covered":0,"skipped":0,"pct":0},"statements":{"total":67,"covered":0,"skipped":0,"pct":0},"branches":{"total":1,"covered":0,"skipped":0,"pct":0}}
,"/Users/maximilianroell/workspace/plentyshop-pwa/apps/web/components/ui/SimplifiedHeader.vue": {"lines":{"total":24,"covered":0,"skipped":0,"pct":0},"functions":{"total":1,"covered":0,"skipped":0,"pct":0},"statements":{"total":24,"covered":0,"skipped":0,"pct":0},"branches":{"total":1,"covered":0,"skipped":0,"pct":0}}
,"/Users/maximilianroell/workspace/plentyshop-pwa/apps/web/components/ui/VsfLogo.vue": {"lines":{"total":43,"covered":0,"skipped":0,"pct":0},"functions":{"total":1,"covered":0,"skipped":0,"pct":0},"statements":{"total":43,"covered":0,"skipped":0,"pct":0},"branches":{"total":1,"covered":0,"skipped":0,"pct":0}}
,"/Users/maximilianroell/workspace/plentyshop-pwa/apps/web/components/ui/AccordionItem/AccordionItem.vue": {"lines":{"total":35,"covered":31,"skipped":0,"pct":88.57},"functions":{"total":1,"covered":0,"skipped":0,"pct":0},"statements":{"total":35,"covered":31,"skipped":0,"pct":88.57},"branches":{"total":3,"covered":1,"skipped":0,"pct":33.33}}
,"/Users/maximilianroell/workspace/plentyshop-pwa/apps/web/components/ui/AccordionItem/types.ts": {"lines":{"total":6,"covered":0,"skipped":0,"pct":0},"functions":{"total":1,"covered":0,"skipped":0,"pct":0},"statements":{"total":6,"covered":0,"skipped":0,"pct":0},"branches":{"total":1,"covered":0,"skipped":0,"pct":0}}
,"/Users/maximilianroell/workspace/plentyshop-pwa/apps/web/components/ui/Alert/Alert.vue": {"lines":{"total":28,"covered":28,"skipped":0,"pct":100},"functions":{"total":0,"covered":0,"skipped":0,"pct":100},"statements":{"total":28,"covered":28,"skipped":0,"pct":100},"branches":{"total":0,"covered":0,"skipped":0,"pct":100}}
,"/Users/maximilianroell/workspace/plentyshop-pwa/apps/web/components/ui/Alert/types.ts": {"lines":{"total":5,"covered":0,"skipped":0,"pct":0},"functions":{"total":1,"covered":0,"skipped":0,"pct":0},"statements":{"total":5,"covered":0,"skipped":0,"pct":0},"branches":{"total":1,"covered":0,"skipped":0,"pct":0}}
,"/Users/maximilianroell/workspace/plentyshop-pwa/apps/web/components/ui/Badges/Badges.vue": {"lines":{"total":67,"covered":65,"skipped":0,"pct":97.01},"functions":{"total":2,"covered":0,"skipped":0,"pct":0},"statements":{"total":67,"covered":65,"skipped":0,"pct":97.01},"branches":{"total":10,"covered":10,"skipped":0,"pct":100}}
,"/Users/maximilianroell/workspace/plentyshop-pwa/apps/web/components/ui/Badges/types.ts": {"lines":{"total":7,"covered":0,"skipped":0,"pct":0},"functions":{"total":1,"covered":0,"skipped":0,"pct":0},"statements":{"total":7,"covered":0,"skipped":0,"pct":0},"branches":{"total":1,"covered":0,"skipped":0,"pct":0}}
,"/Users/maximilianroell/workspace/plentyshop-pwa/apps/web/components/ui/Banner/Banner.vue": {"lines":{"total":157,"covered":146,"skipped":0,"pct":92.99},"functions":{"total":4,"covered":4,"skipped":0,"pct":100},"statements":{"total":157,"covered":146,"skipped":0,"pct":92.99},"branches":{"total":39,"covered":31,"skipped":0,"pct":79.48}}
,"/Users/maximilianroell/workspace/plentyshop-pwa/apps/web/components/ui/Banner/BannerSkeleton.vue": {"lines":{"total":22,"covered":22,"skipped":0,"pct":100},"functions":{"total":0,"covered":0,"skipped":0,"pct":100},"statements":{"total":22,"covered":22,"skipped":0,"pct":100},"branches":{"total":0,"covered":0,"skipped":0,"pct":100}}
,"/Users/maximilianroell/workspace/plentyshop-pwa/apps/web/components/ui/Banner/types.ts": {"lines":{"total":29,"covered":0,"skipped":0,"pct":0},"functions":{"total":1,"covered":0,"skipped":0,"pct":0},"statements":{"total":29,"covered":0,"skipped":0,"pct":0},"branches":{"total":1,"covered":0,"skipped":0,"pct":0}}
,"/Users/maximilianroell/workspace/plentyshop-pwa/apps/web/components/ui/BlazeCarousel/BlazeCarousel.vue": {"lines":{"total":79,"covered":79,"skipped":0,"pct":100},"functions":{"total":0,"covered":0,"skipped":0,"pct":100},"statements":{"total":79,"covered":79,"skipped":0,"pct":100},"branches":{"total":0,"covered":0,"skipped":0,"pct":100}}
,"/Users/maximilianroell/workspace/plentyshop-pwa/apps/web/components/ui/BlockActions/BlockActions.vue": {"lines":{"total":62,"covered":62,"skipped":0,"pct":100},"functions":{"total":0,"covered":0,"skipped":0,"pct":100},"statements":{"total":62,"covered":62,"skipped":0,"pct":100},"branches":{"total":0,"covered":0,"skipped":0,"pct":100}}
,"/Users/maximilianroell/workspace/plentyshop-pwa/apps/web/components/ui/BrandLogo/BrandLogo.vue": {"lines":{"total":26,"covered":0,"skipped":0,"pct":0},"functions":{"total":1,"covered":0,"skipped":0,"pct":0},"statements":{"total":26,"covered":0,"skipped":0,"pct":0},"branches":{"total":1,"covered":0,"skipped":0,"pct":0}}
,"/Users/maximilianroell/workspace/plentyshop-pwa/apps/web/components/ui/Breadcrumbs/Breadcrumbs.vue": {"lines":{"total":118,"covered":114,"skipped":0,"pct":96.61},"functions":{"total":3,"covered":0,"skipped":0,"pct":0},"statements":{"total":118,"covered":114,"skipped":0,"pct":96.61},"branches":{"total":3,"covered":3,"skipped":0,"pct":100}}
,"/Users/maximilianroell/workspace/plentyshop-pwa/apps/web/components/ui/Breadcrumbs/types.ts": {"lines":{"total":8,"covered":0,"skipped":0,"pct":0},"functions":{"total":1,"covered":0,"skipped":0,"pct":0},"statements":{"total":8,"covered":0,"skipped":0,"pct":0},"branches":{"total":1,"covered":0,"skipped":0,"pct":0}}
,"/Users/maximilianroell/workspace/plentyshop-pwa/apps/web/components/ui/Button/Button.vue": {"lines":{"total":81,"covered":81,"skipped":0,"pct":100},"functions":{"total":0,"covered":0,"skipped":0,"pct":100},"statements":{"total":81,"covered":81,"skipped":0,"pct":100},"branches":{"total":17,"covered":16,"skipped":0,"pct":94.11}}
,"/Users/maximilianroell/workspace/plentyshop-pwa/apps/web/components/ui/CartProductCard/CartProductCard.vue": {"lines":{"total":232,"covered":0,"skipped":0,"pct":0},"functions":{"total":1,"covered":0,"skipped":0,"pct":0},"statements":{"total":232,"covered":0,"skipped":0,"pct":0},"branches":{"total":1,"covered":0,"skipped":0,"pct":0}}
,"/Users/maximilianroell/workspace/plentyshop-pwa/apps/web/components/ui/CartProductCard/types.ts": {"lines":{"total":12,"covered":0,"skipped":0,"pct":0},"functions":{"total":1,"covered":0,"skipped":0,"pct":0},"statements":{"total":12,"covered":0,"skipped":0,"pct":0},"branches":{"total":1,"covered":0,"skipped":0,"pct":0}}
,"/Users/maximilianroell/workspace/plentyshop-pwa/apps/web/components/ui/CategoryCard/CategoryCard.vue": {"lines":{"total":42,"covered":0,"skipped":0,"pct":0},"functions":{"total":1,"covered":0,"skipped":0,"pct":0},"statements":{"total":42,"covered":0,"skipped":0,"pct":0},"branches":{"total":1,"covered":0,"skipped":0,"pct":0}}
,"/Users/maximilianroell/workspace/plentyshop-pwa/apps/web/components/ui/CategoryCard/types.ts": {"lines":{"total":9,"covered":0,"skipped":0,"pct":0},"functions":{"total":1,"covered":0,"skipped":0,"pct":0},"statements":{"total":9,"covered":0,"skipped":0,"pct":0},"branches":{"total":1,"covered":0,"skipped":0,"pct":0}}
,"/Users/maximilianroell/workspace/plentyshop-pwa/apps/web/components/ui/DeleteReview/DeleteReview.vue": {"lines":{"total":37,"covered":0,"skipped":0,"pct":0},"functions":{"total":1,"covered":0,"skipped":0,"pct":0},"statements":{"total":37,"covered":0,"skipped":0,"pct":0},"branches":{"total":1,"covered":0,"skipped":0,"pct":0}}
,"/Users/maximilianroell/workspace/plentyshop-pwa/apps/web/components/ui/Display/Display.vue": {"lines":{"total":56,"covered":0,"skipped":0,"pct":0},"functions":{"total":1,"covered":0,"skipped":0,"pct":0},"statements":{"total":56,"covered":0,"skipped":0,"pct":0},"branches":{"total":1,"covered":0,"skipped":0,"pct":0}}
,"/Users/maximilianroell/workspace/plentyshop-pwa/apps/web/components/ui/Display/types.ts": {"lines":{"total":12,"covered":0,"skipped":0,"pct":0},"functions":{"total":1,"covered":0,"skipped":0,"pct":0},"statements":{"total":12,"covered":0,"skipped":0,"pct":0},"branches":{"total":1,"covered":0,"skipped":0,"pct":0}}
,"/Users/maximilianroell/workspace/plentyshop-pwa/apps/web/components/ui/Divider/Divider.vue": {"lines":{"total":3,"covered":3,"skipped":0,"pct":100},"functions":{"total":0,"covered":0,"skipped":0,"pct":100},"statements":{"total":3,"covered":3,"skipped":0,"pct":100},"branches":{"total":0,"covered":0,"skipped":0,"pct":100}}
,"/Users/maximilianroell/workspace/plentyshop-pwa/apps/web/components/ui/Dropdown/Dropdown.vue": {"lines":{"total":18,"covered":0,"skipped":0,"pct":0},"functions":{"total":1,"covered":0,"skipped":0,"pct":0},"statements":{"total":18,"covered":0,"skipped":0,"pct":0},"branches":{"total":1,"covered":0,"skipped":0,"pct":0}}
,"/Users/maximilianroell/workspace/plentyshop-pwa/apps/web/components/ui/Footer/Footer.vue": {"lines":{"total":54,"covered":0,"skipped":0,"pct":0},"functions":{"total":1,"covered":0,"skipped":0,"pct":0},"statements":{"total":54,"covered":0,"skipped":0,"pct":0},"branches":{"total":1,"covered":0,"skipped":0,"pct":0}}
,"/Users/maximilianroell/workspace/plentyshop-pwa/apps/web/components/ui/Footer/types.ts": {"lines":{"total":3,"covered":0,"skipped":0,"pct":0},"functions":{"total":1,"covered":0,"skipped":0,"pct":0},"statements":{"total":3,"covered":0,"skipped":0,"pct":0},"branches":{"total":1,"covered":0,"skipped":0,"pct":0}}
,"/Users/maximilianroell/workspace/plentyshop-pwa/apps/web/components/ui/Form/FormHelperText.vue": {"lines":{"total":5,"covered":5,"skipped":0,"pct":100},"functions":{"total":0,"covered":0,"skipped":0,"pct":100},"statements":{"total":5,"covered":5,"skipped":0,"pct":100},"branches":{"total":0,"covered":0,"skipped":0,"pct":100}}
,"/Users/maximilianroell/workspace/plentyshop-pwa/apps/web/components/ui/Form/FormLabel.vue": {"lines":{"total":5,"covered":5,"skipped":0,"pct":100},"functions":{"total":0,"covered":0,"skipped":0,"pct":100},"statements":{"total":5,"covered":5,"skipped":0,"pct":100},"branches":{"total":0,"covered":0,"skipped":0,"pct":100}}
,"/Users/maximilianroell/workspace/plentyshop-pwa/apps/web/components/ui/Form/FormPasswordInput.vue": {"lines":{"total":18,"covered":18,"skipped":0,"pct":100},"functions":{"total":1,"covered":0,"skipped":0,"pct":0},"statements":{"total":18,"covered":18,"skipped":0,"pct":100},"branches":{"total":1,"covered":0,"skipped":0,"pct":0}}
,"/Users/maximilianroell/workspace/plentyshop-pwa/apps/web/components/ui/Form/types.ts": {"lines":{"total":4,"covered":0,"skipped":0,"pct":0},"functions":{"total":1,"covered":0,"skipped":0,"pct":0},"statements":{"total":4,"covered":0,"skipped":0,"pct":0},"branches":{"total":1,"covered":0,"skipped":0,"pct":0}}
,"/Users/maximilianroell/workspace/plentyshop-pwa/apps/web/components/ui/HeroCarousel/HeroCarousel.vue": {"lines":{"total":86,"covered":86,"skipped":0,"pct":100},"functions":{"total":0,"covered":0,"skipped":0,"pct":100},"statements":{"total":86,"covered":86,"skipped":0,"pct":100},"branches":{"total":0,"covered":0,"skipped":0,"pct":100}}
,"/Users/maximilianroell/workspace/plentyshop-pwa/apps/web/components/ui/HeroCarousel/types.ts": {"lines":{"total":21,"covered":0,"skipped":0,"pct":0},"functions":{"total":1,"covered":0,"skipped":0,"pct":0},"statements":{"total":21,"covered":0,"skipped":0,"pct":0},"branches":{"total":1,"covered":0,"skipped":0,"pct":0}}
,"/Users/maximilianroell/workspace/plentyshop-pwa/apps/web/components/ui/Icons/IconLinkedin.vue": {"lines":{"total":3,"covered":0,"skipped":0,"pct":0},"functions":{"total":1,"covered":0,"skipped":0,"pct":0},"statements":{"total":3,"covered":0,"skipped":0,"pct":0},"branches":{"total":1,"covered":0,"skipped":0,"pct":0}}
,"/Users/maximilianroell/workspace/plentyshop-pwa/apps/web/components/ui/ImageText/ImageText.vue": {"lines":{"total":56,"covered":56,"skipped":0,"pct":100},"functions":{"total":0,"covered":0,"skipped":0,"pct":100},"statements":{"total":56,"covered":56,"skipped":0,"pct":100},"branches":{"total":0,"covered":0,"skipped":0,"pct":100}}
,"/Users/maximilianroell/workspace/plentyshop-pwa/apps/web/components/ui/ImageText/types.ts": {"lines":{"total":27,"covered":0,"skipped":0,"pct":0},"functions":{"total":1,"covered":0,"skipped":0,"pct":0},"statements":{"total":27,"covered":0,"skipped":0,"pct":0},"branches":{"total":1,"covered":0,"skipped":0,"pct":0}}
[...]
,"/Users/maximilianroell/workspace/plentyshop-pwa/apps/web/configuration/fontFamily.config.ts": {"lines":{"total":7,"covered":0,"skipped":0,"pct":0},"functions":{"total":1,"covered":0,"skipped":0,"pct":0},"statements":{"total":7,"covered":0,"skipped":0,"pct":0},"branches":{"total":1,"covered":0,"skipped":0,"pct":0}}
,"/Users/maximilianroell/workspace/plentyshop-pwa/apps/web/configuration/i18n.config.ts": {"lines":{"total":19,"covered":0,"skipped":0,"pct":0},"functions":{"total":1,"covered":0,"skipped":0,"pct":0},"statements":{"total":19,"covered":0,"skipped":0,"pct":0},"branches":{"total":1,"covered":0,"skipped":0,"pct":0}}
,"/Users/maximilianroell/workspace/plentyshop-pwa/apps/web/configuration/locale.config.ts": {"lines":{"total":15,"covered":15,"skipped":0,"pct":100},"functions":{"total":1,"covered":1,"skipped":0,"pct":100},"statements":{"total":15,"covered":15,"skipped":0,"pct":100},"branches":{"total":2,"covered":2,"skipped":0,"pct":100}}
,"/Users/maximilianroell/workspace/plentyshop-pwa/apps/web/configuration/security.config.ts": {"lines":{"total":108,"covered":0,"skipped":0,"pct":0},"functions":{"total":1,"covered":0,"skipped":0,"pct":0},"statements":{"total":108,"covered":0,"skipped":0,"pct":0},"branches":{"total":1,"covered":0,"skipped":0,"pct":0}}
,"/Users/maximilianroell/workspace/plentyshop-pwa/apps/web/configuration/tailwind.config.ts": {"lines":{"total":105,"covered":0,"skipped":0,"pct":0},"functions":{"total":1,"covered":0,"skipped":0,"pct":0},"statements":{"total":105,"covered":0,"skipped":0,"pct":0},"branches":{"total":1,"covered":0,"skipped":0,"pct":0}}
,"/Users/maximilianroell/workspace/plentyshop-pwa/apps/web/configuration/vueI18n.config.ts": {"lines":{"total":20,"covered":20,"skipped":0,"pct":100},"functions":{"total":0,"covered":0,"skipped":0,"pct":100},"statements":{"total":20,"covered":20,"skipped":0,"pct":100},"branches":{"total":2,"covered":2,"skipped":0,"pct":100}}
,"/Users/maximilianroell/workspace/plentyshop-pwa/apps/web/layouts/account.vue": {"lines":{"total":183,"covered":0,"skipped":0,"pct":0},"functions":{"total":1,"covered":0,"skipped":0,"pct":0},"statements":{"total":183,"covered":0,"skipped":0,"pct":0},"branches":{"total":1,"covered":0,"skipped":0,"pct":0}}
,"/Users/maximilianroell/workspace/plentyshop-pwa/apps/web/layouts/auth.vue": {"lines":{"total":31,"covered":0,"skipped":0,"pct":0},"functions":{"total":1,"covered":0,"skipped":0,"pct":0},"statements":{"total":31,"covered":0,"skipped":0,"pct":0},"branches":{"total":1,"covered":0,"skipped":0,"pct":0}}
,"/Users/maximilianroell/workspace/plentyshop-pwa/apps/web/layouts/checkout.vue": {"lines":{"total":45,"covered":0,"skipped":0,"pct":0},"functions":{"total":1,"covered":0,"skipped":0,"pct":0},"statements":{"total":45,"covered":0,"skipped":0,"pct":0},"branches":{"total":1,"covered":0,"skipped":0,"pct":0}}
,"/Users/maximilianroell/workspace/plentyshop-pwa/apps/web/layouts/default.vue": {"lines":{"total":28,"covered":0,"skipped":0,"pct":0},"functions":{"total":1,"covered":0,"skipped":0,"pct":0},"statements":{"total":28,"covered":0,"skipped":0,"pct":0},"branches":{"total":1,"covered":0,"skipped":0,"pct":0}}
,"/Users/maximilianroell/workspace/plentyshop-pwa/apps/web/layouts/order.vue": {"lines":{"total":9,"covered":0,"skipped":0,"pct":0},"functions":{"total":1,"covered":0,"skipped":0,"pct":0},"statements":{"total":9,"covered":0,"skipped":0,"pct":0},"branches":{"total":1,"covered":0,"skipped":0,"pct":0}}
,"/Users/maximilianroell/workspace/plentyshop-pwa/apps/web/layouts/simplifiedHeaderAndFooter.vue": {"lines":{"total":20,"covered":0,"skipped":0,"pct":0},"functions":{"total":1,"covered":0,"skipped":0,"pct":0},"statements":{"total":20,"covered":0,"skipped":0,"pct":0},"branches":{"total":1,"covered":0,"skipped":0,"pct":0}}
,"/Users/maximilianroell/workspace/plentyshop-pwa/apps/web/layouts/types.ts": {"lines":{"total":18,"covered":0,"skipped":0,"pct":0},"functions":{"total":1,"covered":0,"skipped":0,"pct":0},"statements":{"total":18,"covered":0,"skipped":0,"pct":0},"branches":{"total":1,"covered":0,"skipped":0,"pct":0}}
,"/Users/maximilianroell/workspace/plentyshop-pwa/apps/web/middleware/auth-guard.ts": {"lines":{"total":24,"covered":0,"skipped":0,"pct":0},"functions":{"total":1,"covered":0,"skipped":0,"pct":0},"statements":{"total":24,"covered":0,"skipped":0,"pct":0},"branches":{"total":1,"covered":0,"skipped":0,"pct":0}}
,"/Users/maximilianroell/workspace/plentyshop-pwa/apps/web/middleware/category-guard.ts": {"lines":{"total":31,"covered":0,"skipped":0,"pct":0},"functions":{"total":1,"covered":0,"skipped":0,"pct":0},"statements":{"total":31,"covered":0,"skipped":0,"pct":0},"branches":{"total":1,"covered":0,"skipped":0,"pct":0}}
,"/Users/maximilianroell/workspace/plentyshop-pwa/apps/web/middleware/guest-guard.ts": {"lines":{"total":7,"covered":0,"skipped":0,"pct":0},"functions":{"total":1,"covered":0,"skipped":0,"pct":0},"statements":{"total":7,"covered":0,"skipped":0,"pct":0},"branches":{"total":1,"covered":0,"skipped":0,"pct":0}}
,"/Users/maximilianroell/workspace/plentyshop-pwa/apps/web/middleware/newsletter-confirmation.ts": {"lines":{"total":23,"covered":0,"skipped":0,"pct":0},"functions":{"total":1,"covered":0,"skipped":0,"pct":0},"statements":{"total":23,"covered":0,"skipped":0,"pct":0},"branches":{"total":1,"covered":0,"skipped":0,"pct":0}}
,"/Users/maximilianroell/workspace/plentyshop-pwa/apps/web/middleware/reject-empty-checkout.ts": {"lines":{"total":8,"covered":0,"skipped":0,"pct":0},"functions":{"total":1,"covered":0,"skipped":0,"pct":0},"statements":{"total":8,"covered":0,"skipped":0,"pct":0},"branches":{"total":1,"covered":0,"skipped":0,"pct":0}}
,"/Users/maximilianroell/workspace/plentyshop-pwa/apps/web/mocks/footerData.ts": {"lines":{"total":36,"covered":0,"skipped":0,"pct":0},"functions":{"total":1,"covered":0,"skipped":0,"pct":0},"statements":{"total":36,"covered":0,"skipped":0,"pct":0},"branches":{"total":1,"covered":0,"skipped":0,"pct":0}}
,"/Users/maximilianroell/workspace/plentyshop-pwa/apps/web/mocks/index.ts": {"lines":{"total":1,"covered":0,"skipped":0,"pct":0},"functions":{"total":1,"covered":0,"skipped":0,"pct":0},"statements":{"total":1,"covered":0,"skipped":0,"pct":0},"branches":{"total":1,"covered":0,"skipped":0,"pct":0}}
,"/Users/maximilianroell/workspace/plentyshop-pwa/apps/web/pages/[...slug].vue": {"lines":{"total":99,"covered":99,"skipped":0,"pct":100},"functions":{"total":0,"covered":0,"skipped":0,"pct":100},"statements":{"total":99,"covered":99,"skipped":0,"pct":100},"branches":{"total":2,"covered":2,"skipped":0,"pct":100}}
,"/Users/maximilianroell/workspace/plentyshop-pwa/apps/web/pages/cancellation-form.vue": {"lines":{"total":19,"covered":19,"skipped":0,"pct":100},"functions":{"total":0,"covered":0,"skipped":0,"pct":100},"statements":{"total":19,"covered":19,"skipped":0,"pct":100},"branches":{"total":2,"covered":2,"skipped":0,"pct":100}}
,"/Users/maximilianroell/workspace/plentyshop-pwa/apps/web/pages/cancellation-rights.vue": {"lines":{"total":19,"covered":19,"skipped":0,"pct":100},"functions":{"total":0,"covered":0,"skipped":0,"pct":100},"statements":{"total":19,"covered":19,"skipped":0,"pct":100},"branches":{"total":2,"covered":2,"skipped":0,"pct":100}}
,"/Users/maximilianroell/workspace/plentyshop-pwa/apps/web/pages/cart.vue": {"lines":{"total":55,"covered":55,"skipped":0,"pct":100},"functions":{"total":0,"covered":0,"skipped":0,"pct":100},"statements":{"total":55,"covered":55,"skipped":0,"pct":100},"branches":{"total":2,"covered":2,"skipped":0,"pct":100}}
,"/Users/maximilianroell/workspace/plentyshop-pwa/apps/web/pages/checkout.vue": {"lines":{"total":265,"covered":265,"skipped":0,"pct":100},"functions":{"total":0,"covered":0,"skipped":0,"pct":100},"statements":{"total":265,"covered":265,"skipped":0,"pct":100},"branches":{"total":2,"covered":2,"skipped":0,"pct":100}}
,"/Users/maximilianroell/workspace/plentyshop-pwa/apps/web/pages/contact.vue": {"lines":{"total":218,"covered":218,"skipped":0,"pct":100},"functions":{"total":0,"covered":0,"skipped":0,"pct":100},"statements":{"total":218,"covered":218,"skipped":0,"pct":100},"branches":{"total":2,"covered":2,"skipped":0,"pct":100}}
,"/Users/maximilianroell/workspace/plentyshop-pwa/apps/web/pages/index.vue": {"lines":{"total":124,"covered":124,"skipped":0,"pct":100},"functions":{"total":0,"covered":0,"skipped":0,"pct":100},"statements":{"total":124,"covered":124,"skipped":0,"pct":100},"branches":{"total":0,"covered":0,"skipped":0,"pct":100}}
,"/Users/maximilianroell/workspace/plentyshop-pwa/apps/web/pages/legal-disclosure.vue": {"lines":{"total":19,"covered":19,"skipped":0,"pct":100},"functions":{"total":0,"covered":0,"skipped":0,"pct":100},"statements":{"total":19,"covered":19,"skipped":0,"pct":100},"branches":{"total":2,"covered":2,"skipped":0,"pct":100}}
,"/Users/maximilianroell/workspace/plentyshop-pwa/apps/web/pages/login.vue": {"lines":{"total":24,"covered":24,"skipped":0,"pct":100},"functions":{"total":0,"covered":0,"skipped":0,"pct":100},"statements":{"total":24,"covered":24,"skipped":0,"pct":100},"branches":{"total":2,"covered":2,"skipped":0,"pct":100}}
,"/Users/maximilianroell/workspace/plentyshop-pwa/apps/web/pages/offline.vue": {"lines":{"total":125,"covered":125,"skipped":0,"pct":100},"functions":{"total":0,"covered":0,"skipped":0,"pct":100},"statements":{"total":125,"covered":125,"skipped":0,"pct":100},"branches":{"total":2,"covered":2,"skipped":0,"pct":100}}
,"/Users/maximilianroell/workspace/plentyshop-pwa/apps/web/pages/privacy-policy.vue": {"lines":{"total":19,"covered":19,"skipped":0,"pct":100},"functions":{"total":0,"covered":0,"skipped":0,"pct":100},"statements":{"total":19,"covered":19,"skipped":0,"pct":100},"branches":{"total":2,"covered":2,"skipped":0,"pct":100}}
,"/Users/maximilianroell/workspace/plentyshop-pwa/apps/web/pages/readonly-checkout.vue": {"lines":{"total":230,"covered":230,"skipped":0,"pct":100},"functions":{"total":0,"covered":0,"skipped":0,"pct":100},"statements":{"total":230,"covered":230,"skipped":0,"pct":100},"branches":{"total":2,"covered":2,"skipped":0,"pct":100}}
,"/Users/maximilianroell/workspace/plentyshop-pwa/apps/web/pages/reset-password-success.vue": {"lines":{"total":43,"covered":43,"skipped":0,"pct":100},"functions":{"total":0,"covered":0,"skipped":0,"pct":100},"statements":{"total":43,"covered":43,"skipped":0,"pct":100},"branches":{"total":2,"covered":2,"skipped":0,"pct":100}}
,"/Users/maximilianroell/workspace/plentyshop-pwa/apps/web/pages/reset-password.vue": {"lines":{"total":34,"covered":34,"skipped":0,"pct":100},"functions":{"total":0,"covered":0,"skipped":0,"pct":100},"statements":{"total":34,"covered":34,"skipped":0,"pct":100},"branches":{"total":2,"covered":2,"skipped":0,"pct":100}}
,"/Users/maximilianroell/workspace/plentyshop-pwa/apps/web/pages/search.vue": {"lines":{"total":46,"covered":46,"skipped":0,"pct":100},"functions":{"total":0,"covered":0,"skipped":0,"pct":100},"statements":{"total":46,"covered":46,"skipped":0,"pct":100},"branches":{"total":2,"covered":2,"skipped":0,"pct":100}}
,"/Users/maximilianroell/workspace/plentyshop-pwa/apps/web/pages/set-new-password.vue": {"lines":{"total":35,"covered":35,"skipped":0,"pct":100},"functions":{"total":0,"covered":0,"skipped":0,"pct":100},"statements":{"total":35,"covered":35,"skipped":0,"pct":100},"branches":{"total":2,"covered":2,"skipped":0,"pct":100}}
,"/Users/maximilianroell/workspace/plentyshop-pwa/apps/web/pages/shipping.vue": {"lines":{"total":14,"covered":14,"skipped":0,"pct":100},"functions":{"total":0,"covered":0,"skipped":0,"pct":100},"statements":{"total":14,"covered":14,"skipped":0,"pct":100},"branches":{"total":2,"covered":2,"skipped":0,"pct":100}}
,"/Users/maximilianroell/workspace/plentyshop-pwa/apps/web/pages/terms-and-conditions.vue": {"lines":{"total":19,"covered":19,"skipped":0,"pct":100},"functions":{"total":0,"covered":0,"skipped":0,"pct":100},"statements":{"total":19,"covered":19,"skipped":0,"pct":100},"branches":{"total":2,"covered":2,"skipped":0,"pct":100}}
,"/Users/maximilianroell/workspace/plentyshop-pwa/apps/web/pages/wishlist.vue": {"lines":{"total":20,"covered":20,"skipped":0,"pct":100},"functions":{"total":0,"covered":0,"skipped":0,"pct":100},"statements":{"total":20,"covered":20,"skipped":0,"pct":100},"branches":{"total":2,"covered":2,"skipped":0,"pct":100}}
,"/Users/maximilianroell/workspace/plentyshop-pwa/apps/web/pages/confirmation/[orderId]/[accessKey].vue": {"lines":{"total":53,"covered":53,"skipped":0,"pct":100},"functions":{"total":0,"covered":0,"skipped":0,"pct":100},"statements":{"total":53,"covered":53,"skipped":0,"pct":100},"branches":{"total":2,"covered":2,"skipped":0,"pct":100}}
,"/Users/maximilianroell/workspace/plentyshop-pwa/apps/web/pages/guest/login.vue": {"lines":{"total":17,"covered":17,"skipped":0,"pct":100},"functions":{"total":0,"covered":0,"skipped":0,"pct":100},"statements":{"total":17,"covered":17,"skipped":0,"pct":100},"branches":{"total":2,"covered":2,"skipped":0,"pct":100}}
,"/Users/maximilianroell/workspace/plentyshop-pwa/apps/web/pages/my-account/billing-details.vue": {"lines":{"total":25,"covered":25,"skipped":0,"pct":100},"functions":{"total":0,"covered":0,"skipped":0,"pct":100},"statements":{"total":25,"covered":25,"skipped":0,"pct":100},"branches":{"total":2,"covered":2,"skipped":0,"pct":100}}
,"/Users/maximilianroell/workspace/plentyshop-pwa/apps/web/pages/my-account/index.vue": {"lines":{"total":7,"covered":7,"skipped":0,"pct":100},"functions":{"total":0,"covered":0,"skipped":0,"pct":100},"statements":{"total":7,"covered":7,"skipped":0,"pct":100},"branches":{"total":2,"covered":2,"skipped":0,"pct":100}}
,"/Users/maximilianroell/workspace/plentyshop-pwa/apps/web/pages/my-account/my-orders.vue": {"lines":{"total":202,"covered":202,"skipped":0,"pct":100},"functions":{"total":0,"covered":0,"skipped":0,"pct":100},"statements":{"total":202,"covered":202,"skipped":0,"pct":100},"branches":{"total":2,"covered":2,"skipped":0,"pct":100}}
,"/Users/maximilianroell/workspace/plentyshop-pwa/apps/web/pages/my-account/personal-data.vue": {"lines":{"total":94,"covered":94,"skipped":0,"pct":100},"functions":{"total":0,"covered":0,"skipped":0,"pct":100},"statements":{"total":94,"covered":94,"skipped":0,"pct":100},"branches":{"total":2,"covered":2,"skipped":0,"pct":100}}
,"/Users/maximilianroell/workspace/plentyshop-pwa/apps/web/pages/my-account/returns.vue": {"lines":{"total":160,"covered":160,"skipped":0,"pct":100},"functions":{"total":0,"covered":0,"skipped":0,"pct":100},"statements":{"total":160,"covered":160,"skipped":0,"pct":100},"branches":{"total":2,"covered":2,"skipped":0,"pct":100}}
,"/Users/maximilianroell/workspace/plentyshop-pwa/apps/web/pages/my-account/shipping-details.vue": {"lines":{"total":25,"covered":25,"skipped":0,"pct":100},"functions":{"total":0,"covered":0,"skipped":0,"pct":100},"statements":{"total":25,"covered":25,"skipped":0,"pct":100},"branches":{"total":2,"covered":2,"skipped":0,"pct":100}}
,"/Users/maximilianroell/workspace/plentyshop-pwa/apps/web/pages/my-account/wishlist.vue": {"lines":{"total":22,"covered":22,"skipped":0,"pct":100},"functions":{"total":0,"covered":0,"skipped":0,"pct":100},"statements":{"total":22,"covered":22,"skipped":0,"pct":100},"branches":{"total":2,"covered":2,"skipped":0,"pct":100}}
,"/Users/maximilianroell/workspace/plentyshop-pwa/apps/web/pages/my-account/my-orders/[id].vue": {"lines":{"total":188,"covered":188,"skipped":0,"pct":100},"functions":{"total":0,"covered":0,"skipped":0,"pct":100},"statements":{"total":188,"covered":188,"skipped":0,"pct":100},"branches":{"total":2,"covered":2,"skipped":0,"pct":100}}
,"/Users/maximilianroell/workspace/plentyshop-pwa/apps/web/pages/my-account/new-return/[id]/[accessKey].vue": {"lines":{"total":114,"covered":114,"skipped":0,"pct":100},"functions":{"total":0,"covered":0,"skipped":0,"pct":100},"statements":{"total":114,"covered":114,"skipped":0,"pct":100},"branches":{"total":2,"covered":2,"skipped":0,"pct":100}}
,"/Users/maximilianroell/workspace/plentyshop-pwa/apps/web/pages/offer/[offerId]/[accessKey].vue": {"lines":{"total":52,"covered":52,"skipped":0,"pct":100},"functions":{"total":0,"covered":0,"skipped":0,"pct":100},"statements":{"total":52,"covered":52,"skipped":0,"pct":100},"branches":{"total":2,"covered":2,"skipped":0,"pct":100}}
,"/Users/maximilianroell/workspace/plentyshop-pwa/apps/web/pages/product/[slug].vue": {"lines":{"total":122,"covered":122,"skipped":0,"pct":100},"functions":{"total":0,"covered":0,"skipped":0,"pct":100},"statements":{"total":122,"covered":122,"skipped":0,"pct":100},"branches":{"total":2,"covered":2,"skipped":0,"pct":100}}
,"/Users/maximilianroell/workspace/plentyshop-pwa/apps/web/pages/tag/[slug].vue": {"lines":{"total":44,"covered":44,"skipped":0,"pct":100},"functions":{"total":0,"covered":0,"skipped":0,"pct":100},"statements":{"total":44,"covered":44,"skipped":0,"pct":100},"branches":{"total":2,"covered":2,"skipped":0,"pct":100}}
,"/Users/maximilianroell/workspace/plentyshop-pwa/apps/web/utils/errorHelper.ts": {"lines":{"total":59,"covered":0,"skipped":0,"pct":0},"functions":{"total":1,"covered":0,"skipped":0,"pct":0},"statements":{"total":59,"covered":0,"skipped":0,"pct":0},"branches":{"total":1,"covered":0,"skipped":0,"pct":0}}
,"/Users/maximilianroell/workspace/plentyshop-pwa/apps/web/utils/jsonHelper.ts": {"lines":{"total":30,"covered":2,"skipped":0,"pct":6.66},"functions":{"total":2,"covered":0,"skipped":0,"pct":0},"statements":{"total":30,"covered":2,"skipped":0,"pct":6.66},"branches":{"total":0,"covered":0,"skipped":0,"pct":100}}
,"/Users/maximilianroell/workspace/plentyshop-pwa/apps/web/utils/pathHelper.ts": {"lines":{"total":3,"covered":3,"skipped":0,"pct":100},"functions":{"total":1,"covered":1,"skipped":0,"pct":100},"statements":{"total":3,"covered":3,"skipped":0,"pct":100},"branches":{"total":1,"covered":1,"skipped":0,"pct":100}}
,"/Users/maximilianroell/workspace/plentyshop-pwa/apps/web/utils/paths.ts": {"lines":{"total":29,"covered":29,"skipped":0,"pct":100},"functions":{"total":0,"covered":0,"skipped":0,"pct":100},"statements":{"total":29,"covered":29,"skipped":0,"pct":100},"branches":{"total":0,"covered":0,"skipped":0,"pct":100}}
,"/Users/maximilianroell/workspace/plentyshop-pwa/apps/web/utils/productHelper.ts": {"lines":{"total":55,"covered":18,"skipped":0,"pct":32.72},"functions":{"total":3,"covered":1,"skipped":0,"pct":33.33},"statements":{"total":55,"covered":18,"skipped":0,"pct":32.72},"branches":{"total":2,"covered":1,"skipped":0,"pct":50}}
,"/Users/maximilianroell/workspace/plentyshop-pwa/apps/web/utils/scollHelper.ts": {"lines":{"total":12,"covered":12,"skipped":0,"pct":100},"functions":{"total":1,"covered":1,"skipped":0,"pct":100},"statements":{"total":12,"covered":12,"skipped":0,"pct":100},"branches":{"total":3,"covered":1,"skipped":0,"pct":33.33}}
,"/Users/maximilianroell/workspace/plentyshop-pwa/apps/web/utils/sdkClientHelper.ts": {"lines":{"total":19,"covered":19,"skipped":0,"pct":100},"functions":{"total":1,"covered":1,"skipped":0,"pct":100},"statements":{"total":19,"covered":19,"skipped":0,"pct":100},"branches":{"total":5,"covered":4,"skipped":0,"pct":80}}
,"/Users/maximilianroell/workspace/plentyshop-pwa/apps/web/utils/tailwindHelper.ts": {"lines":{"total":33,"covered":33,"skipped":0,"pct":100},"functions":{"total":2,"covered":2,"skipped":0,"pct":100},"statements":{"total":33,"covered":33,"skipped":0,"pct":100},"branches":{"total":4,"covered":3,"skipped":0,"pct":75}}
,"/Users/maximilianroell/workspace/plentyshop-pwa/apps/web/utils/urlHelper.ts": {"lines":{"total":4,"covered":0,"skipped":0,"pct":0},"functions":{"total":1,"covered":0,"skipped":0,"pct":0},"statements":{"total":4,"covered":0,"skipped":0,"pct":0},"branches":{"total":1,"covered":0,"skipped":0,"pct":0}}
}
