{"/Users/maximilianroell/workspace/plentyshop-pwa/packages/shop-cli/src/core/index.ts": {"path":"/Users/maximilianroell/workspace/plentyshop-pwa/packages/shop-cli/src/core/index.ts","all":false,"statementMap":{"4":{"start":{"line":5,"column":0},"end":{"line":5,"column":27}},"5":{"start":{"line":6,"column":0},"end":{"line":6,"column":33}},"6":{"start":{"line":7,"column":0},"end":{"line":7,"column":29}},"7":{"start":{"line":8,"column":0},"end":{"line":8,"column":23}},"8":{"start":{"line":9,"column":0},"end":{"line":9,"column":26}}},"s":{"4":1,"5":1,"6":1,"7":1,"8":1},"branchMap":{},"b":{},"fnMap":{},"f":{}}
,"/Users/maximilianroell/workspace/plentyshop-pwa/packages/shop-cli/src/core/builders/ActionBuilder.ts": {"path":"/Users/maximilianroell/workspace/plentyshop-pwa/packages/shop-cli/src/core/builders/ActionBuilder.ts","all":false,"statementMap":{"6":{"start":{"line":7,"column":0},"end":{"line":7,"column":82}},"12":{"start":{"line":13,"column":0},"end":{"line":13,"column":28}},"13":{"start":{"line":14,"column":0},"end":{"line":14,"column":51}},"14":{"start":{"line":15,"column":0},"end":{"line":15,"column":36}},"15":{"start":{"line":16,"column":0},"end":{"line":16,"column":40}},"16":{"start":{"line":17,"column":0},"end":{"line":17,"column":32}},"17":{"start":{"line":18,"column":0},"end":{"line":18,"column":41}},"18":{"start":{"line":19,"column":0},"end":{"line":19,"column":31}},"20":{"start":{"line":21,"column":0},"end":{"line":21,"column":14}},"21":{"start":{"line":22,"column":0},"end":{"line":22,"column":17}},"22":{"start":{"line":23,"column":0},"end":{"line":23,"column":26}},"23":{"start":{"line":24,"column":0},"end":{"line":24,"column":69}},"24":{"start":{"line":25,"column":0},"end":{"line":25,"column":5}},"25":{"start":{"line":26,"column":0},"end":{"line":26,"column":21}},"26":{"start":{"line":27,"column":0},"end":{"line":27,"column":39}},"27":{"start":{"line":28,"column":0},"end":{"line":28,"column":43}},"28":{"start":{"line":29,"column":0},"end":{"line":29,"column":81}},"29":{"start":{"line":30,"column":0},"end":{"line":30,"column":3}},"34":{"start":{"line":35,"column":0},"end":{"line":35,"column":66}},"35":{"start":{"line":36,"column":0},"end":{"line":36,"column":41}},"36":{"start":{"line":37,"column":0},"end":{"line":37,"column":3}},"41":{"start":{"line":42,"column":0},"end":{"line":42,"column":39}},"42":{"start":{"line":43,"column":0},"end":{"line":43,"column":21}},"43":{"start":{"line":44,"column":0},"end":{"line":44,"column":16}},"44":{"start":{"line":45,"column":0},"end":{"line":45,"column":3}},"49":{"start":{"line":50,"column":0},"end":{"line":50,"column":14}},"50":{"start":{"line":51,"column":0},"end":{"line":51,"column":14}},"54":{"start":{"line":55,"column":0},"end":{"line":55,"column":11}},"55":{"start":{"line":56,"column":0},"end":{"line":56,"column":11}},"56":{"start":{"line":57,"column":0},"end":{"line":57,"column":11}},"57":{"start":{"line":58,"column":0},"end":{"line":58,"column":75}},"58":{"start":{"line":59,"column":0},"end":{"line":59,"column":57}},"59":{"start":{"line":60,"column":0},"end":{"line":60,"column":16}},"61":{"start":{"line":62,"column":0},"end":{"line":62,"column":23}},"62":{"start":{"line":63,"column":0},"end":{"line":63,"column":18}},"63":{"start":{"line":64,"column":0},"end":{"line":64,"column":43}},"64":{"start":{"line":65,"column":0},"end":{"line":65,"column":55}},"65":{"start":{"line":66,"column":0},"end":{"line":66,"column":22}},"66":{"start":{"line":67,"column":0},"end":{"line":67,"column":7}},"68":{"start":{"line":69,"column":0},"end":{"line":69,"column":16}},"69":{"start":{"line":70,"column":0},"end":{"line":70,"column":3}},"74":{"start":{"line":75,"column":0},"end":{"line":75,"column":37}},"75":{"start":{"line":76,"column":0},"end":{"line":76,"column":52}},"77":{"start":{"line":78,"column":0},"end":{"line":78,"column":23}},"78":{"start":{"line":79,"column":0},"end":{"line":79,"column":18}},"79":{"start":{"line":80,"column":0},"end":{"line":80,"column":40}},"80":{"start":{"line":81,"column":0},"end":{"line":81,"column":59}},"81":{"start":{"line":82,"column":0},"end":{"line":82,"column":22}},"82":{"start":{"line":83,"column":0},"end":{"line":83,"column":7}},"84":{"start":{"line":85,"column":0},"end":{"line":85,"column":16}},"85":{"start":{"line":86,"column":0},"end":{"line":86,"column":3}},"90":{"start":{"line":91,"column":0},"end":{"line":91,"column":11}},"91":{"start":{"line":92,"column":0},"end":{"line":92,"column":14}},"94":{"start":{"line":95,"column":0},"end":{"line":95,"column":11}},"95":{"start":{"line":96,"column":0},"end":{"line":96,"column":11}},"96":{"start":{"line":97,"column":0},"end":{"line":97,"column":106}},"98":{"start":{"line":99,"column":0},"end":{"line":99,"column":23}},"99":{"start":{"line":100,"column":0},"end":{"line":100,"column":18}},"100":{"start":{"line":101,"column":0},"end":{"line":101,"column":53}},"101":{"start":{"line":102,"column":0},"end":{"line":102,"column":55}},"102":{"start":{"line":103,"column":0},"end":{"line":103,"column":22}},"103":{"start":{"line":104,"column":0},"end":{"line":104,"column":7}},"105":{"start":{"line":106,"column":0},"end":{"line":106,"column":16}},"106":{"start":{"line":107,"column":0},"end":{"line":107,"column":3}},"111":{"start":{"line":112,"column":0},"end":{"line":112,"column":37}},"112":{"start":{"line":113,"column":0},"end":{"line":113,"column":52}},"114":{"start":{"line":115,"column":0},"end":{"line":115,"column":23}},"115":{"start":{"line":116,"column":0},"end":{"line":116,"column":18}},"116":{"start":{"line":117,"column":0},"end":{"line":117,"column":40}},"117":{"start":{"line":118,"column":0},"end":{"line":118,"column":59}},"118":{"start":{"line":119,"column":0},"end":{"line":119,"column":22}},"119":{"start":{"line":120,"column":0},"end":{"line":120,"column":7}},"121":{"start":{"line":122,"column":0},"end":{"line":122,"column":16}},"122":{"start":{"line":123,"column":0},"end":{"line":123,"column":3}},"127":{"start":{"line":128,"column":0},"end":{"line":128,"column":91}},"128":{"start":{"line":129,"column":0},"end":{"line":129,"column":23}},"129":{"start":{"line":130,"column":0},"end":{"line":130,"column":18}},"130":{"start":{"line":131,"column":0},"end":{"line":131,"column":43}},"131":{"start":{"line":132,"column":0},"end":{"line":132,"column":59}},"132":{"start":{"line":133,"column":0},"end":{"line":133,"column":36}},"133":{"start":{"line":134,"column":0},"end":{"line":134,"column":7}},"135":{"start":{"line":136,"column":0},"end":{"line":136,"column":16}},"136":{"start":{"line":137,"column":0},"end":{"line":137,"column":3}},"141":{"start":{"line":142,"column":0},"end":{"line":142,"column":91}},"142":{"start":{"line":143,"column":0},"end":{"line":143,"column":23}},"143":{"start":{"line":144,"column":0},"end":{"line":144,"column":18}},"144":{"start":{"line":145,"column":0},"end":{"line":145,"column":21}},"145":{"start":{"line":146,"column":0},"end":{"line":146,"column":59}},"146":{"start":{"line":147,"column":0},"end":{"line":147,"column":36}},"147":{"start":{"line":148,"column":0},"end":{"line":148,"column":7}},"149":{"start":{"line":150,"column":0},"end":{"line":150,"column":16}},"150":{"start":{"line":151,"column":0},"end":{"line":151,"column":3}},"155":{"start":{"line":156,"column":0},"end":{"line":156,"column":30}},"156":{"start":{"line":157,"column":0},"end":{"line":157,"column":29}},"157":{"start":{"line":158,"column":0},"end":{"line":158,"column":3}},"162":{"start":{"line":163,"column":0},"end":{"line":163,"column":37}},"163":{"start":{"line":164,"column":0},"end":{"line":164,"column":76}},"164":{"start":{"line":165,"column":0},"end":{"line":165,"column":27}},"165":{"start":{"line":166,"column":0},"end":{"line":166,"column":7}},"168":{"start":{"line":169,"column":0},"end":{"line":169,"column":41}},"169":{"start":{"line":170,"column":0},"end":{"line":170,"column":33}},"170":{"start":{"line":171,"column":0},"end":{"line":171,"column":23}},"171":{"start":{"line":172,"column":0},"end":{"line":172,"column":22}},"172":{"start":{"line":173,"column":0},"end":{"line":173,"column":21}},"173":{"start":{"line":174,"column":0},"end":{"line":174,"column":24}},"174":{"start":{"line":175,"column":0},"end":{"line":175,"column":20}},"175":{"start":{"line":176,"column":0},"end":{"line":176,"column":14}},"176":{"start":{"line":177,"column":0},"end":{"line":177,"column":20}},"177":{"start":{"line":178,"column":0},"end":{"line":178,"column":5}},"178":{"start":{"line":179,"column":0},"end":{"line":179,"column":3}},"183":{"start":{"line":184,"column":0},"end":{"line":184,"column":55}},"184":{"start":{"line":185,"column":0},"end":{"line":185,"column":56}},"186":{"start":{"line":187,"column":0},"end":{"line":187,"column":33}},"187":{"start":{"line":188,"column":0},"end":{"line":188,"column":23}},"188":{"start":{"line":189,"column":0},"end":{"line":189,"column":44}},"189":{"start":{"line":190,"column":0},"end":{"line":190,"column":24}},"190":{"start":{"line":191,"column":0},"end":{"line":191,"column":33}},"191":{"start":{"line":192,"column":0},"end":{"line":192,"column":14}},"192":{"start":{"line":193,"column":0},"end":{"line":193,"column":33}},"193":{"start":{"line":194,"column":0},"end":{"line":194,"column":5}},"194":{"start":{"line":195,"column":0},"end":{"line":195,"column":3}},"199":{"start":{"line":200,"column":0},"end":{"line":200,"column":37}},"200":{"start":{"line":201,"column":0},"end":{"line":201,"column":33}},"201":{"start":{"line":202,"column":0},"end":{"line":202,"column":23}},"202":{"start":{"line":203,"column":0},"end":{"line":203,"column":45}},"203":{"start":{"line":204,"column":0},"end":{"line":204,"column":24}},"204":{"start":{"line":205,"column":0},"end":{"line":205,"column":34}},"205":{"start":{"line":206,"column":0},"end":{"line":206,"column":14}},"206":{"start":{"line":207,"column":0},"end":{"line":207,"column":34}},"207":{"start":{"line":208,"column":0},"end":{"line":208,"column":5}},"208":{"start":{"line":209,"column":0},"end":{"line":209,"column":3}},"209":{"start":{"line":210,"column":0},"end":{"line":210,"column":1}},"214":{"start":{"line":215,"column":0},"end":{"line":215,"column":35}},"218":{"start":{"line":219,"column":0},"end":{"line":219,"column":78}},"219":{"start":{"line":220,"column":0},"end":{"line":220,"column":56}},"220":{"start":{"line":221,"column":0},"end":{"line":221,"column":33}},"221":{"start":{"line":222,"column":0},"end":{"line":222,"column":20}},"222":{"start":{"line":223,"column":0},"end":{"line":223,"column":17}},"223":{"start":{"line":224,"column":0},"end":{"line":224,"column":17}},"224":{"start":{"line":225,"column":0},"end":{"line":225,"column":15}},"225":{"start":{"line":226,"column":0},"end":{"line":226,"column":3}},"230":{"start":{"line":231,"column":0},"end":{"line":231,"column":76}},"231":{"start":{"line":232,"column":0},"end":{"line":232,"column":57}},"232":{"start":{"line":233,"column":0},"end":{"line":233,"column":33}},"233":{"start":{"line":234,"column":0},"end":{"line":234,"column":20}},"234":{"start":{"line":235,"column":0},"end":{"line":235,"column":17}},"235":{"start":{"line":236,"column":0},"end":{"line":236,"column":17}},"236":{"start":{"line":237,"column":0},"end":{"line":237,"column":17}},"237":{"start":{"line":238,"column":0},"end":{"line":238,"column":15}},"238":{"start":{"line":239,"column":0},"end":{"line":239,"column":3}},"239":{"start":{"line":240,"column":0},"end":{"line":240,"column":1}}},"s":{"6":1,"12":1,"13":1,"14":1,"15":1,"16":1,"17":1,"18":1,"20":1,"21":11,"22":11,"23":11,"24":11,"25":11,"26":11,"27":11,"28":11,"29":11,"34":1,"35":11,"36":11,"41":1,"42":6,"43":6,"44":6,"49":1,"50":10,"54":10,"55":10,"56":10,"57":10,"58":10,"59":10,"61":10,"62":10,"63":10,"64":10,"65":10,"66":10,"68":10,"69":10,"74":1,"75":7,"77":7,"78":7,"79":7,"80":7,"81":7,"82":7,"84":7,"85":7,"90":1,"91":7,"94":7,"95":7,"96":7,"98":7,"99":7,"100":7,"101":7,"102":7,"103":7,"105":7,"106":7,"111":1,"112":3,"114":3,"115":3,"116":3,"117":3,"118":3,"119":3,"121":3,"122":3,"127":1,"128":1,"129":1,"130":1,"131":1,"132":1,"133":1,"135":1,"136":1,"141":1,"142":1,"143":1,"144":1,"145":1,"146":1,"147":1,"149":1,"150":1,"155":1,"156":11,"157":11,"162":1,"163":11,"164":11,"165":11,"168":1,"169":18,"170":18,"171":18,"172":12,"173":18,"174":6,"175":18,"176":0,"177":18,"178":18,"183":1,"184":10,"186":10,"187":10,"188":7,"189":10,"190":3,"191":10,"192":0,"193":10,"194":10,"199":1,"200":7,"201":7,"202":5,"203":7,"204":2,"205":7,"206":0,"207":7,"208":7,"209":1,"214":1,"218":1,"219":2,"220":2,"221":2,"222":2,"223":2,"224":2,"225":2,"230":1,"231":1,"232":1,"233":1,"234":1,"235":1,"236":1,"237":1,"238":1,"239":1},"branchMap":{"0":{"type":"branch","line":21,"loc":{"start":{"line":21,"column":2},"end":{"line":30,"column":3}},"locations":[{"start":{"line":21,"column":2},"end":{"line":30,"column":3}}]},"1":{"type":"branch","line":35,"loc":{"start":{"line":35,"column":9},"end":{"line":37,"column":3}},"locations":[{"start":{"line":35,"column":9},"end":{"line":37,"column":3}}]},"2":{"type":"branch","line":42,"loc":{"start":{"line":42,"column":2},"end":{"line":45,"column":3}},"locations":[{"start":{"line":42,"column":2},"end":{"line":45,"column":3}}]},"3":{"type":"branch","line":50,"loc":{"start":{"line":50,"column":2},"end":{"line":70,"column":3}},"locations":[{"start":{"line":50,"column":2},"end":{"line":70,"column":3}}]},"4":{"type":"branch","line":75,"loc":{"start":{"line":75,"column":2},"end":{"line":86,"column":3}},"locations":[{"start":{"line":75,"column":2},"end":{"line":86,"column":3}}]},"5":{"type":"branch","line":76,"loc":{"start":{"line":76,"column":25},"end":{"line":76,"column":52}},"locations":[{"start":{"line":76,"column":25},"end":{"line":76,"column":52}}]},"6":{"type":"branch","line":91,"loc":{"start":{"line":91,"column":2},"end":{"line":107,"column":3}},"locations":[{"start":{"line":91,"column":2},"end":{"line":107,"column":3}}]},"7":{"type":"branch","line":112,"loc":{"start":{"line":112,"column":2},"end":{"line":123,"column":3}},"locations":[{"start":{"line":112,"column":2},"end":{"line":123,"column":3}}]},"8":{"type":"branch","line":128,"loc":{"start":{"line":128,"column":2},"end":{"line":137,"column":3}},"locations":[{"start":{"line":128,"column":2},"end":{"line":137,"column":3}}]},"9":{"type":"branch","line":142,"loc":{"start":{"line":142,"column":2},"end":{"line":151,"column":3}},"locations":[{"start":{"line":142,"column":2},"end":{"line":151,"column":3}}]},"10":{"type":"branch","line":156,"loc":{"start":{"line":156,"column":2},"end":{"line":158,"column":3}},"locations":[{"start":{"line":156,"column":2},"end":{"line":158,"column":3}}]},"11":{"type":"branch","line":163,"loc":{"start":{"line":163,"column":10},"end":{"line":166,"column":7}},"locations":[{"start":{"line":163,"column":10},"end":{"line":166,"column":7}}]},"12":{"type":"branch","line":169,"loc":{"start":{"line":169,"column":10},"end":{"line":179,"column":3}},"locations":[{"start":{"line":169,"column":10},"end":{"line":179,"column":3}}]},"13":{"type":"branch","line":171,"loc":{"start":{"line":171,"column":6},"end":{"line":171,"column":23}},"locations":[{"start":{"line":171,"column":6},"end":{"line":171,"column":23}}]},"14":{"type":"branch","line":172,"loc":{"start":{"line":172,"column":6},"end":{"line":173,"column":21}},"locations":[{"start":{"line":172,"column":6},"end":{"line":173,"column":21}}]},"15":{"type":"branch","line":174,"loc":{"start":{"line":174,"column":6},"end":{"line":175,"column":20}},"locations":[{"start":{"line":174,"column":6},"end":{"line":175,"column":20}}]},"16":{"type":"branch","line":176,"loc":{"start":{"line":176,"column":6},"end":{"line":177,"column":20}},"locations":[{"start":{"line":176,"column":6},"end":{"line":177,"column":20}}]},"17":{"type":"branch","line":184,"loc":{"start":{"line":184,"column":10},"end":{"line":195,"column":3}},"locations":[{"start":{"line":184,"column":10},"end":{"line":195,"column":3}}]},"18":{"type":"branch","line":185,"loc":{"start":{"line":185,"column":16},"end":{"line":185,"column":56}},"locations":[{"start":{"line":185,"column":16},"end":{"line":185,"column":56}}]},"19":{"type":"branch","line":188,"loc":{"start":{"line":188,"column":6},"end":{"line":189,"column":44}},"locations":[{"start":{"line":188,"column":6},"end":{"line":189,"column":44}}]},"20":{"type":"branch","line":190,"loc":{"start":{"line":190,"column":6},"end":{"line":191,"column":33}},"locations":[{"start":{"line":190,"column":6},"end":{"line":191,"column":33}}]},"21":{"type":"branch","line":192,"loc":{"start":{"line":192,"column":6},"end":{"line":193,"column":33}},"locations":[{"start":{"line":192,"column":6},"end":{"line":193,"column":33}}]},"22":{"type":"branch","line":200,"loc":{"start":{"line":200,"column":10},"end":{"line":209,"column":3}},"locations":[{"start":{"line":200,"column":10},"end":{"line":209,"column":3}}]},"23":{"type":"branch","line":202,"loc":{"start":{"line":202,"column":6},"end":{"line":203,"column":45}},"locations":[{"start":{"line":202,"column":6},"end":{"line":203,"column":45}}]},"24":{"type":"branch","line":204,"loc":{"start":{"line":204,"column":6},"end":{"line":205,"column":34}},"locations":[{"start":{"line":204,"column":6},"end":{"line":205,"column":34}}]},"25":{"type":"branch","line":206,"loc":{"start":{"line":206,"column":6},"end":{"line":207,"column":34}},"locations":[{"start":{"line":206,"column":6},"end":{"line":207,"column":34}}]},"26":{"type":"branch","line":219,"loc":{"start":{"line":219,"column":9},"end":{"line":226,"column":3}},"locations":[{"start":{"line":219,"column":9},"end":{"line":226,"column":3}}]},"27":{"type":"branch","line":221,"loc":{"start":{"line":221,"column":16},"end":{"line":221,"column":32}},"locations":[{"start":{"line":221,"column":16},"end":{"line":221,"column":32}}]},"28":{"type":"branch","line":231,"loc":{"start":{"line":231,"column":9},"end":{"line":239,"column":3}},"locations":[{"start":{"line":231,"column":9},"end":{"line":239,"column":3}}]}},"b":{"0":[11],"1":[11],"2":[6],"3":[10],"4":[7],"5":[6],"6":[7],"7":[3],"8":[1],"9":[1],"10":[11],"11":[11],"12":[18],"13":[12],"14":[12],"15":[6],"16":[0],"17":[10],"18":[9],"19":[7],"20":[3],"21":[0],"22":[7],"23":[5],"24":[2],"25":[0],"26":[2],"27":[1],"28":[1]},"fnMap":{"0":{"name":"ActionBuilder","decl":{"start":{"line":21,"column":2},"end":{"line":30,"column":3}},"loc":{"start":{"line":21,"column":2},"end":{"line":30,"column":3}},"line":21},"1":{"name":"forGenerator","decl":{"start":{"line":35,"column":9},"end":{"line":37,"column":3}},"loc":{"start":{"line":35,"column":9},"end":{"line":37,"column":3}},"line":35},"2":{"name":"withData","decl":{"start":{"line":42,"column":2},"end":{"line":45,"column":3}},"loc":{"start":{"line":42,"column":2},"end":{"line":45,"column":3}},"line":42},"3":{"name":"addMainFile","decl":{"start":{"line":50,"column":2},"end":{"line":70,"column":3}},"loc":{"start":{"line":50,"column":2},"end":{"line":70,"column":3}},"line":50},"4":{"name":"addTypes","decl":{"start":{"line":75,"column":2},"end":{"line":86,"column":3}},"loc":{"start":{"line":75,"column":2},"end":{"line":86,"column":3}},"line":75},"5":{"name":"addTests","decl":{"start":{"line":91,"column":2},"end":{"line":107,"column":3}},"loc":{"start":{"line":91,"column":2},"end":{"line":107,"column":3}},"line":91},"6":{"name":"addIndex","decl":{"start":{"line":112,"column":2},"end":{"line":123,"column":3}},"loc":{"start":{"line":112,"column":2},"end":{"line":123,"column":3}},"line":112},"7":{"name":"addCustomFile","decl":{"start":{"line":128,"column":2},"end":{"line":137,"column":3}},"loc":{"start":{"line":128,"column":2},"end":{"line":137,"column":3}},"line":128},"8":{"name":"addFileToPath","decl":{"start":{"line":142,"column":2},"end":{"line":151,"column":3}},"loc":{"start":{"line":142,"column":2},"end":{"line":151,"column":3}},"line":142},"9":{"name":"build","decl":{"start":{"line":156,"column":2},"end":{"line":158,"column":3}},"loc":{"start":{"line":156,"column":2},"end":{"line":158,"column":3}},"line":156},"10":{"name":"resolveBasePath","decl":{"start":{"line":163,"column":10},"end":{"line":166,"column":7}},"loc":{"start":{"line":163,"column":10},"end":{"line":166,"column":7}},"line":163},"11":{"name":"getDefaultExtension","decl":{"start":{"line":169,"column":10},"end":{"line":179,"column":3}},"loc":{"start":{"line":169,"column":10},"end":{"line":179,"column":3}},"line":169},"12":{"name":"getMainFileName","decl":{"start":{"line":184,"column":10},"end":{"line":195,"column":3}},"loc":{"start":{"line":184,"column":10},"end":{"line":195,"column":3}},"line":184},"13":{"name":"getTestFileName","decl":{"start":{"line":200,"column":10},"end":{"line":209,"column":3}},"loc":{"start":{"line":200,"column":10},"end":{"line":209,"column":3}},"line":200},"14":{"name":"vueComponent","decl":{"start":{"line":219,"column":9},"end":{"line":226,"column":3}},"loc":{"start":{"line":219,"column":9},"end":{"line":226,"column":3}},"line":219},"15":{"name":"composable","decl":{"start":{"line":231,"column":9},"end":{"line":239,"column":3}},"loc":{"start":{"line":231,"column":9},"end":{"line":239,"column":3}},"line":231}},"f":{"0":11,"1":11,"2":6,"3":10,"4":7,"5":7,"6":3,"7":1,"8":1,"9":11,"10":11,"11":18,"12":10,"13":7,"14":2,"15":1}}
,"/Users/maximilianroell/workspace/plentyshop-pwa/packages/shop-cli/src/core/builders/index.ts": {"path":"/Users/maximilianroell/workspace/plentyshop-pwa/packages/shop-cli/src/core/builders/index.ts","all":false,"statementMap":{"0":{"start":{"line":1,"column":0},"end":{"line":1,"column":32}}},"s":{"0":1},"branchMap":{},"b":{},"fnMap":{},"f":{}}
,"/Users/maximilianroell/workspace/plentyshop-pwa/packages/shop-cli/src/core/error-handling/ErrorDecorator.ts": {"path":"/Users/maximilianroell/workspace/plentyshop-pwa/packages/shop-cli/src/core/error-handling/ErrorDecorator.ts","all":false,"statementMap":{"1":{"start":{"line":2,"column":0},"end":{"line":2,"column":60}},"7":{"start":{"line":8,"column":0},"end":{"line":8,"column":36}},"8":{"start":{"line":9,"column":0},"end":{"line":9,"column":47}},"9":{"start":{"line":10,"column":0},"end":{"line":10,"column":18}},"10":{"start":{"line":11,"column":0},"end":{"line":11,"column":51}},"11":{"start":{"line":12,"column":0},"end":{"line":12,"column":41}},"12":{"start":{"line":13,"column":0},"end":{"line":13,"column":48}},"13":{"start":{"line":14,"column":0},"end":{"line":14,"column":44}},"14":{"start":{"line":15,"column":0},"end":{"line":15,"column":75}},"16":{"start":{"line":17,"column":0},"end":{"line":17,"column":26}},"17":{"start":{"line":18,"column":0},"end":{"line":18,"column":16}},"18":{"start":{"line":19,"column":0},"end":{"line":19,"column":5}},"20":{"start":{"line":21,"column":0},"end":{"line":21,"column":23}},"21":{"start":{"line":22,"column":0},"end":{"line":22,"column":4}},"22":{"start":{"line":23,"column":0},"end":{"line":23,"column":1}}},"s":{"1":1,"7":1,"8":0,"9":0,"10":0,"11":0,"12":0,"13":0,"14":0,"16":0,"17":0,"18":0,"20":0,"21":0,"22":0},"branchMap":{},"b":{},"fnMap":{"0":{"name":"wrapGeneratorMethod","decl":{"start":{"line":8,"column":7},"end":{"line":23,"column":1}},"loc":{"start":{"line":8,"column":7},"end":{"line":23,"column":1}},"line":8}},"f":{"0":0}}
,"/Users/maximilianroell/workspace/plentyshop-pwa/packages/shop-cli/src/core/error-handling/ErrorFactory.ts": {"path":"/Users/maximilianroell/workspace/plentyshop-pwa/packages/shop-cli/src/core/error-handling/ErrorFactory.ts","all":false,"statementMap":{"0":{"start":{"line":1,"column":0},"end":{"line":1,"column":46}},"6":{"start":{"line":7,"column":0},"end":{"line":7,"column":54}},"11":{"start":{"line":12,"column":0},"end":{"line":12,"column":93}},"12":{"start":{"line":13,"column":0},"end":{"line":13,"column":34}},"13":{"start":{"line":14,"column":0},"end":{"line":14,"column":1}}},"s":{"0":1,"6":1,"11":1,"12":2,"13":2},"branchMap":{"0":{"type":"branch","line":12,"loc":{"start":{"line":12,"column":7},"end":{"line":14,"column":1}},"locations":[{"start":{"line":12,"column":7},"end":{"line":14,"column":1}}]}},"b":{"0":[2]},"fnMap":{"0":{"name":"createErrorHandler","decl":{"start":{"line":12,"column":7},"end":{"line":14,"column":1}},"loc":{"start":{"line":12,"column":7},"end":{"line":14,"column":1}},"line":12}},"f":{"0":2}}
,"/Users/maximilianroell/workspace/plentyshop-pwa/packages/shop-cli/src/core/error-handling/ErrorHandler.ts": {"path":"/Users/maximilianroell/workspace/plentyshop-pwa/packages/shop-cli/src/core/error-handling/ErrorHandler.ts","all":false,"statementMap":{"2":{"start":{"line":3,"column":0},"end":{"line":3,"column":42}},"3":{"start":{"line":4,"column":0},"end":{"line":4,"column":81}},"8":{"start":{"line":9,"column":0},"end":{"line":9,"column":58}},"9":{"start":{"line":10,"column":0},"end":{"line":10,"column":18}},"10":{"start":{"line":11,"column":0},"end":{"line":11,"column":16}},"11":{"start":{"line":12,"column":0},"end":{"line":12,"column":24}},"12":{"start":{"line":13,"column":0},"end":{"line":13,"column":2}},"18":{"start":{"line":19,"column":0},"end":{"line":19,"column":27}},"19":{"start":{"line":20,"column":0},"end":{"line":20,"column":47}},"21":{"start":{"line":22,"column":0},"end":{"line":22,"column":58}},"22":{"start":{"line":23,"column":0},"end":{"line":23,"column":57}},"23":{"start":{"line":24,"column":0},"end":{"line":24,"column":3}},"28":{"start":{"line":29,"column":0},"end":{"line":29,"column":25}},"29":{"start":{"line":30,"column":0},"end":{"line":30,"column":26}},"30":{"start":{"line":31,"column":0},"end":{"line":31,"column":34}},"31":{"start":{"line":32,"column":0},"end":{"line":32,"column":25}},"32":{"start":{"line":33,"column":0},"end":{"line":33,"column":32}},"33":{"start":{"line":34,"column":0},"end":{"line":34,"column":9}},"34":{"start":{"line":35,"column":0},"end":{"line":35,"column":33}},"35":{"start":{"line":36,"column":0},"end":{"line":36,"column":14}},"36":{"start":{"line":37,"column":0},"end":{"line":37,"column":22}},"37":{"start":{"line":38,"column":0},"end":{"line":38,"column":21}},"38":{"start":{"line":39,"column":0},"end":{"line":39,"column":8}},"39":{"start":{"line":40,"column":0},"end":{"line":40,"column":21}},"40":{"start":{"line":41,"column":0},"end":{"line":41,"column":67}},"41":{"start":{"line":42,"column":0},"end":{"line":42,"column":5}},"42":{"start":{"line":43,"column":0},"end":{"line":43,"column":3}},"47":{"start":{"line":48,"column":0},"end":{"line":48,"column":89}},"48":{"start":{"line":49,"column":0},"end":{"line":49,"column":42}},"49":{"start":{"line":50,"column":0},"end":{"line":50,"column":33}},"50":{"start":{"line":51,"column":0},"end":{"line":51,"column":14}},"51":{"start":{"line":52,"column":0},"end":{"line":52,"column":20}},"52":{"start":{"line":53,"column":0},"end":{"line":53,"column":46}},"53":{"start":{"line":54,"column":0},"end":{"line":54,"column":36}},"54":{"start":{"line":55,"column":0},"end":{"line":55,"column":46}},"55":{"start":{"line":56,"column":0},"end":{"line":56,"column":8}},"56":{"start":{"line":57,"column":0},"end":{"line":57,"column":7}},"57":{"start":{"line":58,"column":0},"end":{"line":58,"column":3}},"62":{"start":{"line":63,"column":0},"end":{"line":63,"column":102}},"63":{"start":{"line":64,"column":0},"end":{"line":64,"column":42}},"64":{"start":{"line":65,"column":0},"end":{"line":65,"column":33}},"65":{"start":{"line":66,"column":0},"end":{"line":66,"column":14}},"66":{"start":{"line":67,"column":0},"end":{"line":67,"column":20}},"67":{"start":{"line":68,"column":0},"end":{"line":68,"column":47}},"68":{"start":{"line":69,"column":0},"end":{"line":69,"column":48}},"69":{"start":{"line":70,"column":0},"end":{"line":70,"column":39}},"70":{"start":{"line":71,"column":0},"end":{"line":71,"column":8}},"71":{"start":{"line":72,"column":0},"end":{"line":72,"column":7}},"72":{"start":{"line":73,"column":0},"end":{"line":73,"column":3}},"77":{"start":{"line":78,"column":0},"end":{"line":78,"column":87}},"78":{"start":{"line":79,"column":0},"end":{"line":79,"column":42}},"79":{"start":{"line":80,"column":0},"end":{"line":80,"column":31}},"80":{"start":{"line":81,"column":0},"end":{"line":81,"column":43}},"81":{"start":{"line":82,"column":0},"end":{"line":82,"column":20}},"82":{"start":{"line":83,"column":0},"end":{"line":83,"column":44}},"83":{"start":{"line":84,"column":0},"end":{"line":84,"column":47}},"84":{"start":{"line":85,"column":0},"end":{"line":85,"column":38}},"85":{"start":{"line":86,"column":0},"end":{"line":86,"column":8}},"86":{"start":{"line":87,"column":0},"end":{"line":87,"column":7}},"87":{"start":{"line":88,"column":0},"end":{"line":88,"column":3}},"92":{"start":{"line":93,"column":0},"end":{"line":93,"column":82}},"93":{"start":{"line":94,"column":0},"end":{"line":94,"column":42}},"94":{"start":{"line":95,"column":0},"end":{"line":95,"column":29}},"95":{"start":{"line":96,"column":0},"end":{"line":96,"column":39}},"96":{"start":{"line":97,"column":0},"end":{"line":97,"column":20}},"97":{"start":{"line":98,"column":0},"end":{"line":98,"column":37}},"98":{"start":{"line":99,"column":0},"end":{"line":99,"column":37}},"99":{"start":{"line":100,"column":0},"end":{"line":100,"column":48}},"100":{"start":{"line":101,"column":0},"end":{"line":101,"column":8}},"101":{"start":{"line":102,"column":0},"end":{"line":102,"column":7}},"102":{"start":{"line":103,"column":0},"end":{"line":103,"column":3}},"107":{"start":{"line":108,"column":0},"end":{"line":108,"column":82}},"108":{"start":{"line":109,"column":0},"end":{"line":109,"column":56}},"109":{"start":{"line":110,"column":0},"end":{"line":110,"column":3}},"114":{"start":{"line":115,"column":0},"end":{"line":115,"column":43}},"115":{"start":{"line":116,"column":0},"end":{"line":116,"column":31}},"116":{"start":{"line":117,"column":0},"end":{"line":117,"column":38}},"117":{"start":{"line":118,"column":0},"end":{"line":118,"column":13}},"118":{"start":{"line":119,"column":0},"end":{"line":119,"column":5}},"120":{"start":{"line":121,"column":0},"end":{"line":121,"column":92}},"121":{"start":{"line":122,"column":0},"end":{"line":122,"column":3}},"126":{"start":{"line":127,"column":0},"end":{"line":127,"column":97}},"127":{"start":{"line":128,"column":0},"end":{"line":128,"column":9}},"128":{"start":{"line":129,"column":0},"end":{"line":129,"column":33}},"129":{"start":{"line":130,"column":0},"end":{"line":130,"column":14}},"130":{"start":{"line":131,"column":0},"end":{"line":131,"column":22}},"131":{"start":{"line":132,"column":0},"end":{"line":132,"column":21}},"132":{"start":{"line":133,"column":0},"end":{"line":133,"column":8}},"133":{"start":{"line":134,"column":0},"end":{"line":134,"column":21}},"134":{"start":{"line":135,"column":0},"end":{"line":135,"column":65}},"135":{"start":{"line":136,"column":0},"end":{"line":136,"column":34}},"137":{"start":{"line":138,"column":0},"end":{"line":138,"column":33}},"138":{"start":{"line":139,"column":0},"end":{"line":139,"column":43}},"139":{"start":{"line":140,"column":0},"end":{"line":140,"column":7}},"141":{"start":{"line":142,"column":0},"end":{"line":142,"column":14}},"142":{"start":{"line":143,"column":0},"end":{"line":143,"column":23}},"143":{"start":{"line":144,"column":0},"end":{"line":144,"column":25}},"144":{"start":{"line":145,"column":0},"end":{"line":145,"column":8}},"145":{"start":{"line":146,"column":0},"end":{"line":146,"column":5}},"146":{"start":{"line":147,"column":0},"end":{"line":147,"column":3}},"151":{"start":{"line":152,"column":0},"end":{"line":152,"column":120}},"152":{"start":{"line":153,"column":0},"end":{"line":153,"column":51}},"153":{"start":{"line":154,"column":0},"end":{"line":154,"column":33}},"154":{"start":{"line":155,"column":0},"end":{"line":155,"column":45}},"155":{"start":{"line":156,"column":0},"end":{"line":156,"column":20}},"156":{"start":{"line":157,"column":0},"end":{"line":157,"column":49}},"157":{"start":{"line":158,"column":0},"end":{"line":158,"column":38}},"158":{"start":{"line":159,"column":0},"end":{"line":159,"column":49}},"159":{"start":{"line":160,"column":0},"end":{"line":160,"column":8}},"160":{"start":{"line":161,"column":0},"end":{"line":161,"column":7}},"162":{"start":{"line":163,"column":0},"end":{"line":163,"column":38}},"163":{"start":{"line":164,"column":0},"end":{"line":164,"column":90}},"164":{"start":{"line":165,"column":0},"end":{"line":165,"column":5}},"166":{"start":{"line":167,"column":0},"end":{"line":167,"column":32}},"168":{"start":{"line":169,"column":0},"end":{"line":169,"column":31}},"169":{"start":{"line":170,"column":0},"end":{"line":170,"column":41}},"170":{"start":{"line":171,"column":0},"end":{"line":171,"column":5}},"172":{"start":{"line":173,"column":0},"end":{"line":173,"column":12}},"173":{"start":{"line":174,"column":0},"end":{"line":174,"column":21}},"174":{"start":{"line":175,"column":0},"end":{"line":175,"column":23}},"175":{"start":{"line":176,"column":0},"end":{"line":176,"column":6}},"176":{"start":{"line":177,"column":0},"end":{"line":177,"column":3}},"177":{"start":{"line":178,"column":0},"end":{"line":178,"column":1}}},"s":{"2":1,"3":1,"8":1,"9":1,"10":1,"11":1,"12":1,"18":1,"19":1,"21":1,"22":20,"23":20,"28":1,"29":5,"30":5,"31":5,"32":5,"33":5,"34":5,"35":5,"36":5,"37":5,"38":5,"39":5,"40":2,"41":2,"42":5,"47":1,"48":7,"49":7,"50":7,"51":7,"52":7,"53":7,"54":7,"55":7,"56":7,"57":7,"62":1,"63":1,"64":1,"65":1,"66":1,"67":1,"68":1,"69":1,"70":1,"71":1,"72":1,"77":1,"78":1,"79":1,"80":1,"81":1,"82":1,"83":1,"84":1,"85":1,"86":1,"87":1,"92":1,"93":1,"94":1,"95":1,"96":1,"97":1,"98":1,"99":1,"100":1,"101":1,"102":1,"107":1,"108":10,"109":10,"114":1,"115":10,"116":7,"117":7,"118":7,"120":3,"121":10,"126":1,"127":10,"128":10,"129":10,"130":10,"131":10,"132":10,"133":10,"134":8,"135":8,"137":8,"138":2,"139":2,"141":6,"142":6,"143":6,"144":6,"145":6,"146":10,"151":1,"152":2,"153":2,"154":2,"155":2,"156":2,"157":2,"158":2,"159":2,"160":2,"162":2,"163":1,"164":1,"166":2,"168":2,"169":0,"170":0,"172":2,"173":2,"174":2,"175":2,"176":2,"177":1},"branchMap":{"0":{"type":"branch","line":20,"loc":{"start":{"line":20,"column":19},"end":{"line":20,"column":47}},"locations":[{"start":{"line":20,"column":19},"end":{"line":20,"column":47}}]},"1":{"type":"branch","line":22,"loc":{"start":{"line":22,"column":2},"end":{"line":24,"column":3}},"locations":[{"start":{"line":22,"column":2},"end":{"line":24,"column":3}}]},"2":{"type":"branch","line":29,"loc":{"start":{"line":29,"column":2},"end":{"line":43,"column":3}},"locations":[{"start":{"line":29,"column":2},"end":{"line":43,"column":3}}]},"3":{"type":"branch","line":40,"loc":{"start":{"line":40,"column":4},"end":{"line":42,"column":5}},"locations":[{"start":{"line":40,"column":4},"end":{"line":42,"column":5}}]},"4":{"type":"branch","line":48,"loc":{"start":{"line":48,"column":2},"end":{"line":58,"column":3}},"locations":[{"start":{"line":48,"column":2},"end":{"line":58,"column":3}}]},"5":{"type":"branch","line":63,"loc":{"start":{"line":63,"column":2},"end":{"line":73,"column":3}},"locations":[{"start":{"line":63,"column":2},"end":{"line":73,"column":3}}]},"6":{"type":"branch","line":78,"loc":{"start":{"line":78,"column":2},"end":{"line":88,"column":3}},"locations":[{"start":{"line":78,"column":2},"end":{"line":88,"column":3}}]},"7":{"type":"branch","line":93,"loc":{"start":{"line":93,"column":2},"end":{"line":103,"column":3}},"locations":[{"start":{"line":93,"column":2},"end":{"line":103,"column":3}}]},"8":{"type":"branch","line":108,"loc":{"start":{"line":108,"column":2},"end":{"line":110,"column":3}},"locations":[{"start":{"line":108,"column":2},"end":{"line":110,"column":3}}]},"9":{"type":"branch","line":115,"loc":{"start":{"line":115,"column":2},"end":{"line":122,"column":3}},"locations":[{"start":{"line":115,"column":2},"end":{"line":122,"column":3}}]},"10":{"type":"branch","line":116,"loc":{"start":{"line":116,"column":30},"end":{"line":119,"column":5}},"locations":[{"start":{"line":116,"column":30},"end":{"line":119,"column":5}}]},"11":{"type":"branch","line":119,"loc":{"start":{"line":119,"column":4},"end":{"line":121,"column":92}},"locations":[{"start":{"line":119,"column":4},"end":{"line":121,"column":92}}]},"12":{"type":"branch","line":127,"loc":{"start":{"line":127,"column":10},"end":{"line":147,"column":3}},"locations":[{"start":{"line":127,"column":10},"end":{"line":147,"column":3}}]},"13":{"type":"branch","line":134,"loc":{"start":{"line":134,"column":4},"end":{"line":146,"column":5}},"locations":[{"start":{"line":134,"column":4},"end":{"line":146,"column":5}}]},"14":{"type":"branch","line":138,"loc":{"start":{"line":138,"column":32},"end":{"line":146,"column":5}},"locations":[{"start":{"line":138,"column":32},"end":{"line":146,"column":5}}]},"15":{"type":"branch","line":138,"loc":{"start":{"line":138,"column":32},"end":{"line":140,"column":7}},"locations":[{"start":{"line":138,"column":32},"end":{"line":140,"column":7}}]},"16":{"type":"branch","line":140,"loc":{"start":{"line":140,"column":6},"end":{"line":146,"column":5}},"locations":[{"start":{"line":140,"column":6},"end":{"line":146,"column":5}}]},"17":{"type":"branch","line":152,"loc":{"start":{"line":152,"column":10},"end":{"line":177,"column":3}},"locations":[{"start":{"line":152,"column":10},"end":{"line":177,"column":3}}]},"18":{"type":"branch","line":163,"loc":{"start":{"line":163,"column":8},"end":{"line":163,"column":37}},"locations":[{"start":{"line":163,"column":8},"end":{"line":163,"column":37}}]},"19":{"type":"branch","line":163,"loc":{"start":{"line":163,"column":37},"end":{"line":165,"column":5}},"locations":[{"start":{"line":163,"column":37},"end":{"line":165,"column":5}}]},"20":{"type":"branch","line":169,"loc":{"start":{"line":169,"column":30},"end":{"line":171,"column":5}},"locations":[{"start":{"line":169,"column":30},"end":{"line":171,"column":5}}]}},"b":{"0":[20],"1":[20],"2":[5],"3":[2],"4":[7],"5":[1],"6":[1],"7":[1],"8":[10],"9":[10],"10":[7],"11":[3],"12":[10],"13":[8],"14":[7],"15":[2],"16":[6],"17":[2],"18":[1],"19":[1],"20":[0]},"fnMap":{"0":{"name":"<instance_members_initializer>","decl":{"start":{"line":20,"column":19},"end":{"line":20,"column":47}},"loc":{"start":{"line":20,"column":19},"end":{"line":20,"column":47}},"line":20},"1":{"name":"ErrorHandler","decl":{"start":{"line":22,"column":2},"end":{"line":24,"column":3}},"loc":{"start":{"line":22,"column":2},"end":{"line":24,"column":3}},"line":22},"2":{"name":"wrapGeneratorExecution","decl":{"start":{"line":29,"column":2},"end":{"line":43,"column":3}},"loc":{"start":{"line":29,"column":2},"end":{"line":43,"column":3}},"line":29},"3":{"name":"wrapValidation","decl":{"start":{"line":48,"column":2},"end":{"line":58,"column":3}},"loc":{"start":{"line":48,"column":2},"end":{"line":58,"column":3}},"line":48},"4":{"name":"wrapFileSystemOperation","decl":{"start":{"line":63,"column":2},"end":{"line":73,"column":3}},"loc":{"start":{"line":63,"column":2},"end":{"line":73,"column":3}},"line":63},"5":{"name":"wrapTemplateProcessing","decl":{"start":{"line":78,"column":2},"end":{"line":88,"column":3}},"loc":{"start":{"line":78,"column":2},"end":{"line":88,"column":3}},"line":78},"6":{"name":"wrapPluginOperation","decl":{"start":{"line":93,"column":2},"end":{"line":103,"column":3}},"loc":{"start":{"line":93,"column":2},"end":{"line":103,"column":3}},"line":93},"7":{"name":"createErrorInfo","decl":{"start":{"line":108,"column":2},"end":{"line":110,"column":3}},"loc":{"start":{"line":108,"column":2},"end":{"line":110,"column":3}},"line":108},"8":{"name":"reportError","decl":{"start":{"line":115,"column":2},"end":{"line":122,"column":3}},"loc":{"start":{"line":115,"column":2},"end":{"line":122,"column":3}},"line":115},"9":{"name":"wrapOperation","decl":{"start":{"line":127,"column":10},"end":{"line":147,"column":3}},"loc":{"start":{"line":127,"column":10},"end":{"line":147,"column":3}},"line":127},"10":{"name":"handleGeneratorError","decl":{"start":{"line":152,"column":10},"end":{"line":177,"column":3}},"loc":{"start":{"line":152,"column":10},"end":{"line":177,"column":3}},"line":152}},"f":{"0":20,"1":20,"2":5,"3":7,"4":1,"5":1,"6":1,"7":10,"8":10,"9":10,"10":2}}
,"/Users/maximilianroell/workspace/plentyshop-pwa/packages/shop-cli/src/core/error-handling/ErrorUtils.ts": {"path":"/Users/maximilianroell/workspace/plentyshop-pwa/packages/shop-cli/src/core/error-handling/ErrorUtils.ts","all":false,"statementMap":{"5":{"start":{"line":6,"column":0},"end":{"line":6,"column":25}},"9":{"start":{"line":10,"column":0},"end":{"line":10,"column":89}},"10":{"start":{"line":11,"column":0},"end":{"line":11,"column":33}},"11":{"start":{"line":12,"column":0},"end":{"line":12,"column":35}},"12":{"start":{"line":13,"column":0},"end":{"line":13,"column":43}},"13":{"start":{"line":14,"column":0},"end":{"line":14,"column":19}},"14":{"start":{"line":15,"column":0},"end":{"line":15,"column":6}},"16":{"start":{"line":17,"column":0},"end":{"line":17,"column":33}},"17":{"start":{"line":18,"column":0},"end":{"line":18,"column":39}},"18":{"start":{"line":19,"column":0},"end":{"line":19,"column":37}},"19":{"start":{"line":20,"column":0},"end":{"line":20,"column":43}},"20":{"start":{"line":21,"column":0},"end":{"line":21,"column":31}},"21":{"start":{"line":22,"column":0},"end":{"line":22,"column":12}},"22":{"start":{"line":23,"column":0},"end":{"line":23,"column":39}},"23":{"start":{"line":24,"column":0},"end":{"line":24,"column":5}},"25":{"start":{"line":26,"column":0},"end":{"line":26,"column":20}},"26":{"start":{"line":27,"column":0},"end":{"line":27,"column":3}},"31":{"start":{"line":32,"column":0},"end":{"line":32,"column":94}},"32":{"start":{"line":33,"column":0},"end":{"line":33,"column":78}},"34":{"start":{"line":35,"column":0},"end":{"line":35,"column":39}},"35":{"start":{"line":36,"column":0},"end":{"line":36,"column":56}},"36":{"start":{"line":37,"column":0},"end":{"line":37,"column":5}},"38":{"start":{"line":39,"column":0},"end":{"line":39,"column":45}},"39":{"start":{"line":40,"column":0},"end":{"line":40,"column":67}},"40":{"start":{"line":41,"column":0},"end":{"line":41,"column":5}},"42":{"start":{"line":43,"column":0},"end":{"line":43,"column":59}},"43":{"start":{"line":44,"column":0},"end":{"line":44,"column":39}},"44":{"start":{"line":45,"column":0},"end":{"line":45,"column":53}},"45":{"start":{"line":46,"column":0},"end":{"line":46,"column":44}},"46":{"start":{"line":47,"column":0},"end":{"line":47,"column":9}},"47":{"start":{"line":48,"column":0},"end":{"line":48,"column":5}},"48":{"start":{"line":49,"column":0},"end":{"line":49,"column":3}},"49":{"start":{"line":50,"column":0},"end":{"line":50,"column":1}}},"s":{"5":1,"9":1,"10":13,"11":13,"12":13,"13":13,"14":13,"16":13,"17":11,"18":11,"19":11,"20":1,"21":1,"22":1,"23":1,"25":13,"26":13,"31":1,"32":5,"34":5,"35":3,"36":3,"38":5,"39":2,"40":2,"42":5,"43":4,"44":4,"45":11,"46":4,"47":4,"48":5,"49":1},"branchMap":{"0":{"type":"branch","line":10,"loc":{"start":{"line":10,"column":9},"end":{"line":27,"column":3}},"locations":[{"start":{"line":10,"column":9},"end":{"line":27,"column":3}}]},"1":{"type":"branch","line":17,"loc":{"start":{"line":17,"column":32},"end":{"line":24,"column":5}},"locations":[{"start":{"line":17,"column":32},"end":{"line":24,"column":5}}]},"2":{"type":"branch","line":20,"loc":{"start":{"line":20,"column":4},"end":{"line":24,"column":5}},"locations":[{"start":{"line":20,"column":4},"end":{"line":24,"column":5}}]},"3":{"type":"branch","line":20,"loc":{"start":{"line":20,"column":42},"end":{"line":24,"column":5}},"locations":[{"start":{"line":20,"column":42},"end":{"line":24,"column":5}}]},"4":{"type":"branch","line":32,"loc":{"start":{"line":32,"column":9},"end":{"line":49,"column":3}},"locations":[{"start":{"line":32,"column":9},"end":{"line":49,"column":3}}]},"5":{"type":"branch","line":35,"loc":{"start":{"line":35,"column":8},"end":{"line":35,"column":38}},"locations":[{"start":{"line":35,"column":8},"end":{"line":35,"column":38}}]},"6":{"type":"branch","line":35,"loc":{"start":{"line":35,"column":38},"end":{"line":37,"column":5}},"locations":[{"start":{"line":35,"column":38},"end":{"line":37,"column":5}}]},"7":{"type":"branch","line":39,"loc":{"start":{"line":39,"column":8},"end":{"line":39,"column":44}},"locations":[{"start":{"line":39,"column":8},"end":{"line":39,"column":44}}]},"8":{"type":"branch","line":39,"loc":{"start":{"line":39,"column":44},"end":{"line":41,"column":5}},"locations":[{"start":{"line":39,"column":44},"end":{"line":41,"column":5}}]},"9":{"type":"branch","line":43,"loc":{"start":{"line":43,"column":8},"end":{"line":43,"column":58}},"locations":[{"start":{"line":43,"column":8},"end":{"line":43,"column":58}}]},"10":{"type":"branch","line":43,"loc":{"start":{"line":43,"column":58},"end":{"line":48,"column":5}},"locations":[{"start":{"line":43,"column":58},"end":{"line":48,"column":5}}]},"11":{"type":"branch","line":45,"loc":{"start":{"line":45,"column":36},"end":{"line":47,"column":7}},"locations":[{"start":{"line":45,"column":36},"end":{"line":47,"column":7}}]}},"b":{"0":[13],"1":[11],"2":[2],"3":[1],"4":[5],"5":[3],"6":[3],"7":[3],"8":[2],"9":[4],"10":[4],"11":[11]},"fnMap":{"0":{"name":"createErrorInfo","decl":{"start":{"line":10,"column":9},"end":{"line":27,"column":3}},"loc":{"start":{"line":10,"column":9},"end":{"line":27,"column":3}},"line":10},"1":{"name":"reportToConsole","decl":{"start":{"line":32,"column":9},"end":{"line":49,"column":3}},"loc":{"start":{"line":32,"column":9},"end":{"line":49,"column":3}},"line":32}},"f":{"0":13,"1":5}}
,"/Users/maximilianroell/workspace/plentyshop-pwa/packages/shop-cli/src/core/error-handling/index.ts": {"path":"/Users/maximilianroell/workspace/plentyshop-pwa/packages/shop-cli/src/core/error-handling/index.ts","all":false,"statementMap":{"0":{"start":{"line":1,"column":0},"end":{"line":1,"column":68}},"1":{"start":{"line":2,"column":0},"end":{"line":2,"column":73}},"2":{"start":{"line":3,"column":0},"end":{"line":3,"column":42}},"3":{"start":{"line":4,"column":0},"end":{"line":4,"column":55}}},"s":{"0":1,"1":1,"2":1,"3":1},"branchMap":{},"b":{},"fnMap":{},"f":{}}
,"/Users/maximilianroell/workspace/plentyshop-pwa/packages/shop-cli/src/core/error-handling/types.ts": {"path":"/Users/maximilianroell/workspace/plentyshop-pwa/packages/shop-cli/src/core/error-handling/types.ts","all":false,"statementMap":{"7":{"start":{"line":8,"column":0},"end":{"line":8,"column":23}},"8":{"start":{"line":9,"column":0},"end":{"line":9,"column":28}},"9":{"start":{"line":10,"column":0},"end":{"line":10,"column":28}},"10":{"start":{"line":11,"column":0},"end":{"line":11,"column":28}},"11":{"start":{"line":12,"column":0},"end":{"line":12,"column":24}},"12":{"start":{"line":13,"column":0},"end":{"line":13,"column":20}},"13":{"start":{"line":14,"column":0},"end":{"line":14,"column":22}},"68":{"start":{"line":69,"column":0},"end":{"line":69,"column":43}},"69":{"start":{"line":70,"column":0},"end":{"line":70,"column":14}},"70":{"start":{"line":71,"column":0},"end":{"line":71,"column":49}},"71":{"start":{"line":72,"column":0},"end":{"line":72,"column":20}},"72":{"start":{"line":73,"column":0},"end":{"line":73,"column":43}},"73":{"start":{"line":74,"column":0},"end":{"line":74,"column":5}},"74":{"start":{"line":75,"column":0},"end":{"line":75,"column":19}},"75":{"start":{"line":76,"column":0},"end":{"line":76,"column":33}},"76":{"start":{"line":77,"column":0},"end":{"line":77,"column":3}},"77":{"start":{"line":78,"column":0},"end":{"line":78,"column":1}}},"s":{"7":1,"8":1,"9":1,"10":1,"11":1,"12":1,"13":1,"68":1,"69":1,"70":0,"71":0,"72":0,"73":0,"74":0,"75":0,"76":0,"77":1},"branchMap":{"0":{"type":"branch","line":8,"loc":{"start":{"line":8,"column":7},"end":{"line":8,"column":23}},"locations":[{"start":{"line":8,"column":7},"end":{"line":8,"column":23}}]}},"b":{"0":[7]},"fnMap":{"0":{"name":"GeneratorError","decl":{"start":{"line":70,"column":2},"end":{"line":77,"column":3}},"loc":{"start":{"line":70,"column":2},"end":{"line":77,"column":3}},"line":70}},"f":{"0":0}}
,"/Users/maximilianroell/workspace/plentyshop-pwa/packages/shop-cli/src/core/generators/BaseGenerator.ts": {"path":"/Users/maximilianroell/workspace/plentyshop-pwa/packages/shop-cli/src/core/generators/BaseGenerator.ts","all":false,"statementMap":{"8":{"start":{"line":9,"column":0},"end":{"line":9,"column":66}},"14":{"start":{"line":15,"column":0},"end":{"line":15,"column":37}},"22":{"start":{"line":23,"column":0},"end":{"line":23,"column":39}},"24":{"start":{"line":25,"column":0},"end":{"line":25,"column":44}},"25":{"start":{"line":26,"column":0},"end":{"line":26,"column":60}},"26":{"start":{"line":27,"column":0},"end":{"line":27,"column":3}},"49":{"start":{"line":50,"column":0},"end":{"line":50,"column":37}},"50":{"start":{"line":51,"column":0},"end":{"line":51,"column":34}},"51":{"start":{"line":52,"column":0},"end":{"line":52,"column":36}},"52":{"start":{"line":53,"column":0},"end":{"line":53,"column":33}},"53":{"start":{"line":54,"column":0},"end":{"line":54,"column":79}},"54":{"start":{"line":55,"column":0},"end":{"line":55,"column":7}},"55":{"start":{"line":56,"column":0},"end":{"line":56,"column":3}},"60":{"start":{"line":61,"column":0},"end":{"line":61,"column":79}},"61":{"start":{"line":62,"column":0},"end":{"line":62,"column":59}},"62":{"start":{"line":63,"column":0},"end":{"line":63,"column":18}},"63":{"start":{"line":64,"column":0},"end":{"line":64,"column":72}},"64":{"start":{"line":65,"column":0},"end":{"line":65,"column":7}},"66":{"start":{"line":67,"column":0},"end":{"line":67,"column":50}},"67":{"start":{"line":68,"column":0},"end":{"line":68,"column":32}},"68":{"start":{"line":69,"column":0},"end":{"line":69,"column":36}},"69":{"start":{"line":70,"column":0},"end":{"line":70,"column":7}},"71":{"start":{"line":72,"column":0},"end":{"line":72,"column":18}},"72":{"start":{"line":73,"column":0},"end":{"line":73,"column":39}},"74":{"start":{"line":75,"column":0},"end":{"line":75,"column":47}},"75":{"start":{"line":76,"column":0},"end":{"line":76,"column":3}},"80":{"start":{"line":81,"column":0},"end":{"line":81,"column":89}},"81":{"start":{"line":82,"column":0},"end":{"line":82,"column":78}},"82":{"start":{"line":83,"column":0},"end":{"line":83,"column":50}},"83":{"start":{"line":84,"column":0},"end":{"line":84,"column":27}},"84":{"start":{"line":85,"column":0},"end":{"line":85,"column":18}},"85":{"start":{"line":86,"column":0},"end":{"line":86,"column":7}},"86":{"start":{"line":87,"column":0},"end":{"line":87,"column":47}},"87":{"start":{"line":88,"column":0},"end":{"line":88,"column":7}},"89":{"start":{"line":90,"column":0},"end":{"line":90,"column":68}},"90":{"start":{"line":91,"column":0},"end":{"line":91,"column":3}},"91":{"start":{"line":92,"column":0},"end":{"line":92,"column":1}}},"s":{"8":1,"14":1,"22":1,"24":1,"25":5,"26":5,"49":1,"50":2,"51":2,"52":2,"53":2,"54":2,"55":2,"60":1,"61":2,"62":2,"63":1,"64":1,"66":1,"67":2,"68":0,"69":0,"71":1,"72":2,"74":2,"75":2,"80":1,"81":2,"82":2,"83":2,"84":1,"85":1,"86":1,"87":2,"89":2,"90":2,"91":1},"branchMap":{"0":{"type":"branch","line":23,"loc":{"start":{"line":23,"column":12},"end":{"line":23,"column":39}},"locations":[{"start":{"line":23,"column":12},"end":{"line":23,"column":39}}]},"1":{"type":"branch","line":25,"loc":{"start":{"line":25,"column":2},"end":{"line":27,"column":3}},"locations":[{"start":{"line":25,"column":2},"end":{"line":27,"column":3}}]},"2":{"type":"branch","line":50,"loc":{"start":{"line":50,"column":2},"end":{"line":56,"column":3}},"locations":[{"start":{"line":50,"column":2},"end":{"line":56,"column":3}}]},"3":{"type":"branch","line":54,"loc":{"start":{"line":54,"column":15},"end":{"line":54,"column":79}},"locations":[{"start":{"line":54,"column":15},"end":{"line":54,"column":79}}]},"4":{"type":"branch","line":61,"loc":{"start":{"line":61,"column":12},"end":{"line":76,"column":3}},"locations":[{"start":{"line":61,"column":12},"end":{"line":76,"column":3}}]},"5":{"type":"branch","line":75,"loc":{"start":{"line":75,"column":18},"end":{"line":75,"column":42}},"locations":[{"start":{"line":75,"column":18},"end":{"line":75,"column":42}}]},"6":{"type":"branch","line":75,"loc":{"start":{"line":75,"column":35},"end":{"line":75,"column":47}},"locations":[{"start":{"line":75,"column":35},"end":{"line":75,"column":47}}]},"7":{"type":"branch","line":62,"loc":{"start":{"line":62,"column":52},"end":{"line":73,"column":7}},"locations":[{"start":{"line":62,"column":52},"end":{"line":73,"column":7}}]},"8":{"type":"branch","line":63,"loc":{"start":{"line":63,"column":17},"end":{"line":68,"column":31}},"locations":[{"start":{"line":63,"column":17},"end":{"line":68,"column":31}}]},"9":{"type":"branch","line":68,"loc":{"start":{"line":68,"column":31},"end":{"line":70,"column":7}},"locations":[{"start":{"line":68,"column":31},"end":{"line":70,"column":7}}]},"10":{"type":"branch","line":70,"loc":{"start":{"line":70,"column":6},"end":{"line":72,"column":18}},"locations":[{"start":{"line":70,"column":6},"end":{"line":72,"column":18}}]},"11":{"type":"branch","line":81,"loc":{"start":{"line":81,"column":10},"end":{"line":91,"column":3}},"locations":[{"start":{"line":81,"column":10},"end":{"line":91,"column":3}}]},"12":{"type":"branch","line":90,"loc":{"start":{"line":90,"column":36},"end":{"line":90,"column":68}},"locations":[{"start":{"line":90,"column":36},"end":{"line":90,"column":68}}]},"13":{"type":"branch","line":82,"loc":{"start":{"line":82,"column":71},"end":{"line":88,"column":5}},"locations":[{"start":{"line":82,"column":71},"end":{"line":88,"column":5}}]},"14":{"type":"branch","line":84,"loc":{"start":{"line":84,"column":26},"end":{"line":87,"column":47}},"locations":[{"start":{"line":84,"column":26},"end":{"line":87,"column":47}}]}},"b":{"0":[5],"1":[5],"2":[2],"3":[2],"4":[2],"5":[1],"6":[1],"7":[2],"8":[1],"9":[0],"10":[1],"11":[2],"12":[0],"13":[2],"14":[1]},"fnMap":{"0":{"name":"<instance_members_initializer>","decl":{"start":{"line":23,"column":12},"end":{"line":23,"column":39}},"loc":{"start":{"line":23,"column":12},"end":{"line":23,"column":39}},"line":23},"1":{"name":"BaseGenerator","decl":{"start":{"line":25,"column":2},"end":{"line":27,"column":3}},"loc":{"start":{"line":25,"column":2},"end":{"line":27,"column":3}},"line":25},"2":{"name":"register","decl":{"start":{"line":50,"column":2},"end":{"line":56,"column":3}},"loc":{"start":{"line":50,"column":2},"end":{"line":56,"column":3}},"line":50},"3":{"name":"actions","decl":{"start":{"line":54,"column":15},"end":{"line":54,"column":79}},"loc":{"start":{"line":54,"column":15},"end":{"line":54,"column":79}},"line":54},"4":{"name":"ensureData","decl":{"start":{"line":61,"column":12},"end":{"line":76,"column":3}},"loc":{"start":{"line":61,"column":12},"end":{"line":76,"column":3}},"line":61},"5":{"name":"generateWithErrorHandling","decl":{"start":{"line":81,"column":10},"end":{"line":91,"column":3}},"loc":{"start":{"line":81,"column":10},"end":{"line":91,"column":3}},"line":81}},"f":{"0":5,"1":5,"2":2,"3":2,"4":2,"5":2}}
,"/Users/maximilianroell/workspace/plentyshop-pwa/packages/shop-cli/src/core/generators/index.ts": {"path":"/Users/maximilianroell/workspace/plentyshop-pwa/packages/shop-cli/src/core/generators/index.ts","all":false,"statementMap":{"0":{"start":{"line":1,"column":0},"end":{"line":1,"column":32}},"1":{"start":{"line":2,"column":0},"end":{"line":2,"column":24}}},"s":{"0":1,"1":1},"branchMap":{},"b":{},"fnMap":{},"f":{}}
,"/Users/maximilianroell/workspace/plentyshop-pwa/packages/shop-cli/src/core/generators/types.ts": {"path":"/Users/maximilianroell/workspace/plentyshop-pwa/packages/shop-cli/src/core/generators/types.ts","all":false,"statementMap":{},"s":{},"branchMap":{},"b":{},"fnMap":{},"f":{}}
,"/Users/maximilianroell/workspace/plentyshop-pwa/packages/shop-cli/src/core/path/PathResolver.ts": {"path":"/Users/maximilianroell/workspace/plentyshop-pwa/packages/shop-cli/src/core/path/PathResolver.ts","all":false,"statementMap":{"7":{"start":{"line":8,"column":0},"end":{"line":8,"column":42}},"9":{"start":{"line":10,"column":0},"end":{"line":10,"column":81}},"14":{"start":{"line":15,"column":0},"end":{"line":15,"column":47}},"15":{"start":{"line":16,"column":0},"end":{"line":16,"column":29}},"17":{"start":{"line":18,"column":0},"end":{"line":18,"column":44}},"18":{"start":{"line":19,"column":0},"end":{"line":19,"column":3}},"20":{"start":{"line":21,"column":0},"end":{"line":21,"column":28}},"21":{"start":{"line":22,"column":0},"end":{"line":22,"column":51}},"22":{"start":{"line":23,"column":0},"end":{"line":23,"column":3}},"24":{"start":{"line":25,"column":0},"end":{"line":25,"column":31}},"25":{"start":{"line":26,"column":0},"end":{"line":26,"column":44}},"26":{"start":{"line":27,"column":0},"end":{"line":27,"column":3}},"27":{"start":{"line":28,"column":0},"end":{"line":28,"column":1}},"32":{"start":{"line":33,"column":0},"end":{"line":33,"column":27}},"33":{"start":{"line":34,"column":0},"end":{"line":34,"column":64}},"34":{"start":{"line":35,"column":0},"end":{"line":35,"column":38}},"36":{"start":{"line":37,"column":0},"end":{"line":37,"column":54}},"37":{"start":{"line":38,"column":0},"end":{"line":38,"column":50}},"38":{"start":{"line":39,"column":0},"end":{"line":39,"column":33}},"39":{"start":{"line":40,"column":0},"end":{"line":40,"column":9}},"40":{"start":{"line":41,"column":0},"end":{"line":41,"column":80}},"41":{"start":{"line":42,"column":0},"end":{"line":42,"column":77}},"42":{"start":{"line":43,"column":0},"end":{"line":43,"column":86}},"43":{"start":{"line":44,"column":0},"end":{"line":44,"column":9}},"44":{"start":{"line":45,"column":0},"end":{"line":45,"column":22}},"46":{"start":{"line":47,"column":0},"end":{"line":47,"column":37}},"47":{"start":{"line":48,"column":0},"end":{"line":48,"column":3}},"52":{"start":{"line":53,"column":0},"end":{"line":53,"column":45}},"53":{"start":{"line":54,"column":0},"end":{"line":54,"column":77}},"54":{"start":{"line":55,"column":0},"end":{"line":55,"column":79}},"55":{"start":{"line":56,"column":0},"end":{"line":56,"column":3}},"60":{"start":{"line":61,"column":0},"end":{"line":61,"column":56}},"61":{"start":{"line":62,"column":0},"end":{"line":62,"column":40}},"62":{"start":{"line":63,"column":0},"end":{"line":63,"column":3}},"67":{"start":{"line":68,"column":0},"end":{"line":68,"column":74}},"68":{"start":{"line":69,"column":0},"end":{"line":69,"column":47}},"69":{"start":{"line":70,"column":0},"end":{"line":70,"column":20}},"70":{"start":{"line":71,"column":0},"end":{"line":71,"column":76}},"71":{"start":{"line":72,"column":0},"end":{"line":72,"column":5}},"73":{"start":{"line":74,"column":0},"end":{"line":74,"column":43}},"74":{"start":{"line":75,"column":0},"end":{"line":75,"column":3}},"79":{"start":{"line":80,"column":0},"end":{"line":80,"column":33}},"80":{"start":{"line":81,"column":0},"end":{"line":81,"column":46}},"81":{"start":{"line":82,"column":0},"end":{"line":82,"column":3}},"86":{"start":{"line":87,"column":0},"end":{"line":87,"column":41}},"87":{"start":{"line":88,"column":0},"end":{"line":88,"column":49}},"88":{"start":{"line":89,"column":0},"end":{"line":89,"column":3}},"93":{"start":{"line":94,"column":0},"end":{"line":94,"column":49}},"94":{"start":{"line":95,"column":0},"end":{"line":95,"column":35}},"95":{"start":{"line":96,"column":0},"end":{"line":96,"column":3}},"100":{"start":{"line":101,"column":0},"end":{"line":101,"column":27}},"101":{"start":{"line":102,"column":0},"end":{"line":102,"column":34}},"102":{"start":{"line":103,"column":0},"end":{"line":103,"column":3}},"107":{"start":{"line":108,"column":0},"end":{"line":108,"column":28}},"108":{"start":{"line":109,"column":0},"end":{"line":109,"column":35}},"109":{"start":{"line":110,"column":0},"end":{"line":110,"column":3}},"110":{"start":{"line":111,"column":0},"end":{"line":111,"column":1}},"115":{"start":{"line":116,"column":0},"end":{"line":116,"column":47}}},"s":{"7":1,"9":1,"14":1,"15":1,"17":39,"18":39,"20":1,"21":29,"22":29,"24":1,"25":1,"26":1,"27":1,"32":1,"33":1,"34":19,"36":1,"37":19,"38":19,"39":2,"40":2,"41":2,"42":2,"43":2,"44":17,"46":19,"47":19,"52":1,"53":19,"54":19,"55":19,"60":1,"61":1,"62":1,"67":1,"68":17,"69":17,"70":1,"71":1,"73":16,"74":17,"79":1,"80":1,"81":1,"86":1,"87":2,"88":2,"93":1,"94":11,"95":11,"100":1,"101":2,"102":2,"107":1,"108":8,"109":8,"110":1,"115":1},"branchMap":{"0":{"type":"branch","line":16,"loc":{"start":{"line":16,"column":2},"end":{"line":19,"column":3}},"locations":[{"start":{"line":16,"column":2},"end":{"line":19,"column":3}}]},"1":{"type":"branch","line":21,"loc":{"start":{"line":21,"column":2},"end":{"line":23,"column":3}},"locations":[{"start":{"line":21,"column":2},"end":{"line":23,"column":3}}]},"2":{"type":"branch","line":25,"loc":{"start":{"line":25,"column":2},"end":{"line":27,"column":3}},"locations":[{"start":{"line":25,"column":2},"end":{"line":27,"column":3}}]},"3":{"type":"branch","line":34,"loc":{"start":{"line":34,"column":19},"end":{"line":35,"column":38}},"locations":[{"start":{"line":34,"column":19},"end":{"line":35,"column":38}}]},"4":{"type":"branch","line":37,"loc":{"start":{"line":37,"column":2},"end":{"line":48,"column":3}},"locations":[{"start":{"line":37,"column":2},"end":{"line":48,"column":3}}]},"5":{"type":"branch","line":39,"loc":{"start":{"line":39,"column":18},"end":{"line":44,"column":9}},"locations":[{"start":{"line":39,"column":18},"end":{"line":44,"column":9}}]},"6":{"type":"branch","line":42,"loc":{"start":{"line":42,"column":38},"end":{"line":42,"column":77}},"locations":[{"start":{"line":42,"column":38},"end":{"line":42,"column":77}}]},"7":{"type":"branch","line":43,"loc":{"start":{"line":43,"column":41},"end":{"line":43,"column":86}},"locations":[{"start":{"line":43,"column":41},"end":{"line":43,"column":86}}]},"8":{"type":"branch","line":44,"loc":{"start":{"line":44,"column":8},"end":{"line":45,"column":22}},"locations":[{"start":{"line":44,"column":8},"end":{"line":45,"column":22}}]},"9":{"type":"branch","line":53,"loc":{"start":{"line":53,"column":10},"end":{"line":56,"column":3}},"locations":[{"start":{"line":53,"column":10},"end":{"line":56,"column":3}}]},"10":{"type":"branch","line":61,"loc":{"start":{"line":61,"column":2},"end":{"line":63,"column":3}},"locations":[{"start":{"line":61,"column":2},"end":{"line":63,"column":3}}]},"11":{"type":"branch","line":68,"loc":{"start":{"line":68,"column":2},"end":{"line":75,"column":3}},"locations":[{"start":{"line":68,"column":2},"end":{"line":75,"column":3}}]},"12":{"type":"branch","line":70,"loc":{"start":{"line":70,"column":19},"end":{"line":72,"column":5}},"locations":[{"start":{"line":70,"column":19},"end":{"line":72,"column":5}}]},"13":{"type":"branch","line":72,"loc":{"start":{"line":72,"column":4},"end":{"line":74,"column":43}},"locations":[{"start":{"line":72,"column":4},"end":{"line":74,"column":43}}]},"14":{"type":"branch","line":80,"loc":{"start":{"line":80,"column":2},"end":{"line":82,"column":3}},"locations":[{"start":{"line":80,"column":2},"end":{"line":82,"column":3}}]},"15":{"type":"branch","line":87,"loc":{"start":{"line":87,"column":2},"end":{"line":89,"column":3}},"locations":[{"start":{"line":87,"column":2},"end":{"line":89,"column":3}}]},"16":{"type":"branch","line":94,"loc":{"start":{"line":94,"column":2},"end":{"line":96,"column":3}},"locations":[{"start":{"line":94,"column":2},"end":{"line":96,"column":3}}]},"17":{"type":"branch","line":101,"loc":{"start":{"line":101,"column":2},"end":{"line":103,"column":3}},"locations":[{"start":{"line":101,"column":2},"end":{"line":103,"column":3}}]},"18":{"type":"branch","line":108,"loc":{"start":{"line":108,"column":2},"end":{"line":110,"column":3}},"locations":[{"start":{"line":108,"column":2},"end":{"line":110,"column":3}}]}},"b":{"0":[39],"1":[29],"2":[1],"3":[19],"4":[19],"5":[2],"6":[0],"7":[0],"8":[17],"9":[19],"10":[1],"11":[17],"12":[1],"13":[16],"14":[1],"15":[2],"16":[11],"17":[2],"18":[8]},"fnMap":{"0":{"name":"get projectRoot","decl":{"start":{"line":16,"column":2},"end":{"line":19,"column":3}},"loc":{"start":{"line":16,"column":2},"end":{"line":19,"column":3}},"line":16},"1":{"name":"get webAppRoot","decl":{"start":{"line":21,"column":2},"end":{"line":23,"column":3}},"loc":{"start":{"line":21,"column":2},"end":{"line":23,"column":3}},"line":21},"2":{"name":"get templatesRoot","decl":{"start":{"line":25,"column":2},"end":{"line":27,"column":3}},"loc":{"start":{"line":25,"column":2},"end":{"line":27,"column":3}},"line":25},"3":{"name":"<instance_members_initializer>","decl":{"start":{"line":34,"column":19},"end":{"line":35,"column":38}},"loc":{"start":{"line":34,"column":19},"end":{"line":35,"column":38}},"line":34},"4":{"name":"PathResolver","decl":{"start":{"line":37,"column":2},"end":{"line":48,"column":3}},"loc":{"start":{"line":37,"column":2},"end":{"line":48,"column":3}},"line":37},"5":{"name":"registerDefaultStrategies","decl":{"start":{"line":53,"column":10},"end":{"line":56,"column":3}},"loc":{"start":{"line":53,"column":10},"end":{"line":56,"column":3}},"line":53},"6":{"name":"register","decl":{"start":{"line":61,"column":2},"end":{"line":63,"column":3}},"loc":{"start":{"line":61,"column":2},"end":{"line":63,"column":3}},"line":61},"7":{"name":"resolve","decl":{"start":{"line":68,"column":2},"end":{"line":75,"column":3}},"loc":{"start":{"line":68,"column":2},"end":{"line":75,"column":3}},"line":68},"8":{"name":"getAvailableTypes","decl":{"start":{"line":80,"column":2},"end":{"line":82,"column":3}},"loc":{"start":{"line":80,"column":2},"end":{"line":82,"column":3}},"line":80},"9":{"name":"getTemplatePath","decl":{"start":{"line":87,"column":2},"end":{"line":89,"column":3}},"loc":{"start":{"line":87,"column":2},"end":{"line":89,"column":3}},"line":87},"10":{"name":"getRelativeTemplatePath","decl":{"start":{"line":94,"column":2},"end":{"line":96,"column":3}},"loc":{"start":{"line":94,"column":2},"end":{"line":96,"column":3}},"line":94},"11":{"name":"getWebAppPath","decl":{"start":{"line":101,"column":2},"end":{"line":103,"column":3}},"loc":{"start":{"line":101,"column":2},"end":{"line":103,"column":3}},"line":101},"12":{"name":"getProjectRoot","decl":{"start":{"line":108,"column":2},"end":{"line":110,"column":3}},"loc":{"start":{"line":108,"column":2},"end":{"line":110,"column":3}},"line":108}},"f":{"0":39,"1":29,"2":1,"3":19,"4":19,"5":19,"6":1,"7":17,"8":1,"9":2,"10":11,"11":2,"12":8}}
,"/Users/maximilianroell/workspace/plentyshop-pwa/packages/shop-cli/src/core/path/PathStrategies.ts": {"path":"/Users/maximilianroell/workspace/plentyshop-pwa/packages/shop-cli/src/core/path/PathStrategies.ts","all":false,"statementMap":{"4":{"start":{"line":5,"column":0},"end":{"line":5,"column":33}},"10":{"start":{"line":11,"column":0},"end":{"line":11,"column":57}},"11":{"start":{"line":12,"column":0},"end":{"line":12,"column":55}},"18":{"start":{"line":19,"column":0},"end":{"line":19,"column":59}},"19":{"start":{"line":20,"column":0},"end":{"line":20,"column":88}},"20":{"start":{"line":21,"column":0},"end":{"line":21,"column":3}},"25":{"start":{"line":26,"column":0},"end":{"line":26,"column":31}},"26":{"start":{"line":27,"column":0},"end":{"line":27,"column":21}},"27":{"start":{"line":28,"column":0},"end":{"line":28,"column":17}},"28":{"start":{"line":29,"column":0},"end":{"line":29,"column":14}},"36":{"start":{"line":37,"column":0},"end":{"line":37,"column":17}},"37":{"start":{"line":38,"column":0},"end":{"line":38,"column":11}},"38":{"start":{"line":39,"column":0},"end":{"line":39,"column":24}},"39":{"start":{"line":40,"column":0},"end":{"line":40,"column":26}},"40":{"start":{"line":41,"column":0},"end":{"line":41,"column":26}},"41":{"start":{"line":42,"column":0},"end":{"line":42,"column":27}},"42":{"start":{"line":43,"column":0},"end":{"line":43,"column":26}},"43":{"start":{"line":44,"column":0},"end":{"line":44,"column":26}},"44":{"start":{"line":45,"column":0},"end":{"line":45,"column":16}},"46":{"start":{"line":47,"column":0},"end":{"line":47,"column":56}},"47":{"start":{"line":48,"column":0},"end":{"line":48,"column":76}},"49":{"start":{"line":50,"column":0},"end":{"line":50,"column":32}},"50":{"start":{"line":51,"column":0},"end":{"line":51,"column":29}},"51":{"start":{"line":52,"column":0},"end":{"line":52,"column":15}},"52":{"start":{"line":53,"column":0},"end":{"line":53,"column":24}},"53":{"start":{"line":54,"column":0},"end":{"line":54,"column":6}},"55":{"start":{"line":56,"column":0},"end":{"line":56,"column":23}},"56":{"start":{"line":57,"column":0},"end":{"line":57,"column":51}},"57":{"start":{"line":58,"column":0},"end":{"line":58,"column":35}},"58":{"start":{"line":59,"column":0},"end":{"line":59,"column":35}},"59":{"start":{"line":60,"column":0},"end":{"line":60,"column":5}},"61":{"start":{"line":62,"column":0},"end":{"line":62,"column":23}},"62":{"start":{"line":63,"column":0},"end":{"line":63,"column":51}},"63":{"start":{"line":64,"column":0},"end":{"line":64,"column":35}},"64":{"start":{"line":65,"column":0},"end":{"line":65,"column":35}},"65":{"start":{"line":66,"column":0},"end":{"line":66,"column":5}},"67":{"start":{"line":68,"column":0},"end":{"line":68,"column":23}},"68":{"start":{"line":69,"column":0},"end":{"line":69,"column":75}},"69":{"start":{"line":70,"column":0},"end":{"line":70,"column":33}},"70":{"start":{"line":71,"column":0},"end":{"line":71,"column":34}},"71":{"start":{"line":72,"column":0},"end":{"line":72,"column":5}},"73":{"start":{"line":74,"column":0},"end":{"line":74,"column":18}},"74":{"start":{"line":75,"column":0},"end":{"line":75,"column":3}},"75":{"start":{"line":76,"column":0},"end":{"line":76,"column":1}},"80":{"start":{"line":81,"column":0},"end":{"line":81,"column":61}},"81":{"start":{"line":82,"column":0},"end":{"line":82,"column":64}},"82":{"start":{"line":83,"column":0},"end":{"line":83,"column":70}},"83":{"start":{"line":84,"column":0},"end":{"line":84,"column":67}},"84":{"start":{"line":85,"column":0},"end":{"line":85,"column":49}},"86":{"start":{"line":87,"column":0},"end":{"line":87,"column":52}},"87":{"start":{"line":88,"column":0},"end":{"line":88,"column":35}},"88":{"start":{"line":89,"column":0},"end":{"line":89,"column":19}},"89":{"start":{"line":90,"column":0},"end":{"line":90,"column":25}},"90":{"start":{"line":91,"column":0},"end":{"line":91,"column":26}},"91":{"start":{"line":92,"column":0},"end":{"line":92,"column":25}},"92":{"start":{"line":93,"column":0},"end":{"line":93,"column":42}},"93":{"start":{"line":94,"column":0},"end":{"line":94,"column":7}},"94":{"start":{"line":95,"column":0},"end":{"line":95,"column":3}},"95":{"start":{"line":96,"column":0},"end":{"line":96,"column":1}},"100":{"start":{"line":101,"column":0},"end":{"line":101,"column":62}},"101":{"start":{"line":102,"column":0},"end":{"line":102,"column":64}},"102":{"start":{"line":103,"column":0},"end":{"line":103,"column":71}},"103":{"start":{"line":104,"column":0},"end":{"line":104,"column":56}},"104":{"start":{"line":105,"column":0},"end":{"line":105,"column":48}},"106":{"start":{"line":107,"column":0},"end":{"line":107,"column":52}},"107":{"start":{"line":108,"column":0},"end":{"line":108,"column":35}},"108":{"start":{"line":109,"column":0},"end":{"line":109,"column":19}},"109":{"start":{"line":110,"column":0},"end":{"line":110,"column":25}},"110":{"start":{"line":111,"column":0},"end":{"line":111,"column":25}},"111":{"start":{"line":112,"column":0},"end":{"line":112,"column":25}},"112":{"start":{"line":113,"column":0},"end":{"line":113,"column":31}},"113":{"start":{"line":114,"column":0},"end":{"line":114,"column":7}},"114":{"start":{"line":115,"column":0},"end":{"line":115,"column":3}},"115":{"start":{"line":116,"column":0},"end":{"line":116,"column":1}}},"s":{"4":1,"10":1,"11":1,"18":1,"19":15,"20":15,"25":1,"26":15,"27":15,"28":15,"36":15,"37":15,"38":15,"39":15,"40":15,"41":15,"42":15,"43":15,"44":15,"46":15,"47":15,"49":15,"50":15,"51":15,"52":15,"53":15,"55":15,"56":15,"57":15,"58":15,"59":15,"61":15,"62":4,"63":4,"64":4,"65":4,"67":15,"68":15,"69":15,"70":15,"71":15,"73":15,"74":15,"75":1,"80":1,"81":1,"82":11,"83":11,"84":11,"86":11,"87":11,"88":11,"89":11,"90":11,"91":11,"92":11,"93":11,"94":11,"95":1,"100":1,"101":1,"102":4,"103":4,"104":4,"106":4,"107":4,"108":4,"109":4,"110":4,"111":4,"112":4,"113":4,"114":4,"115":1},"branchMap":{"0":{"type":"branch","line":12,"loc":{"start":{"line":12,"column":2},"end":{"line":12,"column":55}},"locations":[{"start":{"line":12,"column":2},"end":{"line":12,"column":55}}]},"1":{"type":"branch","line":19,"loc":{"start":{"line":19,"column":12},"end":{"line":21,"column":3}},"locations":[{"start":{"line":19,"column":12},"end":{"line":21,"column":3}}]},"2":{"type":"branch","line":26,"loc":{"start":{"line":26,"column":12},"end":{"line":75,"column":3}},"locations":[{"start":{"line":26,"column":12},"end":{"line":75,"column":3}}]},"3":{"type":"branch","line":62,"loc":{"start":{"line":62,"column":22},"end":{"line":66,"column":5}},"locations":[{"start":{"line":62,"column":22},"end":{"line":66,"column":5}}]},"4":{"type":"branch","line":82,"loc":{"start":{"line":82,"column":2},"end":{"line":95,"column":3}},"locations":[{"start":{"line":82,"column":2},"end":{"line":95,"column":3}}]},"5":{"type":"branch","line":84,"loc":{"start":{"line":84,"column":33},"end":{"line":84,"column":67}},"locations":[{"start":{"line":84,"column":33},"end":{"line":84,"column":67}}]},"6":{"type":"branch","line":85,"loc":{"start":{"line":85,"column":30},"end":{"line":85,"column":49}},"locations":[{"start":{"line":85,"column":30},"end":{"line":85,"column":49}}]},"7":{"type":"branch","line":102,"loc":{"start":{"line":102,"column":2},"end":{"line":115,"column":3}},"locations":[{"start":{"line":102,"column":2},"end":{"line":115,"column":3}}]}},"b":{"0":[38],"1":[15],"2":[15],"3":[4],"4":[11],"5":[10],"6":[10],"7":[4]},"fnMap":{"0":{"name":"BasePathStrategy","decl":{"start":{"line":12,"column":2},"end":{"line":12,"column":55}},"loc":{"start":{"line":12,"column":2},"end":{"line":12,"column":55}},"line":12},"1":{"name":"getRelativePath","decl":{"start":{"line":19,"column":12},"end":{"line":21,"column":3}},"loc":{"start":{"line":19,"column":12},"end":{"line":21,"column":3}},"line":19},"2":{"name":"buildFileStructure","decl":{"start":{"line":26,"column":12},"end":{"line":75,"column":3}},"loc":{"start":{"line":26,"column":12},"end":{"line":75,"column":3}},"line":26},"3":{"name":"resolve","decl":{"start":{"line":82,"column":2},"end":{"line":95,"column":3}},"loc":{"start":{"line":82,"column":2},"end":{"line":95,"column":3}},"line":82},"4":{"name":"resolve","decl":{"start":{"line":102,"column":2},"end":{"line":115,"column":3}},"loc":{"start":{"line":102,"column":2},"end":{"line":115,"column":3}},"line":102}},"f":{"0":38,"1":15,"2":15,"3":11,"4":4}}
,"/Users/maximilianroell/workspace/plentyshop-pwa/packages/shop-cli/src/core/path/index.ts": {"path":"/Users/maximilianroell/workspace/plentyshop-pwa/packages/shop-cli/src/core/path/index.ts","all":false,"statementMap":{"0":{"start":{"line":1,"column":0},"end":{"line":1,"column":31}},"1":{"start":{"line":2,"column":0},"end":{"line":2,"column":33}}},"s":{"0":1,"1":1},"branchMap":{},"b":{},"fnMap":{},"f":{}}
,"/Users/maximilianroell/workspace/plentyshop-pwa/packages/shop-cli/src/core/path/types.ts": {"path":"/Users/maximilianroell/workspace/plentyshop-pwa/packages/shop-cli/src/core/path/types.ts","all":true,"statementMap":{},"s":{},"branchMap":{"0":{"type":"branch","line":1,"loc":{"start":{"line":1,"column":1296},"end":{"line":57,"column":1}},"locations":[{"start":{"line":1,"column":1296},"end":{"line":57,"column":1}}]}},"b":{"0":[1]},"fnMap":{"0":{"name":"(empty-report)","decl":{"start":{"line":1,"column":1296},"end":{"line":57,"column":1}},"loc":{"start":{"line":1,"column":1296},"end":{"line":57,"column":1}},"line":1}},"f":{"0":1}}
,"/Users/maximilianroell/workspace/plentyshop-pwa/packages/shop-cli/src/core/plugins/HelperPluginSystem.ts": {"path":"/Users/maximilianroell/workspace/plentyshop-pwa/packages/shop-cli/src/core/plugins/HelperPluginSystem.ts","all":false,"statementMap":{"13":{"start":{"line":14,"column":0},"end":{"line":14,"column":64}},"24":{"start":{"line":25,"column":0},"end":{"line":25,"column":23}},"25":{"start":{"line":26,"column":0},"end":{"line":26,"column":16}},"26":{"start":{"line":27,"column":0},"end":{"line":27,"column":3}},"31":{"start":{"line":32,"column":0},"end":{"line":32,"column":50}},"36":{"start":{"line":37,"column":0},"end":{"line":37,"column":114}},"37":{"start":{"line":38,"column":0},"end":{"line":38,"column":9}},"38":{"start":{"line":39,"column":0},"end":{"line":39,"column":43}},"39":{"start":{"line":40,"column":0},"end":{"line":40,"column":21}},"40":{"start":{"line":41,"column":0},"end":{"line":41,"column":87}},"41":{"start":{"line":42,"column":0},"end":{"line":42,"column":5}},"42":{"start":{"line":43,"column":0},"end":{"line":43,"column":3}},"49":{"start":{"line":50,"column":0},"end":{"line":50,"column":82}},"50":{"start":{"line":51,"column":0},"end":{"line":51,"column":17}},"51":{"start":{"line":52,"column":0},"end":{"line":52,"column":3}},"52":{"start":{"line":53,"column":0},"end":{"line":53,"column":1}},"57":{"start":{"line":58,"column":0},"end":{"line":58,"column":34}},"58":{"start":{"line":59,"column":0},"end":{"line":59,"column":66}},"59":{"start":{"line":60,"column":0},"end":{"line":60,"column":62}},"60":{"start":{"line":61,"column":0},"end":{"line":61,"column":47}},"62":{"start":{"line":63,"column":0},"end":{"line":63,"column":49}},"63":{"start":{"line":64,"column":0},"end":{"line":64,"column":19}},"64":{"start":{"line":65,"column":0},"end":{"line":65,"column":21}},"65":{"start":{"line":66,"column":0},"end":{"line":66,"column":25}},"66":{"start":{"line":67,"column":0},"end":{"line":67,"column":16}},"67":{"start":{"line":68,"column":0},"end":{"line":68,"column":6}},"68":{"start":{"line":69,"column":0},"end":{"line":69,"column":3}},"73":{"start":{"line":74,"column":0},"end":{"line":74,"column":40}},"74":{"start":{"line":75,"column":0},"end":{"line":75,"column":40}},"75":{"start":{"line":76,"column":0},"end":{"line":76,"column":70}},"76":{"start":{"line":77,"column":0},"end":{"line":77,"column":36}},"77":{"start":{"line":78,"column":0},"end":{"line":78,"column":33}},"78":{"start":{"line":79,"column":0},"end":{"line":79,"column":7}},"79":{"start":{"line":80,"column":0},"end":{"line":80,"column":55}},"80":{"start":{"line":81,"column":0},"end":{"line":81,"column":18}},"81":{"start":{"line":82,"column":0},"end":{"line":82,"column":5}},"83":{"start":{"line":84,"column":0},"end":{"line":84,"column":48}},"84":{"start":{"line":85,"column":0},"end":{"line":85,"column":66}},"85":{"start":{"line":86,"column":0},"end":{"line":86,"column":36}},"86":{"start":{"line":87,"column":0},"end":{"line":87,"column":33}},"87":{"start":{"line":88,"column":0},"end":{"line":88,"column":7}},"88":{"start":{"line":89,"column":0},"end":{"line":89,"column":55}},"89":{"start":{"line":90,"column":0},"end":{"line":90,"column":18}},"90":{"start":{"line":91,"column":0},"end":{"line":91,"column":5}},"92":{"start":{"line":93,"column":0},"end":{"line":93,"column":22}},"93":{"start":{"line":94,"column":0},"end":{"line":94,"column":44}},"94":{"start":{"line":95,"column":0},"end":{"line":95,"column":5}},"96":{"start":{"line":97,"column":0},"end":{"line":97,"column":42}},"98":{"start":{"line":99,"column":0},"end":{"line":99,"column":30}},"99":{"start":{"line":100,"column":0},"end":{"line":100,"column":97}},"100":{"start":{"line":101,"column":0},"end":{"line":101,"column":5}},"102":{"start":{"line":103,"column":0},"end":{"line":103,"column":16}},"103":{"start":{"line":104,"column":0},"end":{"line":104,"column":3}},"108":{"start":{"line":109,"column":0},"end":{"line":109,"column":46}},"109":{"start":{"line":110,"column":0},"end":{"line":110,"column":55}},"110":{"start":{"line":111,"column":0},"end":{"line":111,"column":16}},"111":{"start":{"line":112,"column":0},"end":{"line":112,"column":3}},"116":{"start":{"line":117,"column":0},"end":{"line":117,"column":36}},"117":{"start":{"line":118,"column":0},"end":{"line":118,"column":48}},"118":{"start":{"line":119,"column":0},"end":{"line":119,"column":11}},"119":{"start":{"line":120,"column":0},"end":{"line":120,"column":30}},"121":{"start":{"line":122,"column":0},"end":{"line":122,"column":79}},"123":{"start":{"line":124,"column":0},"end":{"l
[...]
3,"column":0},"end":{"line":3,"column":91}},"12":{"start":{"line":13,"column":0},"end":{"line":13,"column":69}},"13":{"start":{"line":14,"column":0},"end":{"line":14,"column":42}},"14":{"start":{"line":15,"column":0},"end":{"line":15,"column":40}},"15":{"start":{"line":16,"column":0},"end":{"line":16,"column":3}},"17":{"start":{"line":18,"column":0},"end":{"line":18,"column":24}},"18":{"start":{"line":19,"column":0},"end":{"line":19,"column":63}},"19":{"start":{"line":20,"column":0},"end":{"line":20,"column":3}},"21":{"start":{"line":22,"column":0},"end":{"line":22,"column":25}},"22":{"start":{"line":23,"column":0},"end":{"line":23,"column":60}},"23":{"start":{"line":24,"column":0},"end":{"line":24,"column":3}},"25":{"start":{"line":26,"column":0},"end":{"line":26,"column":42}},"26":{"start":{"line":27,"column":0},"end":{"line":27,"column":70}},"27":{"start":{"line":28,"column":0},"end":{"line":28,"column":3}},"29":{"start":{"line":30,"column":0},"end":{"line":30,"column":52}},"30":{"start":{"line":31,"column":0},"end":{"line":31,"column":81}},"31":{"start":{"line":32,"column":0},"end":{"line":32,"column":3}},"33":{"start":{"line":34,"column":0},"end":{"line":34,"column":42}},"34":{"start":{"line":35,"column":0},"end":{"line":35,"column":81}},"35":{"start":{"line":36,"column":0},"end":{"line":36,"column":3}},"37":{"start":{"line":38,"column":0},"end":{"line":38,"column":51}},"38":{"start":{"line":39,"column":0},"end":{"line":39,"column":112}},"39":{"start":{"line":40,"column":0},"end":{"line":40,"column":3}},"41":{"start":{"line":42,"column":0},"end":{"line":42,"column":28}},"42":{"start":{"line":43,"column":0},"end":{"line":43,"column":100}},"43":{"start":{"line":44,"column":0},"end":{"line":44,"column":3}},"45":{"start":{"line":46,"column":0},"end":{"line":46,"column":14}},"46":{"start":{"line":47,"column":0},"end":{"line":47,"column":1}},"51":{"start":{"line":52,"column":0},"end":{"line":52,"column":70}},"52":{"start":{"line":53,"column":0},"end":{"line":53,"column":42}},"53":{"start":{"line":54,"column":0},"end":{"line":54,"column":41}},"54":{"start":{"line":55,"column":0},"end":{"line":55,"column":3}},"56":{"start":{"line":57,"column":0},"end":{"line":57,"column":24}},"57":{"start":{"line":58,"column":0},"end":{"line":58,"column":89}},"58":{"start":{"line":59,"column":0},"end":{"line":59,"column":3}},"60":{"start":{"line":61,"column":0},"end":{"line":61,"column":25}},"61":{"start":{"line":62,"column":0},"end":{"line":62,"column":61}},"62":{"start":{"line":63,"column":0},"end":{"line":63,"column":3}},"64":{"start":{"line":65,"column":0},"end":{"line":65,"column":45}},"65":{"start":{"line":66,"column":0},"end":{"line":66,"column":94}},"66":{"start":{"line":67,"column":0},"end":{"line":67,"column":3}},"68":{"start":{"line":69,"column":0},"end":{"line":69,"column":45}},"70":{"start":{"line":71,"column":0},"end":{"line":71,"column":68}},"71":{"start":{"line":72,"column":0},"end":{"line":72,"column":97}},"72":{"start":{"line":73,"column":0},"end":{"line":73,"column":3}},"74":{"start":{"line":75,"column":0},"end":{"line":75,"column":44}},"75":{"start":{"line":76,"column":0},"end":{"line":76,"column":101}},"76":{"start":{"line":77,"column":0},"end":{"line":77,"column":3}},"78":{"start":{"line":79,"column":0},"end":{"line":79,"column":14}},"79":{"start":{"line":80,"column":0},"end":{"line":80,"column":1}},"84":{"start":{"line":85,"column":0},"end":{"line":85,"column":91}},"85":{"start":{"line":86,"column":0},"end":{"line":86,"column":48}},"87":{"start":{"line":88,"column":0},"end":{"line":88,"column":29}},"88":{"start":{"line":89,"column":0},"end":{"line":89,"column":66}},"89":{"start":{"line":90,"column":0},"end":{"line":90,"column":3}},"91":{"start":{"line":92,"column":0},"end":{"line":92,"column":14}},"92":{"start":{"line":93,"column":0},"end":{"line":93,"column":1}},"97":{"start":{"line":98,"column":0},"end":{"line":98,"column":65}},"98":{"start":{"line":99,"column":0},"end":{"line":99,"column":73}},"99":{"start":{"line":100,"column":0},"end":{"line":100,"column":36}},"100":{"start":{"line":101,"column":0},"end":{"line":101,"column":3}},"102":{"start":{"line":103,"column":0},"end":{"line":103,"column":14}},"103":{"start":{"line":104,"column":0},"end":{"line":104,"column":1}},"109":{"start":{"line":110,"column":0},"end":{"line":110,"column":74}},"110":{"start":{"line":111,"column":0},"end":{"line":111,"column":56}},"111":{"start":{"line":112,"column":0},"end":{"line":112,"column":16}},"112":{"start":{"line":113,"column":0},"end":{"line":113,"column":3}},"114":{"start":{"line":115,"column":0},"end":{"line":115,"column":32}},"115":{"start":{"line":116,"column":0},"end":{"line":116,"column":80}},"116":{"start":{"line":117,"column":0},"end":{"line":117,"column":3}},"118":{"start":{"line":119,"column":0},"end":{"line":119,"column":33}},"119":{"start":{"line":120,"column":0},"end":{"line":120,"column":58}},"120":{"start":{"line":121,"column":0},"end":{"line":121,"column":3}},"122":{"start":{"line":123,"column":0},"end":{"line":123,"column":14}},"123":{"start":{"line":124,"column":0},"end":{"line":124,"column":1}},"128":{"start":{"line":129,"column":0},"end":{"line":129,"column":78}},"129":{"start":{"line":130,"column":0},"end":{"line":130,"column":50}},"130":{"start":{"line":131,"column":0},"end":{"line":131,"column":38}},"132":{"start":{"line":133,"column":0},"end":{"line":133,"column":28}},"133":{"start":{"line":134,"column":0},"end":{"line":134,"column":23}},"134":{"start":{"line":135,"column":0},"end":{"line":135,"column":53}},"135":{"start":{"line":136,"column":0},"end":{"line":136,"column":14}},"136":{"start":{"line":137,"column":0},"end":{"line":137,"column":24}},"137":{"start":{"line":138,"column":0},"end":{"line":138,"column":54}},"138":{"start":{"line":139,"column":0},"end":{"line":139,"column":14}},"139":{"start":{"line":140,"column":0},"end":{"line":140,"column":14}},"140":{"start":{"line":141,"column":0},"end":{"line":141,"column":48}},"141":{"start":{"line":142,"column":0},"end":{"line":142,"column":5}},"143":{"start":{"line":144,"column":0},"end":{"line":144,"column":34}},"144":{"start":{"line":145,"column":0},"end":{"line":145,"column":28}},"145":{"start":{"line":146,"column":0},"end":{"line":146,"column":5}},"147":{"start":{"line":148,"column":0},"end":{"line":148,"column":21}},"148":{"start":{"line":149,"column":0},"end":{"line":149,"column":28}},"149":{"start":{"line":150,"column":0},"end":{"line":150,"column":23}},"150":{"start":{"line":151,"column":0},"end":{"line":151,"column":57}},"151":{"start":{"line":152,"column":0},"end":{"line":152,"column":14}},"152":{"start":{"line":153,"column":0},"end":{"line":153,"column":24}},"153":{"start":{"line":154,"column":0},"end":{"line":154,"column":58}},"154":{"start":{"line":155,"column":0},"end":{"line":155,"column":14}},"155":{"start":{"line":156,"column":0},"end":{"line":156,"column":14}},"156":{"start":{"line":157,"column":0},"end":{"line":157,"column":20}},"157":{"start":{"line":158,"column":0},"end":{"line":158,"column":5}},"159":{"start":{"line":160,"column":0},"end":{"line":160,"column":54}},"160":{"start":{"line":161,"column":0},"end":{"line":161,"column":4}},"161":{"start":{"line":162,"column":0},"end":{"line":162,"column":1}},"166":{"start":{"line":167,"column":0},"end":{"line":167,"column":82}},"167":{"start":{"line":168,"column":0},"end":{"line":168,"column":25}},"169":{"start":{"line":170,"column":0},"end":{"line":170,"column":26}},"170":{"start":{"line":171,"column":0},"end":{"line":171,"column":23}},"171":{"start":{"line":172,"column":0},"end":{"line":172,"column":62}},"172":{"start":{"line":173,"column":0},"end":{"line":173,"column":71}},"173":{"start":{"line":174,"column":0},"end":{"line":174,"column":5}},"175":{"start":{"line":176,"column":0},"end":{"line":176,"column":24}},"176":{"start":{"line":177,"column":0},"end":{"line":177,"column":64}},"177":{"start":{"line":178,"column":0},"end":{"line":178,"column":73}},"178":{"start":{"line":179,"column":0},"end":{"line":179,"column":5}},"180":{"start":{"line":181,"column":0},"end":{"line":181,"column":12}},"181":{"start":{"line":182,"column":0},"end":{"line":182,"column":18}},"182":{"start":{"line":183,"column":0},"end":{"line":183,"column":3}},"183":{"start":{"line":184,"column":0},"end":{"line":184,"column":1}},"188":{"start":{"line":189,"column":0},"end":{"line":189,"column":105}},"189":{"start":{"line":190,"column":0},"end":{"line":190,"column":30}},"191":{"start":{"line":192,"column":0},"end":{"line":192,"column":68}},"192":{"start":{"line":193,"column":0},"end":{"line":193,"column":18}},"193":{"start":{"line":194,"column":0},"end":{"line":194,"column":27}},"194":{"start":{"line":195,"column":0},"end":{"line":195,"column":3}},"196":{"start":{"line":197,"column":0},"end":{"line":197,"column":28}},"197":{"start":{"line":198,"column":0},"end":{"line":198,"column":68}},"198":{"start":{"line":199,"column":0},"end":{"line":199,"column":34}},"199":{"start":{"line":200,"column":0},"end":{"line":200,"column":34}},"200":{"start":{"line":201,"column":0},"end":{"line":201,"column":5}},"201":{"start":{"line":202,"column":0},"end":{"line":202,"column":3}},"203":{"start":{"line":204,"column":0},"end":{"line":204,"column":16}},"204":{"start":{"line":205,"column":0},"end":{"line":205,"column":1}}},"s":{"0":1,"1":1,"2":1,"12":1,"13":24,"14":4,"15":4,"17":24,"18":1,"19":1,"21":24,"22":1,"23":1,"25":24,"26":4,"27":4,"29":24,"30":3,"31":3,"33":24,"34":3,"35":3,"37":24,"38":3,"39":3,"41":24,"42":2,"43":2,"45":3,"46":3,"51":1,"52":10,"53":0,"54":0,"56":10,"57":1,"58":1,"60":10,"61":1,"62":1,"64":10,"65":5,"66":5,"68":3,"70":10,"71":0,"72":0,"74":10,"75":1,"76":1,"78":2,"79":2,"84":1,"85":0,"87":0,"88":0,"89":0,"91":0,"92":0,"97":1,"98":6,"99":4,"100":4,"102":2,"103":2,"109":1,"110":7,"111":3,"112":3,"114":7,"115":1,"116":1,"118":7,"119":1,"120":1,"122":2,"123":2,"128":1,"129":0,"130":0,"132":0,"133":0,"134":0,"135":0,"136":0,"137":0,"138":0,"139":0,"140":0,"141":0,"143":0,"144":0,"145":0,"147":0,"148":0,"149":0,"150":0,"151":0,"152":0,"153":0,"154":0,"155":0,"156":0,"157":0,"159":0,"160":0,"161":0,"166":0,"167":0,"169":0,"170":0,"171":0,"172":0,"173":0,"175":0,"176":0,"177":0,"178":0,"180":0,"181":0,"182":0,"183":0,"188":1,"189":0,"191":0,"192":0,"193":0,"194":0,"196":0,"197":0,"198":0,"199":0,"200":0,"201":0,"203":0,"204":0},"branchMap":{"0":{"type":"branch","line":13,"loc":{"start":{"line":13,"column":7},"end":{"line":47,"column":1}},"locations":[{"start":{"line":13,"column":7},"end":{"line":47,"column":1}}]},"1":{"type":"branch","line":14,"loc":{"start":{"line":14,"column":7},"end":{"line":14,"column":41}},"locations":[{"start":{"line":14,"column":7},"end":{"line":14,"column":41}}]},"2":{"type":"branch","line":14,"loc":{"start":{"line":14,"column":41},"end":{"line":16,"column":3}},"locations":[{"start":{"line":14,"column":41},"end":{"line":16,"column":3}}]},"3":{"type":"branch","line":16,"loc":{"start":{"line":16,"column":2},"end":{"line":18,"column":23}},"locations":[{"start":{"line":16,"column":2},"end":{"line":18,"column":23}}]},"4":{"type":"branch","line":18,"loc":{"start":{"line":18,"column":23},"end":{"line":20,"column":3}},"locations":[{"start":{"line":18,"column":23},"end":{"line":20,"column":3}}]},"5":{"type":"branch","line":20,"loc":{"start":{"line":20,"column":2},"end":{"line":22,"column":24}},"locations":[{"start":{"line":20,"column":2},"end":{"line":22,"column":24}}]},"6":{"type":"branch","line":22,"loc":{"start":{"line":22,"column":24},"end":{"line":24,"column":3}},"locations":[{"start":{"line":22,"column":24},"end":{"line":24,"column":3}}]},"7":{"type":"branch","line":24,"loc":{"start":{"line":24,"column":2},"end":{"line":26,"column":41}},"locations":[{"start":{"line":24,"column":2},"end":{"line":26,"column":41}}]},"8":{"type":"branch","line":26,"loc":{"start":{"line":26,"column":41},"end":{"line":28,"column":3}},"locations":[{"start":{"line":26,"column":41},"end":{"line":28,"column":3}}]},"9":{"type":"branch","line":28,"loc":{"start":{"line":28,"column":2},"end":{"line":30,"column":51}},"locations":[{"start":{"line":28,"column":2},"end":{"line":30,"column":51}}]},"10":{"type":"branch","line":30,"loc":{"start":{"line":30,"column":51},"end":{"line":32,"column":3}},"locations":[{"start":{"line":30,"column":51},"end":{"line":32,"column":3}}]},"11":{"type":"branch","line":32,"loc":{"start":{"line":32,"column":2},"end":{"line":34,"column":41}},"locations":[{"start":{"line":32,"column":2},"end":{"line":34,"column":41}}]},"12":{"type":"branch","line":34,"loc":{"start":{"line":34,"column":41},"end":{"line":36,"column":3}},"locations":[{"start":{"line":34,"column":41},"end":{"line":36,"column":3}}]},"13":{"type":"branch","line":36,"loc":{"start":{"line":36,"column":2},"end":{"line":38,"column":50}},"locations":[{"start":{"line":36,"column":2},"end":{"line":38,"column":50}}]},"14":{"type":"branch","line":38,"loc":{"start":{"line":38,"column":50},"end":{"line":40,"column":3}},"locations":[{"start":{"line":38,"column":50},"end":{"line":40,"column":3}}]},"15":{"type":"branch","line":40,"loc":{"start":{"line":40,"column":2},"end":{"line":42,"column":27}},"locations":[{"start":{"line":40,"column":2},"end":{"line":42,"column":27}}]},"16":{"type":"branch","line":42,"loc":{"start":{"line":42,"column":27},"end":{"line":44,"column":3}},"locations":[{"start":{"line":42,"column":27},"end":{"line":44,"column":3}}]},"17":{"type":"branch","line":44,"loc":{"start":{"line":44,"column":2},"end":{"line":47,"column":1}},"locations":[{"start":{"line":44,"column":2},"end":{"line":47,"column":1}}]},"18":{"type":"branch","line":52,"loc":{"start":{"line":52,"column":7},"end":{"line":80,"column":1}},"locations":[{"start":{"line":52,"column":7},"end":{"line":80,"column":1}}]},"19":{"type":"branch","line":53,"loc":{"start":{"line":53,"column":41},"end":{"line":55,"column":3}},"locations":[{"start":{"line":53,"column":41},"end":{"line":55,"column":3}}]},"20":{"type":"branch","line":57,"loc":{"start":{"line":57,"column":23},"end":{"line":59,"column":3}},"locations":[{"start":{"line":57,"column":23},"end":{"line":59,"column":3}}]},"21":{"type":"branch","line":59,"loc":{"start":{"line":59,"column":2},"end":{"line":61,"column":24}},"locations":[{"start":{"line":59,"column":2},"end":{"line":61,"column":24}}]},"22":{"type":"branch","line":61,"loc":{"start":{"line":61,"column":24},"end":{"line":63,"column":3}},"locations":[{"start":{"line":61,"column":24},"end":{"line":63,"column":3}}]},"23":{"type":"branch","line":63,"loc":{"start":{"line":63,"column":2},"end":{"line":65,"column":44}},"locations":[{"start":{"line":63,"column":2},"end":{"line":65,"column":44}}]},"24":{"type":"branch","line":65,"loc":{"start":{"line":65,"column":44},"end":{"line":67,"column":3}},"locations":[{"start":{"line":65,"column":44},"end":{"line":67,"column":3}}]},"25":{"type":"branch","line":67,"loc":{"start":{"line":67,"column":2},"end":{"line":71,"column":67}},"locations":[{"start":{"line":67,"column":2},"end":{"line":71,"column":67}}]},"26":{"type":"branch","line":71,"loc":{"start":{"line":71,"column":67},"end":{"line":73,"column":3}},"locations":[{"start":{"line":71,"column":67},"end":{"line":73,"column":3}}]},"27":{"type":"branch","line":73,"loc":{"start":{"line":73,"column":2},"end":{"line":75,"column":43}},"locations":[{"start":{"line":73,"column":2},"end":{"line":75,"column":43}}]},"28":{"type":"branch","line":75,"loc":{"start":{"line":75,"column":43},"end":{"line":77,"column":3}},"locations":[{"start":{"line":75,"column":43},"end":{"line":77,"column":3}}]},"29":{"type":"branch","line":77,"loc":{"start":{"line":77,"column":2},"end":{"line":80,"column":1}},"locations":[{"start":{"line":77,"column":2},"end":{"line":80,"column":1}}]},"30":{"type":"branch","line":98,"loc":{"start":{"line":98,"column":7},"end":{"line":104,"column":1}},"locations":[{"start":{"line":98,"column":7},"end":{"line":104,"column":1}}]},"31":{"type":"branch","line":99,"loc":{"start":{"line":99,"column":7},"end":{"line":99,"column":45}},"locations":[{"start":{"line":99,"column":7},"end":{"line":99,"column":45}}]},"32":{"type":"branch","line":99,"loc":{"start":{"line":99,"column":33},"end":{"line":99,"column":72}},"locations":[{"start":{"line":99,"column":33},"end":{"line":99,"column":72}}]},"33":{"type":"branch","line":99,"loc":{"start":{"line":99,"column":72},"end":{"line":101,"column":3}},"locations":[{"start":{"line":99,"column":72},"end":{"line":101,"column":3}}]},"34":{"type":"branch","line":101,"loc":{"start":{"line":101,"column":2},"end":{"line":104,"column":1}},"locations":[{"start":{"line":101,"column":2},"end":{"line":104,"column":1}}]},"35":{"type":"branch","line":110,"loc":{"start":{"line":110,"column":7},"end":{"line":124,"column":1}},"locations":[{"start":{"line":110,"column":7},"end":{"line":124,"column":1}}]},"36":{"type":"branch","line":111,"loc":{"start":{"line":111,"column":7},"end":{"line":111,"column":55}},"locations":[{"start":{"line":111,"column":7},"end":{"line":111,"column":55}}]},"37":{"type":"branch","line":111,"loc":{"start":{"line":111,"column":55},"end":{"line":113,"column":3}},"locations":[{"start":{"line":111,"column":55},"end":{"line":113,"column":3}}]},"38":{"type":"branch","line":113,"loc":{"start":{"line":113,"column":2},"end":{"line":115,"column":31}},"locations":[{"start":{"line":113,"column":2},"end":{"line":115,"column":31}}]},"39":{"type":"branch","line":115,"loc":{"start":{"line":115,"column":31},"end":{"line":117,"column":3}},"locations":[{"start":{"line":115,"column":31},"end":{"line":117,"column":3}}]},"40":{"type":"branch","line":117,"loc":{"start":{"line":117,"column":2},"end":{"line":119,"column":32}},"locations":[{"start":{"line":117,"column":2},"end":{"line":119,"column":32}}]},"41":{"type":"branch","line":119,"loc":{"start":{"line":119,"column":32},"end":{"line":121,"column":3}},"locations":[{"start":{"line":119,"column":32},"end":{"line":121,"column":3}}]},"42":{"type":"branch","line":121,"loc":{"start":{"line":121,"column":2},"end":{"line":124,"column":1}},"locations":[{"start":{"line":121,"column":2},"end":{"line":124,"column":1}}]}},"b":{"0":[24],"1":[21],"2":[4],"3":[20],"4":[1],"5":[19],"6":[1],"7":[18],"8":[4],"9":[14],"10":[3],"11":[11],"12":[3],"13":[8],"14":[3],"15":[5],"16":[2],"17":[3],"18":[10],"19":[0],"20":[1],"21":[9],"22":[1],"23":[8],"24":[5],"25":[3],"26":[0],"27":[3],"28":[1],"29":[2],"30":[6],"31":[3],"32":[3],"33":[4],"34":[2],"35":[7],"36":[4],"37":[3],"38":[4],"39":[1],"40":[3],"41":[1],"42":[2]},"fnMap":{"0":{"name":"validateComponentName","decl":{"start":{"line":13,"column":7},"end":{"line":47,"column":1}},"loc":{"start":{"line":13,"column":7},"end":{"line":47,"column":1}},"line":13},"1":{"name":"validateComposableName","decl":{"start":{"line":52,"column":7},"end":{"line":80,"column":1}},"loc":{"start":{"line":52,"column":7},"end":{"line":80,"column":1}},"line":52},"2":{"name":"validateFileExists","decl":{"start":{"line":85,"column":7},"end":{"line":93,"column":1}},"loc":{"start":{"line":85,"column":7},"end":{"line":93,"column":1}},"line":85},"3":{"name":"validateNotEmpty","decl":{"start":{"line":98,"column":7},"end":{"line":104,"column":1}},"loc":{"start":{"line":98,"column":7},"end":{"line":104,"column":1}},"line":98},"4":{"name":"validateDescription","decl":{"start":{"line":110,"column":7},"end":{"line":124,"column":1}},"loc":{"start":{"line":110,"column":7},"end":{"line":124,"column":1}},"line":110},"5":{"name":"createPathValidator","decl":{"start":{"line":129,"column":7},"end":{"line":162,"column":1}},"loc":{"start":{"line":129,"column":7},"end":{"line":162,"column":1}},"line":129},"6":{"name":"validateNameByType","decl":{"start":{"line":167,"column":0},"end":{"line":184,"column":1}},"loc":{"start":{"line":167,"column":0},"end":{"line":184,"column":1}},"line":167},"7":{"name":"validateGeneratorInput","decl":{"start":{"line":189,"column":7},"end":{"line":205,"column":1}},"loc":{"start":{"line":189,"column":7},"end":{"line":205,"column":1}},"line":189}},"f":{"0":24,"1":10,"2":0,"3":6,"4":7,"5":0,"6":0,"7":0}}
}
